[0.017s] Invoking command in '/home/tejas/Desktop/PendulumAss/assWS/build/custom_msgs': /usr/bin/cmake /home/tejas/Desktop/PendulumAss/assWS/src/pendulum-problems-ros2/custom_msgs -DCMAKE_INSTALL_PREFIX=/home/tejas/Desktop/PendulumAss/assWS/install/custom_msgs
[0.173s] -- Found ament_cmake: 0.9.12 (/opt/ros/foxy/share/ament_cmake/cmake)
[0.173s] -- Found PythonInterp: /usr/bin/python3 (found suitable version "3.8.10", minimum required is "3") 
[0.174s] -- Using PYTHON_EXECUTABLE: /usr/bin/python3
[0.222s] Traceback (most recent call last):
[0.222s]   File "/opt/ros/foxy/share/ament_cmake_core/cmake/package_templates/templates_2_cmake.py", line 21, in <module>
[0.222s]     from ament_package.templates import get_environment_hook_template_path
[0.223s] ModuleNotFoundError: No module named 'ament_package'
[0.254s] CMake Error at /opt/ros/foxy/share/ament_cmake_core/cmake/ament_cmake_package_templates-extras.cmake:41 (message):
[0.254s]   execute_process(/usr/bin/python3
[0.254s]   /opt/ros/foxy/share/ament_cmake_core/cmake/package_templates/templates_2_cmake.py
[0.255s]   /home/tejas/Desktop/PendulumAss/assWS/build/custom_msgs/ament_cmake_package_templates/templates.cmake)
[0.255s]   returned error code 1
[0.255s] Call Stack (most recent call first):
[0.255s]   /opt/ros/foxy/share/ament_cmake_core/cmake/ament_cmake_coreConfig.cmake:41 (include)
[0.255s]   /opt/ros/foxy/share/ament_cmake/cmake/ament_cmake_export_dependencies-extras.cmake:15 (find_package)
[0.255s]   /opt/ros/foxy/share/ament_cmake/cmake/ament_cmakeConfig.cmake:41 (include)
[0.255s]   CMakeLists.txt:19 (find_package)
[0.255s] 
[0.255s] 
[0.255s] -- Configuring incomplete, errors occurred!
[0.255s] See also "/home/tejas/Desktop/PendulumAss/assWS/build/custom_msgs/CMakeFiles/CMakeOutput.log".
[0.257s] Invoked command in '/home/tejas/Desktop/PendulumAss/assWS/build/custom_msgs' returned '1': /usr/bin/cmake /home/tejas/Desktop/PendulumAss/assWS/src/pendulum-problems-ros2/custom_msgs -DCMAKE_INSTALL_PREFIX=/home/tejas/Desktop/PendulumAss/assWS/install/custom_msgs
