[0.013s] Invoking command in '/home/tejas/Desktop/PendulumAss/assWS/build/custom_msgs': /usr/bin/cmake /home/tejas/Desktop/PendulumAss/assWS/src/pendulum-problems-ros2/custom_msgs -DCMAKE_INSTALL_PREFIX=/home/tejas/Desktop/PendulumAss/assWS/install/custom_msgs
[0.161s] -- The C compiler identification is GNU 9.4.0
[0.188s] -- The CXX compiler identification is GNU 9.4.0
[0.193s] -- Check for working C compiler: /usr/bin/cc
[0.260s] -- Check for working C compiler: /usr/bin/cc -- works
[0.261s] -- Detecting C compiler ABI info
[0.305s] -- Detecting C compiler ABI info - done
[0.313s] -- Detecting C compile features
[0.313s] -- Detecting C compile features - done
[0.316s] -- Check for working CXX compiler: /usr/bin/c++
[0.391s] -- Check for working CXX compiler: /usr/bin/c++ -- works
[0.391s] -- Detecting CXX compiler ABI info
[0.465s] -- Detecting CXX compiler ABI info - done
[0.473s] -- Detecting CXX compile features
[0.473s] -- Detecting CXX compile features - done
[0.481s] CMake Error at CMakeLists.txt:19 (find_package):
[0.481s]   By not providing "Findament_cmake.cmake" in CMAKE_MODULE_PATH this project
[0.481s]   has asked CMake to find a package configuration file provided by
[0.481s]   "ament_cmake", but CMake did not find one.
[0.481s] 
[0.481s]   Could not find a package configuration file provided by "ament_cmake" with
[0.481s]   any of the following names:
[0.481s] 
[0.482s]     ament_cmakeConfig.cmake
[0.482s]     ament_cmake-config.cmake
[0.482s] 
[0.482s]   Add the installation prefix of "ament_cmake" to CMAKE_PREFIX_PATH or set
[0.482s]   "ament_cmake_DIR" to a directory containing one of the above files.  If
[0.482s]   "ament_cmake" provides a separate development package or SDK, be sure it
[0.482s]   has been installed.
[0.482s] 
[0.482s] 
[0.482s] -- Configuring incomplete, errors occurred!
[0.482s] See also "/home/tejas/Desktop/PendulumAss/assWS/build/custom_msgs/CMakeFiles/CMakeOutput.log".
[0.485s] Invoked command in '/home/tejas/Desktop/PendulumAss/assWS/build/custom_msgs' returned '1': /usr/bin/cmake /home/tejas/Desktop/PendulumAss/assWS/src/pendulum-problems-ros2/custom_msgs -DCMAKE_INSTALL_PREFIX=/home/tejas/Desktop/PendulumAss/assWS/install/custom_msgs
