[0.128s] DEBUG:colcon:Command line arguments: ['/usr/bin/colcon', 'build', '--symlink-install']
[0.128s] DEBUG:colcon:Parsed command line arguments: Namespace(allow_overriding=[], ament_cmake_args=None, base_paths=['.'], build_base='build', catkin_cmake_args=None, catkin_skip_building_tests=False, cmake_args=None, cmake_clean_cache=False, cmake_clean_first=False, cmake_force_configure=False, cmake_target=None, cmake_target_skip_unavailable=False, continue_on_error=False, event_handlers=None, executor='parallel', ignore_user_meta=False, install_base='install', log_base=None, log_level=None, main=<bound method BuildVerb.main of <colcon_core.verb.build.BuildVerb object at 0x7fc9886da370>>, merge_install=False, metas=['./colcon.meta'], mixin=None, mixin_files=None, mixin_verb=('build',), packages_above=None, packages_above_and_dependencies=None, packages_above_depth=None, packages_end=None, packages_ignore=None, packages_ignore_regex=None, packages_select=None, packages_select_build_failed=False, packages_select_by_dep=None, packages_select_regex=None, packages_select_test_failures=False, packages_skip=None, packages_skip_build_finished=False, packages_skip_by_dep=None, packages_skip_regex=None, packages_skip_test_passed=False, packages_skip_up_to=None, packages_start=None, packages_up_to=None, packages_up_to_regex=None, parallel_workers=4, paths=None, symlink_install=True, test_result_base=None, verb_extension=<colcon_core.verb.build.BuildVerb object at 0x7fc9886da370>, verb_name='build', verb_parser=<colcon_mixin.mixin.mixin_argument.MixinArgumentDecorator object at 0x7fc9886335e0>)
[0.225s] Level 1:colcon.colcon_core.package_discovery:discover_packages(colcon_meta) check parameters
[0.225s] Level 1:colcon.colcon_core.package_discovery:discover_packages(recursive) check parameters
[0.225s] Level 1:colcon.colcon_core.package_discovery:discover_packages(ignore) check parameters
[0.225s] Level 1:colcon.colcon_core.package_discovery:discover_packages(path) check parameters
[0.225s] Level 1:colcon.colcon_core.package_discovery:discover_packages(colcon_meta) discover
[0.225s] Level 1:colcon.colcon_core.package_discovery:discover_packages(recursive) discover
[0.225s] INFO:colcon.colcon_core.package_discovery:Crawling recursively for packages in '/home/tejas/Desktop/PendulumAss/assWS'
[0.225s] Level 1:colcon.colcon_core.package_identification:_identify(.) by extensions ['ignore', 'ignore_ament_install']
[0.225s] Level 1:colcon.colcon_core.package_identification:_identify(.) by extension 'ignore'
[0.225s] Level 1:colcon.colcon_core.package_identification:_identify(.) by extension 'ignore_ament_install'
[0.225s] Level 1:colcon.colcon_core.package_identification:_identify(.) by extensions ['colcon_pkg']
[0.225s] Level 1:colcon.colcon_core.package_identification:_identify(.) by extension 'colcon_pkg'
[0.225s] Level 1:colcon.colcon_core.package_identification:_identify(.) by extensions ['colcon_meta']
[0.225s] Level 1:colcon.colcon_core.package_identification:_identify(.) by extension 'colcon_meta'
[0.225s] Level 1:colcon.colcon_core.package_identification:_identify(.) by extensions ['ros']
[0.225s] Level 1:colcon.colcon_core.package_identification:_identify(.) by extension 'ros'
[0.233s] Level 1:colcon.colcon_core.package_identification:_identify(.) by extensions ['cmake', 'python']
[0.233s] Level 1:colcon.colcon_core.package_identification:_identify(.) by extension 'cmake'
[0.233s] Level 1:colcon.colcon_core.package_identification:_identify(.) by extension 'python'
[0.233s] Level 1:colcon.colcon_core.package_identification:_identify(.) by extensions ['python_setup_py']
[0.233s] Level 1:colcon.colcon_core.package_identification:_identify(.) by extension 'python_setup_py'
[0.234s] Level 1:colcon.colcon_core.package_identification:_identify(build) by extensions ['ignore', 'ignore_ament_install']
[0.234s] Level 1:colcon.colcon_core.package_identification:_identify(build) by extension 'ignore'
[0.234s] Level 1:colcon.colcon_core.package_identification:_identify(build) ignored
[0.234s] Level 1:colcon.colcon_core.package_identification:_identify(install) by extensions ['ignore', 'ignore_ament_install']
[0.234s] Level 1:colcon.colcon_core.package_identification:_identify(install) by extension 'ignore'
[0.234s] Level 1:colcon.colcon_core.package_identification:_identify(install) ignored
[0.234s] Level 1:colcon.colcon_core.package_identification:_identify(log) by extensions ['ignore', 'ignore_ament_install']
[0.234s] Level 1:colcon.colcon_core.package_identification:_identify(log) by extension 'ignore'
[0.234s] Level 1:colcon.colcon_core.package_identification:_identify(log) ignored
[0.234s] Level 1:colcon.colcon_core.package_identification:_identify(src) by extensions ['ignore', 'ignore_ament_install']
[0.234s] Level 1:colcon.colcon_core.package_identification:_identify(src) by extension 'ignore'
[0.234s] Level 1:colcon.colcon_core.package_identification:_identify(src) by extension 'ignore_ament_install'
[0.234s] Level 1:colcon.colcon_core.package_identification:_identify(src) by extensions ['colcon_pkg']
[0.234s] Level 1:colcon.colcon_core.package_identification:_identify(src) by extension 'colcon_pkg'
[0.234s] Level 1:colcon.colcon_core.package_identification:_identify(src) by extensions ['colcon_meta']
[0.234s] Level 1:colcon.colcon_core.package_identification:_identify(src) by extension 'colcon_meta'
[0.234s] Level 1:colcon.colcon_core.package_identification:_identify(src) by extensions ['ros']
[0.234s] Level 1:colcon.colcon_core.package_identification:_identify(src) by extension 'ros'
[0.234s] Level 1:colcon.colcon_core.package_identification:_identify(src) by extensions ['cmake', 'python']
[0.234s] Level 1:colcon.colcon_core.package_identification:_identify(src) by extension 'cmake'
[0.234s] Level 1:colcon.colcon_core.package_identification:_identify(src) by extension 'python'
[0.234s] Level 1:colcon.colcon_core.package_identification:_identify(src) by extensions ['python_setup_py']
[0.234s] Level 1:colcon.colcon_core.package_identification:_identify(src) by extension 'python_setup_py'
[0.234s] Level 1:colcon.colcon_core.package_identification:_identify(src/DoubleInverted) by extensions ['ignore', 'ignore_ament_install']
[0.234s] Level 1:colcon.colcon_core.package_identification:_identify(src/DoubleInverted) by extension 'ignore'
[0.234s] Level 1:colcon.colcon_core.package_identification:_identify(src/DoubleInverted) by extension 'ignore_ament_install'
[0.234s] Level 1:colcon.colcon_core.package_identification:_identify(src/DoubleInverted) by extensions ['colcon_pkg']
[0.235s] Level 1:colcon.colcon_core.package_identification:_identify(src/DoubleInverted) by extension 'colcon_pkg'
[0.235s] Level 1:colcon.colcon_core.package_identification:_identify(src/DoubleInverted) by extensions ['colcon_meta']
[0.235s] Level 1:colcon.colcon_core.package_identification:_identify(src/DoubleInverted) by extension 'colcon_meta'
[0.235s] Level 1:colcon.colcon_core.package_identification:_identify(src/DoubleInverted) by extensions ['ros']
[0.235s] Level 1:colcon.colcon_core.package_identification:_identify(src/DoubleInverted) by extension 'ros'
[0.235s] Level 1:colcon.colcon_core.package_identification:_identify(src/DoubleInverted) by extensions ['cmake', 'python']
[0.235s] Level 1:colcon.colcon_core.package_identification:_identify(src/DoubleInverted) by extension 'cmake'
[0.235s] Level 1:colcon.colcon_core.package_identification:_identify(src/DoubleInverted) by extension 'python'
[0.235s] Level 1:colcon.colcon_core.package_identification:_identify(src/DoubleInverted) by extensions ['python_setup_py']
[0.235s] Level 1:colcon.colcon_core.package_identification:_identify(src/DoubleInverted) by extension 'python_setup_py'
[0.235s] Level 1:colcon.colcon_core.package_identification:_identify(src/DoubleInverted/doubleInvertedPendulum) by extensions ['ignore', 'ignore_ament_install']
[0.235s] Level 1:colcon.colcon_core.package_identification:_identify(src/DoubleInverted/doubleInvertedPendulum) by extension 'ignore'
[0.235s] Level 1:colcon.colcon_core.package_identification:_identify(src/DoubleInverted/doubleInvertedPendulum) by extension 'ignore_ament_install'
[0.235s] Level 1:colcon.colcon_core.package_identification:_identify(src/DoubleInverted/doubleInvertedPendulum) by extensions ['colcon_pkg']
[0.235s] Level 1:colcon.colcon_core.package_identification:_identify(src/DoubleInverted/doubleInvertedPendulum) by extension 'colcon_pkg'
[0.235s] Level 1:colcon.colcon_core.package_identification:_identify(src/DoubleInverted/doubleInvertedPendulum) by extensions ['colcon_meta']
[0.235s] Level 1:colcon.colcon_core.package_identification:_identify(src/DoubleInverted/doubleInvertedPendulum) by extension 'colcon_meta'
[0.235s] Level 1:colcon.colcon_core.package_identification:_identify(src/DoubleInverted/doubleInvertedPendulum) by extensions ['ros']
[0.235s] Level 1:colcon.colcon_core.package_identification:_identify(src/DoubleInverted/doubleInvertedPendulum) by extension 'ros'
[0.237s] DEBUG:colcon.colcon_core.package_identification:Package 'src/DoubleInverted/doubleInvertedPendulum' with type 'ros.ament_python' and name 'doubleInvertedPendulum'
[0.237s] Level 1:colcon.colcon_core.package_identification:_identify(src/pendulum-problems-ros2) by extensions ['ignore', 'ignore_ament_install']
[0.237s] Level 1:colcon.colcon_core.package_identification:_identify(src/pendulum-problems-ros2) by extension 'ignore'
[0.237s] Level 1:colcon.colcon_core.package_identification:_identify(src/pendulum-problems-ros2) by extension 'ignore_ament_install'
[0.237s] Level 1:colcon.colcon_core.package_identification:_identify(src/pendulum-problems-ros2) by extensions ['colcon_pkg']
[0.237s] Level 1:colcon.colcon_core.package_identification:_identify(src/pendulum-problems-ros2) by extension 'colcon_pkg'
[0.237s] Level 1:colcon.colcon_core.package_identification:_identify(src/pendulum-problems-ros2) by extensions ['colcon_meta']
[0.237s] Level 1:colcon.colcon_core.package_identification:_identify(src/pendulum-problems-ros2) by extension 'colcon_meta'
[0.237s] Level 1:colcon.colcon_core.package_identification:_identify(src/pendulum-problems-ros2) by extensions ['ros']
[0.237s] Level 1:colcon.colcon_core.package_identification:_identify(src/pendulum-problems-ros2) by extension 'ros'
[0.237s] Level 1:colcon.colcon_core.package_identification:_identify(src/pendulum-problems-ros2) by extensions ['cmake', 'python']
[0.237s] Level 1:colcon.colcon_core.package_identification:_identify(src/pendulum-problems-ros2) by extension 'cmake'
[0.237s] Level 1:colcon.colcon_core.package_identification:_identify(src/pendulum-problems-ros2) by extension 'python'
[0.237s] Level 1:colcon.colcon_core.package_identification:_identify(src/pendulum-problems-ros2) by extensions ['python_setup_py']
[0.237s] Level 1:colcon.colcon_core.package_identification:_identify(src/pendulum-problems-ros2) by extension 'python_setup_py'
[0.238s] Level 1:colcon.colcon_core.package_identification:_identify(src/pendulum-problems-ros2/build) by extensions ['ignore', 'ignore_ament_install']
[0.238s] Level 1:colcon.colcon_core.package_identification:_identify(src/pendulum-problems-ros2/build) by extension 'ignore'
[0.238s] Level 1:colcon.colcon_core.package_identification:_identify(src/pendulum-problems-ros2/build) ignored
[0.238s] Level 1:colcon.colcon_core.package_identification:_identify(src/pendulum-problems-ros2/custom_msgs) by extensions ['ignore', 'ignore_ament_install']
[0.238s] Level 1:colcon.colcon_core.package_identification:_identify(src/pendulum-problems-ros2/custom_msgs) by extension 'ignore'
[0.238s] Level 1:colcon.colcon_core.package_identification:_identify(src/pendulum-problems-ros2/custom_msgs) by extension 'ignore_ament_install'
[0.238s] Level 1:colcon.colcon_core.package_identification:_identify(src/pendulum-problems-ros2/custom_msgs) by extensions ['colcon_pkg']
[0.238s] Level 1:colcon.colcon_core.package_identification:_identify(src/pendulum-problems-ros2/custom_msgs) by extension 'colcon_pkg'
[0.238s] Level 1:colcon.colcon_core.package_identification:_identify(src/pendulum-problems-ros2/custom_msgs) by extensions ['colcon_meta']
[0.238s] Level 1:colcon.colcon_core.package_identification:_identify(src/pendulum-problems-ros2/custom_msgs) by extension 'colcon_meta'
[0.238s] Level 1:colcon.colcon_core.package_identification:_identify(src/pendulum-problems-ros2/custom_msgs) by extensions ['ros']
[0.238s] Level 1:colcon.colcon_core.package_identification:_identify(src/pendulum-problems-ros2/custom_msgs) by extension 'ros'
[0.238s] DEBUG:colcon.colcon_core.package_identification:Package 'src/pendulum-problems-ros2/custom_msgs' with type 'ros.ament_cmake' and name 'custom_msgs'
[0.238s] Level 1:colcon.colcon_core.package_identification:_identify(src/pendulum-problems-ros2/install) by extensions ['ignore', 'ignore_ament_install']
[0.238s] Level 1:colcon.colcon_core.package_identification:_identify(src/pendulum-problems-ros2/install) by extension 'ignore'
[0.238s] Level 1:colcon.colcon_core.package_identification:_identify(src/pendulum-problems-ros2/install) ignored
[0.238s] Level 1:colcon.colcon_core.package_identification:_identify(src/pendulum-problems-ros2/log) by extensions ['ignore', 'ignore_ament_install']
[0.239s] Level 1:colcon.colcon_core.package_identification:_identify(src/pendulum-problems-ros2/log) by extension 'ignore'
[0.239s] Level 1:colcon.colcon_core.package_identification:_identify(src/pendulum-problems-ros2/log) ignored
[0.239s] Level 1:colcon.colcon_core.package_identification:_identify(src/pendulum-problems-ros2/single_inverted) by extensions ['ignore', 'ignore_ament_install']
[0.239s] Level 1:colcon.colcon_core.package_identification:_identify(src/pendulum-problems-ros2/single_inverted) by extension 'ignore'
[0.239s] Level 1:colcon.colcon_core.package_identification:_identify(src/pendulum-problems-ros2/single_inverted) by extension 'ignore_ament_install'
[0.239s] Level 1:colcon.colcon_core.package_identification:_identify(src/pendulum-problems-ros2/single_inverted) by extensions ['colcon_pkg']
[0.239s] Level 1:colcon.colcon_core.package_identification:_identify(src/pendulum-problems-ros2/single_inverted) by extension 'colcon_pkg'
[0.239s] Level 1:colcon.colcon_core.package_identification:_identify(src/pendulum-problems-ros2/single_inverted) by extensions ['colcon_meta']
[0.239s] Level 1:colcon.colcon_core.package_identification:_identify(src/pendulum-problems-ros2/single_inverted) by extension 'colcon_meta'
[0.239s] Level 1:colcon.colcon_core.package_identification:_identify(src/pendulum-problems-ros2/single_inverted) by extensions ['ros']
[0.239s] Level 1:colcon.colcon_core.package_identification:_identify(src/pendulum-problems-ros2/single_inverted) by extension 'ros'
[0.239s] DEBUG:colcon.colcon_core.package_identification:Package 'src/pendulum-problems-ros2/single_inverted' with type 'ros.ament_python' and name 'single_inverted'
[0.239s] Level 1:colcon.colcon_core.package_identification:_identify(src/pendulum-problems-ros2/videos) by extensions ['ignore', 'ignore_ament_install']
[0.239s] Level 1:colcon.colcon_core.package_identification:_identify(src/pendulum-problems-ros2/videos) by extension 'ignore'
[0.239s] Level 1:colcon.colcon_core.package_identification:_identify(src/pendulum-problems-ros2/videos) by extension 'ignore_ament_install'
[0.239s] Level 1:colcon.colcon_core.package_identification:_identify(src/pendulum-problems-ros2/videos) by extensions ['colcon_pkg']
[0.239s] Level 1:colcon.colcon_core.package_identification:_identify(src/pendulum-problems-ros2/videos) by extension 'colcon_pkg'
[0.239s] Level 1:colcon.colcon_core.package_identification:_identify(src/pendulum-problems-ros2/videos) by extensions ['colcon_meta']
[0.239s] Level 1:colcon.colcon_core.package_identification:_identify(src/pendulum-problems-ros2/videos) by extension 'colcon_meta'
[0.239s] Level 1:colcon.colcon_core.package_identification:_identify(src/pendulum-problems-ros2/videos) by extensions ['ros']
[0.239s] Level 1:colcon.colcon_core.package_identification:_identify(src/pendulum-problems-ros2/videos) by extension 'ros'
[0.240s] Level 1:colcon.colcon_core.package_identification:_identify(src/pendulum-problems-ros2/videos) by extensions ['cmake', 'python']
[0.240s] Level 1:colcon.colcon_core.package_identification:_identify(src/pendulum-problems-ros2/videos) by extension 'cmake'
[0.240s] Level 1:colcon.colcon_core.package_identification:_identify(src/pendulum-problems-ros2/videos) by extension 'python'
[0.240s] Level 1:colcon.colcon_core.package_identification:_identify(src/pendulum-problems-ros2/videos) by extensions ['python_setup_py']
[0.240s] Level 1:colcon.colcon_core.package_identification:_identify(src/pendulum-problems-ros2/videos) by extension 'python_setup_py'
[0.240s] Level 1:colcon.colcon_core.package_discovery:discover_packages(recursive) using defaults
[0.240s] Level 1:colcon.colcon_core.package_discovery:discover_packages(ignore) discover
[0.240s] Level 1:colcon.colcon_core.package_discovery:discover_packages(ignore) using defaults
[0.240s] Level 1:colcon.colcon_core.package_discovery:discover_packages(path) discover
[0.240s] Level 1:colcon.colcon_core.package_discovery:discover_packages(path) using defaults
[0.252s] Level 1:colcon.colcon_core.package_discovery:discover_packages(prefix_path) check parameters
[0.252s] Level 1:colcon.colcon_core.package_discovery:discover_packages(prefix_path) discover
[0.253s] DEBUG:colcon.colcon_installed_package_information.package_discovery:Found 4 installed packages in /home/tejas/Desktop/PendulumAss/assWS/install
[0.254s] DEBUG:colcon.colcon_installed_package_information.package_discovery:Found 256 installed packages in /opt/ros/foxy
[0.256s] Level 1:colcon.colcon_core.package_discovery:discover_packages(prefix_path) using defaults
[0.304s] Level 5:colcon.colcon_core.verb:set package 'custom_msgs' build argument 'cmake_args' from command line to 'None'
[0.304s] Level 5:colcon.colcon_core.verb:set package 'custom_msgs' build argument 'cmake_target' from command line to 'None'
[0.304s] Level 5:colcon.colcon_core.verb:set package 'custom_msgs' build argument 'cmake_target_skip_unavailable' from command line to 'False'
[0.304s] Level 5:colcon.colcon_core.verb:set package 'custom_msgs' build argument 'cmake_clean_cache' from command line to 'False'
[0.304s] Level 5:colcon.colcon_core.verb:set package 'custom_msgs' build argument 'cmake_clean_first' from command line to 'False'
[0.304s] Level 5:colcon.colcon_core.verb:set package 'custom_msgs' build argument 'cmake_force_configure' from command line to 'False'
[0.304s] Level 5:colcon.colcon_core.verb:set package 'custom_msgs' build argument 'ament_cmake_args' from command line to 'None'
[0.304s] Level 5:colcon.colcon_core.verb:set package 'custom_msgs' build argument 'catkin_cmake_args' from command line to 'None'
[0.304s] Level 5:colcon.colcon_core.verb:set package 'custom_msgs' build argument 'catkin_skip_building_tests' from command line to 'False'
[0.304s] DEBUG:colcon.colcon_core.verb:Building package 'custom_msgs' with the following arguments: {'ament_cmake_args': None, 'build_base': '/home/tejas/Desktop/PendulumAss/assWS/build/custom_msgs', 'catkin_cmake_args': None, 'catkin_skip_building_tests': False, 'cmake_args': None, 'cmake_clean_cache': False, 'cmake_clean_first': False, 'cmake_force_configure': False, 'cmake_target': None, 'cmake_target_skip_unavailable': False, 'install_base': '/home/tejas/Desktop/PendulumAss/assWS/install/custom_msgs', 'merge_install': False, 'path': '/home/tejas/Desktop/PendulumAss/assWS/src/pendulum-problems-ros2/custom_msgs', 'symlink_install': True, 'test_result_base': None}
[0.304s] Level 5:colcon.colcon_core.verb:set package 'doubleInvertedPendulum' build argument 'cmake_args' from command line to 'None'
[0.304s] Level 5:colcon.colcon_core.verb:set package 'doubleInvertedPendulum' build argument 'cmake_target' from command line to 'None'
[0.304s] Level 5:colcon.colcon_core.verb:set package 'doubleInvertedPendulum' build argument 'cmake_target_skip_unavailable' from command line to 'False'
[0.304s] Level 5:colcon.colcon_core.verb:set package 'doubleInvertedPendulum' build argument 'cmake_clean_cache' from command line to 'False'
[0.304s] Level 5:colcon.colcon_core.verb:set package 'doubleInvertedPendulum' build argument 'cmake_clean_first' from command line to 'False'
[0.304s] Level 5:colcon.colcon_core.verb:set package 'doubleInvertedPendulum' build argument 'cmake_force_configure' from command line to 'False'
[0.304s] Level 5:colcon.colcon_core.verb:set package 'doubleInvertedPendulum' build argument 'ament_cmake_args' from command line to 'None'
[0.304s] Level 5:colcon.colcon_core.verb:set package 'doubleInvertedPendulum' build argument 'catkin_cmake_args' from command line to 'None'
[0.304s] Level 5:colcon.colcon_core.verb:set package 'doubleInvertedPendulum' build argument 'catkin_skip_building_tests' from command line to 'False'
[0.304s] DEBUG:colcon.colcon_core.verb:Building package 'doubleInvertedPendulum' with the following arguments: {'ament_cmake_args': None, 'build_base': '/home/tejas/Desktop/PendulumAss/assWS/build/doubleInvertedPendulum', 'catkin_cmake_args': None, 'catkin_skip_building_tests': False, 'cmake_args': None, 'cmake_clean_cache': False, 'cmake_clean_first': False, 'cmake_force_configure': False, 'cmake_target': None, 'cmake_target_skip_unavailable': False, 'install_base': '/home/tejas/Desktop/PendulumAss/assWS/install/doubleInvertedPendulum', 'merge_install': False, 'path': '/home/tejas/Desktop/PendulumAss/assWS/src/DoubleInverted/doubleInvertedPendulum', 'symlink_install': True, 'test_result_base': None}
[0.304s] Level 5:colcon.colcon_core.verb:set package 'single_inverted' build argument 'cmake_args' from command line to 'None'
[0.304s] Level 5:colcon.colcon_core.verb:set package 'single_inverted' build argument 'cmake_target' from command line to 'None'
[0.304s] Level 5:colcon.colcon_core.verb:set package 'single_inverted' build argument 'cmake_target_skip_unavailable' from command line to 'False'
[0.305s] Level 5:colcon.colcon_core.verb:set package 'single_inverted' build argument 'cmake_clean_cache' from command line to 'False'
[0.305s] Level 5:colcon.colcon_core.verb:set package 'single_inverted' build argument 'cmake_clean_first' from command line to 'False'
[0.305s] Level 5:colcon.colcon_core.verb:set package 'single_inverted' build argument 'cmake_force_configure' from command line to 'False'
[0.305s] Level 5:colcon.colcon_core.verb:set package 'single_inverted' build argument 'ament_cmake_args' from command line to 'None'
[0.305s] Level 5:colcon.colcon_core.verb:set package 'single_inverted' build argument 'catkin_cmake_args' from command line to 'None'
[0.305s] Level 5:colcon.colcon_core.verb:set package 'single_inverted' build argument 'catkin_skip_building_tests' from command line to 'False'
[0.305s] DEBUG:colcon.colcon_core.verb:Building package 'single_inverted' with the following arguments: {'ament_cmake_args': None, 'build_base': '/home/tejas/Desktop/PendulumAss/assWS/build/single_inverted', 'catkin_cmake_args': None, 'catkin_skip_building_tests': False, 'cmake_args': None, 'cmake_clean_cache': False, 'cmake_clean_first': False, 'cmake_force_configure': False, 'cmake_target': None, 'cmake_target_skip_unavailable': False, 'install_base': '/home/tejas/Desktop/PendulumAss/assWS/install/single_inverted', 'merge_install': False, 'path': '/home/tejas/Desktop/PendulumAss/assWS/src/pendulum-problems-ros2/single_inverted', 'symlink_install': True, 'test_result_base': None}
[0.305s] INFO:colcon.colcon_core.executor:Executing jobs using 'parallel' executor
[0.306s] DEBUG:colcon.colcon_parallel_executor.executor.parallel:run_until_complete
[0.306s] INFO:colcon.colcon_ros.task.ament_cmake.build:Building ROS package in '/home/tejas/Desktop/PendulumAss/assWS/src/pendulum-problems-ros2/custom_msgs' with build type 'ament_cmake'
[0.306s] INFO:colcon.colcon_cmake.task.cmake.build:Building CMake package in '/home/tejas/Desktop/PendulumAss/assWS/src/pendulum-problems-ros2/custom_msgs'
[0.307s] INFO:colcon.colcon_core.plugin_system:Skipping extension 'colcon_core.shell.bat': Not used on non-Windows systems
[0.308s] INFO:colcon.colcon_core.shell:Skip shell extension 'powershell' for command environment: Not usable outside of PowerShell
[0.308s] DEBUG:colcon.colcon_core.shell:Skip shell extension 'dsv' for command environment
[0.311s] INFO:colcon.colcon_ros.task.ament_python.build:Building ROS package in '/home/tejas/Desktop/PendulumAss/assWS/src/DoubleInverted/doubleInvertedPendulum' with build type 'ament_python'
[0.312s] Level 1:colcon.colcon_core.shell:create_environment_hook('doubleInvertedPendulum', 'ament_prefix_path')
[0.312s] INFO:colcon.colcon_core.shell:Creating environment hook '/home/tejas/Desktop/PendulumAss/assWS/install/doubleInvertedPendulum/share/doubleInvertedPendulum/hook/ament_prefix_path.ps1'
[0.313s] INFO:colcon.colcon_core.shell:Creating environment descriptor '/home/tejas/Desktop/PendulumAss/assWS/install/doubleInvertedPendulum/share/doubleInvertedPendulum/hook/ament_prefix_path.dsv'
[0.313s] INFO:colcon.colcon_core.shell:Creating environment hook '/home/tejas/Desktop/PendulumAss/assWS/install/doubleInvertedPendulum/share/doubleInvertedPendulum/hook/ament_prefix_path.sh'
[0.314s] INFO:colcon.colcon_core.shell:Skip shell extension 'powershell' for command environment: Not usable outside of PowerShell
[0.314s] DEBUG:colcon.colcon_core.shell:Skip shell extension 'dsv' for command environment
[0.318s] INFO:colcon.colcon_ros.task.ament_python.build:Building ROS package in '/home/tejas/Desktop/PendulumAss/assWS/src/pendulum-problems-ros2/single_inverted' with build type 'ament_python'
[0.318s] Level 1:colcon.colcon_core.shell:create_environment_hook('single_inverted', 'ament_prefix_path')
[0.319s] INFO:colcon.colcon_core.shell:Creating environment hook '/home/tejas/Desktop/PendulumAss/assWS/install/single_inverted/share/single_inverted/hook/ament_prefix_path.ps1'
[0.320s] INFO:colcon.colcon_core.shell:Creating environment descriptor '/home/tejas/Desktop/PendulumAss/assWS/install/single_inverted/share/single_inverted/hook/ament_prefix_path.dsv'
[0.320s] INFO:colcon.colcon_core.shell:Creating environment hook '/home/tejas/Desktop/PendulumAss/assWS/install/single_inverted/share/single_inverted/hook/ament_prefix_path.sh'
[0.321s] INFO:colcon.colcon_core.shell:Skip shell extension 'powershell' for command environment: Not usable outside of PowerShell
[0.321s] DEBUG:colcon.colcon_core.shell:Skip shell extension 'dsv' for command environment
[0.336s] DEBUG:colcon.colcon_core.event_handler.log_command:Invoking command in '/home/tejas/Desktop/PendulumAss/assWS/build/custom_msgs': CMAKE_PREFIX_PATH=/home/tejas/Desktop/PendulumAss/assWS/install/single_inverted:/home/tejas/Desktop/PendulumAss/assWS/install/doubleInvertedPendulum:/home/tejas/Desktop/PendulumAss/assWS/install/custom_msgs:/opt/ros/foxy /usr/bin/cmake --build /home/tejas/Desktop/PendulumAss/assWS/build/custom_msgs -- -j4 -l4
[0.558s] INFO:colcon.colcon_core.task.python.build:Building Python package in '/home/tejas/Desktop/PendulumAss/assWS/src/DoubleInverted/doubleInvertedPendulum'
[0.559s] INFO:colcon.colcon_core.shell:Skip shell extension 'powershell' for command environment: Not usable outside of PowerShell
[0.559s] DEBUG:colcon.colcon_core.shell:Skip shell extension 'dsv' for command environment
[0.716s] INFO:colcon.colcon_core.task.python.build:Building Python package in '/home/tejas/Desktop/PendulumAss/assWS/src/pendulum-problems-ros2/single_inverted'
[0.716s] INFO:colcon.colcon_core.shell:Skip shell extension 'powershell' for command environment: Not usable outside of PowerShell
[0.716s] DEBUG:colcon.colcon_core.shell:Skip shell extension 'dsv' for command environment
[0.723s] DEBUG:colcon.colcon_core.event_handler.log_command:Invoked command in '/home/tejas/Desktop/PendulumAss/assWS/build/custom_msgs' returned '0': CMAKE_PREFIX_PATH=/home/tejas/Desktop/PendulumAss/assWS/install/single_inverted:/home/tejas/Desktop/PendulumAss/assWS/install/doubleInvertedPendulum:/home/tejas/Desktop/PendulumAss/assWS/install/custom_msgs:/opt/ros/foxy /usr/bin/cmake --build /home/tejas/Desktop/PendulumAss/assWS/build/custom_msgs -- -j4 -l4
[0.806s] DEBUG:colcon.colcon_core.event_handler.log_command:Invoking command in '/home/tejas/Desktop/PendulumAss/assWS/build/custom_msgs': CMAKE_PREFIX_PATH=/home/tejas/Desktop/PendulumAss/assWS/install/single_inverted:/home/tejas/Desktop/PendulumAss/assWS/install/doubleInvertedPendulum:/home/tejas/Desktop/PendulumAss/assWS/install/custom_msgs:/opt/ros/foxy /usr/bin/cmake --install /home/tejas/Desktop/PendulumAss/assWS/build/custom_msgs
[0.905s] Level 1:colcon.colcon_core.environment:create_environment_scripts_only(custom_msgs)
[0.906s] DEBUG:colcon.colcon_core.event_handler.log_command:Invoked command in '/home/tejas/Desktop/PendulumAss/assWS/build/custom_msgs' returned '0': CMAKE_PREFIX_PATH=/home/tejas/Desktop/PendulumAss/assWS/install/single_inverted:/home/tejas/Desktop/PendulumAss/assWS/install/doubleInvertedPendulum:/home/tejas/Desktop/PendulumAss/assWS/install/custom_msgs:/opt/ros/foxy /usr/bin/cmake --install /home/tejas/Desktop/PendulumAss/assWS/build/custom_msgs
[0.909s] Level 1:colcon.colcon_core.environment:checking '/home/tejas/Desktop/PendulumAss/assWS/install/custom_msgs' for CMake module files
[0.910s] Level 1:colcon.colcon_core.environment:checking '/home/tejas/Desktop/PendulumAss/assWS/install/custom_msgs' for CMake config files
[0.910s] Level 1:colcon.colcon_core.shell:create_environment_hook('custom_msgs', 'cmake_prefix_path')
[0.910s] INFO:colcon.colcon_core.shell:Creating environment hook '/home/tejas/Desktop/PendulumAss/assWS/install/custom_msgs/share/custom_msgs/hook/cmake_prefix_path.ps1'
[0.911s] INFO:colcon.colcon_core.shell:Creating environment descriptor '/home/tejas/Desktop/PendulumAss/assWS/install/custom_msgs/share/custom_msgs/hook/cmake_prefix_path.dsv'
[0.911s] INFO:colcon.colcon_core.shell:Creating environment hook '/home/tejas/Desktop/PendulumAss/assWS/install/custom_msgs/share/custom_msgs/hook/cmake_prefix_path.sh'
[0.912s] Level 1:colcon.colcon_core.environment:checking '/home/tejas/Desktop/PendulumAss/assWS/install/custom_msgs/lib'
[0.912s] Level 1:colcon.colcon_core.shell:create_environment_hook('custom_msgs', 'ld_library_path_lib')
[0.912s] INFO:colcon.colcon_core.shell:Creating environment hook '/home/tejas/Desktop/PendulumAss/assWS/install/custom_msgs/share/custom_msgs/hook/ld_library_path_lib.ps1'
[0.913s] INFO:colcon.colcon_core.shell:Creating environment descriptor '/home/tejas/Desktop/PendulumAss/assWS/install/custom_msgs/share/custom_msgs/hook/ld_library_path_lib.dsv'
[0.913s] INFO:colcon.colcon_core.shell:Creating environment hook '/home/tejas/Desktop/PendulumAss/assWS/install/custom_msgs/share/custom_msgs/hook/ld_library_path_lib.sh'
[0.914s] Level 1:colcon.colcon_core.environment:checking '/home/tejas/Desktop/PendulumAss/assWS/install/custom_msgs/bin'
[0.914s] Level 1:colcon.colcon_core.environment:checking '/home/tejas/Desktop/PendulumAss/assWS/install/custom_msgs/lib/pkgconfig/custom_msgs.pc'
[0.914s] Level 1:colcon.colcon_core.environment:checking '/home/tejas/Desktop/PendulumAss/assWS/install/custom_msgs/lib/python3.8/site-packages'
[0.914s] Level 1:colcon.colcon_core.shell:create_environment_hook('custom_msgs', 'pythonpath')
[0.914s] INFO:colcon.colcon_core.shell:Creating environment hook '/home/tejas/Desktop/PendulumAss/assWS/install/custom_msgs/share/custom_msgs/hook/pythonpath.ps1'
[0.915s] INFO:colcon.colcon_core.shell:Creating environment descriptor '/home/tejas/Desktop/PendulumAss/assWS/install/custom_msgs/share/custom_msgs/hook/pythonpath.dsv'
[0.915s] INFO:colcon.colcon_core.shell:Creating environment hook '/home/tejas/Desktop/PendulumAss/assWS/install/custom_msgs/share/custom_msgs/hook/pythonpath.sh'
[0.915s] Level 1:colcon.colcon_core.environment:checking '/home/tejas/Desktop/PendulumAss/assWS/install/custom_msgs/bin'
[0.916s] INFO:colcon.colcon_core.shell:Creating package script '/home/tejas/Desktop/PendulumAss/assWS/install/custom_msgs/share/custom_msgs/package.ps1'
[0.917s] INFO:colcon.colcon_core.shell:Creating package descriptor '/home/tejas/Desktop/PendulumAss/assWS/install/custom_msgs/share/custom_msgs/package.dsv'
[0.918s] INFO:colcon.colcon_core.shell:Creating package script '/home/tejas/Desktop/PendulumAss/assWS/install/custom_msgs/share/custom_msgs/package.sh'
[0.919s] INFO:colcon.colcon_core.shell:Creating package script '/home/tejas/Desktop/PendulumAss/assWS/install/custom_msgs/share/custom_msgs/package.bash'
[0.920s] INFO:colcon.colcon_core.shell:Creating package script '/home/tejas/Desktop/PendulumAss/assWS/install/custom_msgs/share/custom_msgs/package.zsh'
[0.921s] Level 1:colcon.colcon_core.environment:create_file_with_runtime_dependencies(/home/tejas/Desktop/PendulumAss/assWS/install/custom_msgs/share/colcon-core/packages/custom_msgs)
[0.994s] Level 1:colcon.colcon_core.environment:create_environment_scripts_only(custom_msgs)
[0.995s] Level 1:colcon.colcon_core.environment:checking '/home/tejas/Desktop/PendulumAss/assWS/install/custom_msgs' for CMake module files
[0.995s] Level 1:colcon.colcon_core.environment:checking '/home/tejas/Desktop/PendulumAss/assWS/install/custom_msgs' for CMake config files
[0.996s] Level 1:colcon.colcon_core.shell:create_environment_hook('custom_msgs', 'cmake_prefix_path')
[0.996s] INFO:colcon.colcon_core.shell:Creating environment hook '/home/tejas/Desktop/PendulumAss/assWS/install/custom_msgs/share/custom_msgs/hook/cmake_prefix_path.ps1'
[0.997s] INFO:colcon.colcon_core.shell:Creating environment descriptor '/home/tejas/Desktop/PendulumAss/assWS/install/custom_msgs/share/custom_msgs/hook/cmake_prefix_path.dsv'
[0.997s] INFO:colcon.colcon_core.shell:Creating environment hook '/home/tejas/Desktop/PendulumAss/assWS/install/custom_msgs/share/custom_msgs/hook/cmake_prefix_path.sh'
[0.998s] Level 1:colcon.colcon_core.environment:checking '/home/tejas/Desktop/PendulumAss/assWS/install/custom_msgs/lib'
[0.998s] Level 1:colcon.colcon_core.shell:create_environment_hook('custom_msgs', 'ld_library_path_lib')
[0.998s] INFO:colcon.colcon_core.shell:Creating environment hook '/home/tejas/Desktop/PendulumAss/assWS/install/custom_msgs/share/custom_msgs/hook/ld_library_path_lib.ps1'
[0.998s] INFO:colcon.colcon_core.shell:Creating environment descriptor '/home/tejas/Desktop/PendulumAss/assWS/install/custom_msgs/share/custom_msgs/hook/ld_library_path_lib.dsv'
[0.999s] INFO:colcon.colcon_core.shell:Creating environment hook '/home/tejas/Desktop/PendulumAss/assWS/install/custom_msgs/share/custom_msgs/hook/ld_library_path_lib.sh'
[0.999s] Level 1:colcon.colcon_core.environment:checking '/home/tejas/Desktop/PendulumAss/assWS/install/custom_msgs/bin'
[0.999s] Level 1:colcon.colcon_core.environment:checking '/home/tejas/Desktop/PendulumAss/assWS/install/custom_msgs/lib/pkgconfig/custom_msgs.pc'
[0.999s] Level 1:colcon.colcon_core.environment:checking '/home/tejas/Desktop/PendulumAss/assWS/install/custom_msgs/lib/python3.8/site-packages'
[1.000s] Level 1:colcon.colcon_core.shell:create_environment_hook('custom_msgs', 'pythonpath')
[1.000s] INFO:colcon.colcon_core.shell:Creating environment hook '/home/tejas/Desktop/PendulumAss/assWS/install/custom_msgs/share/custom_msgs/hook/pythonpath.ps1'
[1.000s] INFO:colcon.colcon_core.shell:Creating environment descriptor '/home/tejas/Desktop/PendulumAss/assWS/install/custom_msgs/share/custom_msgs/hook/pythonpath.dsv'
[1.001s] INFO:colcon.colcon_core.shell:Creating environment hook '/home/tejas/Desktop/PendulumAss/assWS/install/custom_msgs/share/custom_msgs/hook/pythonpath.sh'
[1.001s] Level 1:colcon.colcon_core.environment:checking '/home/tejas/Desktop/PendulumAss/assWS/install/custom_msgs/bin'
[1.002s] INFO:colcon.colcon_core.shell:Creating package script '/home/tejas/Desktop/PendulumAss/assWS/install/custom_msgs/share/custom_msgs/package.ps1'
[1.003s] INFO:colcon.colcon_core.shell:Creating package descriptor '/home/tejas/Desktop/PendulumAss/assWS/install/custom_msgs/share/custom_msgs/package.dsv'
[1.003s] INFO:colcon.colcon_core.shell:Creating package script '/home/tejas/Desktop/PendulumAss/assWS/install/custom_msgs/share/custom_msgs/package.sh'
[1.004s] INFO:colcon.colcon_core.shell:Creating package script '/home/tejas/Desktop/PendulumAss/assWS/install/custom_msgs/share/custom_msgs/package.bash'
[1.004s] INFO:colcon.colcon_core.shell:Creating package script '/home/tejas/Desktop/PendulumAss/assWS/install/custom_msgs/share/custom_msgs/package.zsh'
[1.005s] Level 1:colcon.colcon_core.environment:create_file_with_runtime_dependencies(/home/tejas/Desktop/PendulumAss/assWS/install/custom_msgs/share/colcon-core/packages/custom_msgs)
[1.100s] DEBUG:colcon.colcon_core.event_handler.log_command:Invoking command in '/home/tejas/Desktop/PendulumAss/assWS/build/single_inverted': PYTHONPATH=/home/tejas/Desktop/PendulumAss/assWS/build/single_inverted/prefix_override:/home/tejas/Desktop/PendulumAss/assWS/install/single_inverted/lib/python3.8/site-packages:${PYTHONPATH} /usr/bin/python3 -W ignore:setup.py install is deprecated setup.py develop --editable --build-directory /home/tejas/Desktop/PendulumAss/assWS/build/single_inverted/build --no-deps symlink_data
[1.128s] DEBUG:colcon.colcon_core.event_handler.log_command:Invoking command in '/home/tejas/Desktop/PendulumAss/assWS/build/doubleInvertedPendulum': PYTHONPATH=/home/tejas/Desktop/PendulumAss/assWS/build/doubleInvertedPendulum/prefix_override:/home/tejas/Desktop/PendulumAss/assWS/install/doubleInvertedPendulum/lib/python3.8/site-packages:${PYTHONPATH} /usr/bin/python3 -W ignore:setup.py install is deprecated setup.py develop --editable --build-directory /home/tejas/Desktop/PendulumAss/assWS/build/doubleInvertedPendulum/build --no-deps symlink_data
[1.478s] Level 1:colcon.colcon_core.shell:create_environment_hook('single_inverted', 'pythonpath_develop')
[1.479s] INFO:colcon.colcon_core.shell:Creating environment hook '/home/tejas/Desktop/PendulumAss/assWS/build/single_inverted/share/single_inverted/hook/pythonpath_develop.ps1'
[1.480s] DEBUG:colcon.colcon_core.event_handler.log_command:Invoked command in '/home/tejas/Desktop/PendulumAss/assWS/build/single_inverted' returned '0': PYTHONPATH=/home/tejas/Desktop/PendulumAss/assWS/build/single_inverted/prefix_override:/home/tejas/Desktop/PendulumAss/assWS/install/single_inverted/lib/python3.8/site-packages:${PYTHONPATH} /usr/bin/python3 -W ignore:setup.py install is deprecated setup.py develop --editable --build-directory /home/tejas/Desktop/PendulumAss/assWS/build/single_inverted/build --no-deps symlink_data
[1.480s] INFO:colcon.colcon_core.shell:Creating environment descriptor '/home/tejas/Desktop/PendulumAss/assWS/build/single_inverted/share/single_inverted/hook/pythonpath_develop.dsv'
[1.481s] INFO:colcon.colcon_core.shell:Creating environment hook '/home/tejas/Desktop/PendulumAss/assWS/build/single_inverted/share/single_inverted/hook/pythonpath_develop.sh'
[1.481s] Level 1:colcon.colcon_core.environment:checking '/home/tejas/Desktop/PendulumAss/assWS/install/single_inverted' for CMake module files
[1.482s] Level 1:colcon.colcon_core.environment:checking '/home/tejas/Desktop/PendulumAss/assWS/install/single_inverted' for CMake config files
[1.482s] Level 1:colcon.colcon_core.environment:checking '/home/tejas/Desktop/PendulumAss/assWS/install/single_inverted/lib'
[1.482s] Level 1:colcon.colcon_core.environment:checking '/home/tejas/Desktop/PendulumAss/assWS/install/single_inverted/bin'
[1.482s] Level 1:colcon.colcon_core.environment:checking '/home/tejas/Desktop/PendulumAss/assWS/install/single_inverted/lib/pkgconfig/single_inverted.pc'
[1.483s] Level 1:colcon.colcon_core.environment:checking '/home/tejas/Desktop/PendulumAss/assWS/install/single_inverted/lib/python3.8/site-packages'
[1.483s] Level 1:colcon.colcon_core.shell:create_environment_hook('single_inverted', 'pythonpath')
[1.483s] INFO:colcon.colcon_core.shell:Creating environment hook '/home/tejas/Desktop/PendulumAss/assWS/install/single_inverted/share/single_inverted/hook/pythonpath.ps1'
[1.483s] INFO:colcon.colcon_core.shell:Creating environment descriptor '/home/tejas/Desktop/PendulumAss/assWS/install/single_inverted/share/single_inverted/hook/pythonpath.dsv'
[1.484s] INFO:colcon.colcon_core.shell:Creating environment hook '/home/tejas/Desktop/PendulumAss/assWS/install/single_inverted/share/single_inverted/hook/pythonpath.sh'
[1.484s] Level 1:colcon.colcon_core.environment:checking '/home/tejas/Desktop/PendulumAss/assWS/install/single_inverted/bin'
[1.484s] Level 1:colcon.colcon_core.environment:create_environment_scripts_only(single_inverted)
[1.484s] INFO:colcon.colcon_core.shell:Creating package script '/home/tejas/Desktop/PendulumAss/assWS/install/single_inverted/share/single_inverted/package.ps1'
[1.485s] INFO:colcon.colcon_core.shell:Creating package descriptor '/home/tejas/Desktop/PendulumAss/assWS/install/single_inverted/share/single_inverted/package.dsv'
[1.485s] INFO:colcon.colcon_core.shell:Creating package script '/home/tejas/Desktop/PendulumAss/assWS/install/single_inverted/share/single_inverted/package.sh'
[1.485s] INFO:colcon.colcon_core.shell:Creating package script '/home/tejas/Desktop/PendulumAss/assWS/install/single_inverted/share/single_inverted/package.bash'
[1.486s] INFO:colcon.colcon_core.shell:Creating package script '/home/tejas/Desktop/PendulumAss/assWS/install/single_inverted/share/single_inverted/package.zsh'
[1.486s] Level 1:colcon.colcon_core.environment:create_file_with_runtime_dependencies(/home/tejas/Desktop/PendulumAss/assWS/install/single_inverted/share/colcon-core/packages/single_inverted)
[1.505s] Level 1:colcon.colcon_core.shell:create_environment_hook('doubleInvertedPendulum', 'pythonpath_develop')
[1.506s] INFO:colcon.colcon_core.shell:Creating environment hook '/home/tejas/Desktop/PendulumAss/assWS/build/doubleInvertedPendulum/share/doubleInvertedPendulum/hook/pythonpath_develop.ps1'
[1.506s] DEBUG:colcon.colcon_core.event_handler.log_command:Invoked command in '/home/tejas/Desktop/PendulumAss/assWS/build/doubleInvertedPendulum' returned '0': PYTHONPATH=/home/tejas/Desktop/PendulumAss/assWS/build/doubleInvertedPendulum/prefix_override:/home/tejas/Desktop/PendulumAss/assWS/install/doubleInvertedPendulum/lib/python3.8/site-packages:${PYTHONPATH} /usr/bin/python3 -W ignore:setup.py install is deprecated setup.py develop --editable --build-directory /home/tejas/Desktop/PendulumAss/assWS/build/doubleInvertedPendulum/build --no-deps symlink_data
[1.506s] INFO:colcon.colcon_core.shell:Creating environment descriptor '/home/tejas/Desktop/PendulumAss/assWS/build/doubleInvertedPendulum/share/doubleInvertedPendulum/hook/pythonpath_develop.dsv'
[1.507s] INFO:colcon.colcon_core.shell:Creating environment hook '/home/tejas/Desktop/PendulumAss/assWS/build/doubleInvertedPendulum/share/doubleInvertedPendulum/hook/pythonpath_develop.sh'
[1.507s] Level 1:colcon.colcon_core.environment:checking '/home/tejas/Desktop/PendulumAss/assWS/install/doubleInvertedPendulum' for CMake module files
[1.507s] Level 1:colcon.colcon_core.environment:checking '/home/tejas/Desktop/PendulumAss/assWS/install/doubleInvertedPendulum' for CMake config files
[1.508s] Level 1:colcon.colcon_core.environment:checking '/home/tejas/Desktop/PendulumAss/assWS/install/doubleInvertedPendulum/lib'
[1.508s] Level 1:colcon.colcon_core.environment:checking '/home/tejas/Desktop/PendulumAss/assWS/install/doubleInvertedPendulum/bin'
[1.508s] Level 1:colcon.colcon_core.environment:checking '/home/tejas/Desktop/PendulumAss/assWS/install/doubleInvertedPendulum/lib/pkgconfig/doubleInvertedPendulum.pc'
[1.508s] Level 1:colcon.colcon_core.environment:checking '/home/tejas/Desktop/PendulumAss/assWS/install/doubleInvertedPendulum/lib/python3.8/site-packages'
[1.508s] Level 1:colcon.colcon_core.shell:create_environment_hook('doubleInvertedPendulum', 'pythonpath')
[1.508s] INFO:colcon.colcon_core.shell:Creating environment hook '/home/tejas/Desktop/PendulumAss/assWS/install/doubleInvertedPendulum/share/doubleInvertedPendulum/hook/pythonpath.ps1'
[1.508s] INFO:colcon.colcon_core.shell:Creating environment descriptor '/home/tejas/Desktop/PendulumAss/assWS/install/doubleInvertedPendulum/share/doubleInvertedPendulum/hook/pythonpath.dsv'
[1.509s] INFO:colcon.colcon_core.shell:Creating environment hook '/home/tejas/Desktop/PendulumAss/assWS/install/doubleInvertedPendulum/share/doubleInvertedPendulum/hook/pythonpath.sh'
[1.509s] Level 1:colcon.colcon_core.environment:checking '/home/tejas/Desktop/PendulumAss/assWS/install/doubleInvertedPendulum/bin'
[1.509s] Level 1:colcon.colcon_core.environment:create_environment_scripts_only(doubleInvertedPendulum)
[1.510s] INFO:colcon.colcon_core.shell:Creating package script '/home/tejas/Desktop/PendulumAss/assWS/install/doubleInvertedPendulum/share/doubleInvertedPendulum/package.ps1'
[1.510s] INFO:colcon.colcon_core.shell:Creating package descriptor '/home/tejas/Desktop/PendulumAss/assWS/install/doubleInvertedPendulum/share/doubleInvertedPendulum/package.dsv'
[1.511s] INFO:colcon.colcon_core.shell:Creating package script '/home/tejas/Desktop/PendulumAss/assWS/install/doubleInvertedPendulum/share/doubleInvertedPendulum/package.sh'
[1.511s] INFO:colcon.colcon_core.shell:Creating package script '/home/tejas/Desktop/PendulumAss/assWS/install/doubleInvertedPendulum/share/doubleInvertedPendulum/package.bash'
[1.511s] INFO:colcon.colcon_core.shell:Creating package script '/home/tejas/Desktop/PendulumAss/assWS/install/doubleInvertedPendulum/share/doubleInvertedPendulum/package.zsh'
[1.511s] Level 1:colcon.colcon_core.environment:create_file_with_runtime_dependencies(/home/tejas/Desktop/PendulumAss/assWS/install/doubleInvertedPendulum/share/colcon-core/packages/doubleInvertedPendulum)
[1.511s] DEBUG:colcon.colcon_parallel_executor.executor.parallel:closing loop
[1.513s] DEBUG:colcon.colcon_parallel_executor.executor.parallel:loop closed
[1.513s] DEBUG:colcon.colcon_parallel_executor.executor.parallel:run_until_complete finished with '0'
[1.513s] DEBUG:colcon.colcon_core.event_reactor:joining thread
[1.518s] INFO:colcon.colcon_core.plugin_system:Skipping extension 'colcon_notification.desktop_notification.terminal_notifier': Not used on non-Darwin systems
[1.518s] INFO:colcon.colcon_core.plugin_system:Skipping extension 'colcon_notification.desktop_notification.win32': Not used on non-Windows systems
[1.519s] INFO:colcon.colcon_notification.desktop_notification:Sending desktop notification using 'notify2'
[1.531s] DEBUG:colcon.colcon_core.event_reactor:joined thread
[1.531s] INFO:colcon.colcon_core.shell:Creating prefix script '/home/tejas/Desktop/PendulumAss/assWS/install/local_setup.ps1'
[1.532s] INFO:colcon.colcon_core.shell:Creating prefix util module '/home/tejas/Desktop/PendulumAss/assWS/install/_local_setup_util_ps1.py'
[1.534s] INFO:colcon.colcon_core.shell:Creating prefix chain script '/home/tejas/Desktop/PendulumAss/assWS/install/setup.ps1'
[1.534s] INFO:colcon.colcon_core.shell:Creating prefix script '/home/tejas/Desktop/PendulumAss/assWS/install/local_setup.sh'
[1.535s] INFO:colcon.colcon_core.shell:Creating prefix util module '/home/tejas/Desktop/PendulumAss/assWS/install/_local_setup_util_sh.py'
[1.535s] INFO:colcon.colcon_core.shell:Creating prefix chain script '/home/tejas/Desktop/PendulumAss/assWS/install/setup.sh'
[1.536s] INFO:colcon.colcon_core.shell:Creating prefix script '/home/tejas/Desktop/PendulumAss/assWS/install/local_setup.bash'
[1.536s] INFO:colcon.colcon_core.shell:Creating prefix chain script '/home/tejas/Desktop/PendulumAss/assWS/install/setup.bash'
[1.537s] INFO:colcon.colcon_core.shell:Creating prefix script '/home/tejas/Desktop/PendulumAss/assWS/install/local_setup.zsh'
[1.537s] INFO:colcon.colcon_core.shell:Creating prefix chain script '/home/tejas/Desktop/PendulumAss/assWS/install/setup.zsh'
