[0.018s] Invoking command in '/home/tejas/Desktop/PendulumAss/assWS/build/custom_msgs': CMAKE_PREFIX_PATH=${CMAKE_PREFIX_PATH}:/home/tejas/Desktop/PendulumAss/assWS/install/single_inverted:/opt/ros/foxy /usr/bin/cmake --build /home/tejas/Desktop/PendulumAss/assWS/build/custom_msgs -- -j4 -l4
[0.095s] [  2%] Built target custom_msgs__cpp
[0.100s] [ 12%] Built target custom_msgs__rosidl_generator_c
[0.134s] [ 23%] Built target custom_msgs__rosidl_typesupport_cpp
[0.144s] [ 35%] Built target custom_msgs__rosidl_typesupport_introspection_cpp
[0.146s] [ 43%] Built target custom_msgs__rosidl_typesupport_fastrtps_cpp
[0.150s] [ 53%] Built target custom_msgs__rosidl_typesupport_c
[0.170s] [ 64%] Built target custom_msgs__rosidl_typesupport_introspection_c
[0.181s] [ 74%] Built target custom_msgs__rosidl_typesupport_fastrtps_c
[0.200s] [ 74%] Built target custom_msgs
[0.216s] [ 76%] Built target custom_msgs__py
[0.243s] [ 84%] Built target custom_msgs__python
[0.273s] [ 89%] Built target custom_msgs__rosidl_typesupport_introspection_c__pyext
[0.274s] [ 94%] Built target custom_msgs__rosidl_typesupport_c__pyext
[0.276s] [100%] Built target custom_msgs__rosidl_typesupport_fastrtps_c__pyext
[0.287s] Invoked command in '/home/tejas/Desktop/PendulumAss/assWS/build/custom_msgs' returned '0': CMAKE_PREFIX_PATH=${CMAKE_PREFIX_PATH}:/home/tejas/Desktop/PendulumAss/assWS/install/single_inverted:/opt/ros/foxy /usr/bin/cmake --build /home/tejas/Desktop/PendulumAss/assWS/build/custom_msgs -- -j4 -l4
[0.352s] Invoking command in '/home/tejas/Desktop/PendulumAss/assWS/build/custom_msgs': CMAKE_PREFIX_PATH=${CMAKE_PREFIX_PATH}:/home/tejas/Desktop/PendulumAss/assWS/install/single_inverted:/opt/ros/foxy /usr/bin/cmake --install /home/tejas/Desktop/PendulumAss/assWS/build/custom_msgs
[0.365s] -- Install configuration: ""
[0.365s] -- Execute custom install script
[0.366s] -- Up-to-date symlink: /home/tejas/Desktop/PendulumAss/assWS/install/custom_msgs/share/ament_index/resource_index/rosidl_interfaces/custom_msgs
[0.367s] -- Up-to-date symlink: /home/tejas/Desktop/PendulumAss/assWS/install/custom_msgs/include/custom_msgs/msg/detail/states__functions.h
[0.367s] -- Up-to-date symlink: /home/tejas/Desktop/PendulumAss/assWS/install/custom_msgs/include/custom_msgs/msg/detail/states__struct.h
[0.368s] -- Up-to-date symlink: /home/tejas/Desktop/PendulumAss/assWS/install/custom_msgs/include/custom_msgs/msg/detail/states__type_support.h
[0.368s] -- Up-to-date symlink: /home/tejas/Desktop/PendulumAss/assWS/install/custom_msgs/include/custom_msgs/msg/detail/torque_input__functions.h
[0.368s] -- Up-to-date symlink: /home/tejas/Desktop/PendulumAss/assWS/install/custom_msgs/include/custom_msgs/msg/detail/torque_input__struct.h
[0.368s] -- Up-to-date symlink: /home/tejas/Desktop/PendulumAss/assWS/install/custom_msgs/include/custom_msgs/msg/detail/torque_input__type_support.h
[0.369s] -- Up-to-date symlink: /home/tejas/Desktop/PendulumAss/assWS/install/custom_msgs/include/custom_msgs/msg/rosidl_generator_c__visibility_control.h
[0.369s] -- Up-to-date symlink: /home/tejas/Desktop/PendulumAss/assWS/install/custom_msgs/include/custom_msgs/msg/states.h
[0.369s] -- Up-to-date symlink: /home/tejas/Desktop/PendulumAss/assWS/install/custom_msgs/include/custom_msgs/msg/torque_input.h
[0.370s] -- Up-to-date symlink: /home/tejas/Desktop/PendulumAss/assWS/install/custom_msgs/share/custom_msgs/environment/library_path.sh
[0.371s] -- Up-to-date symlink: /home/tejas/Desktop/PendulumAss/assWS/install/custom_msgs/share/custom_msgs/environment/library_path.dsv
[0.372s] -- Up-to-date symlink: /home/tejas/Desktop/PendulumAss/assWS/install/custom_msgs/include/custom_msgs/msg/detail/states__rosidl_typesupport_fastrtps_c.h
[0.372s] -- Up-to-date symlink: /home/tejas/Desktop/PendulumAss/assWS/install/custom_msgs/include/custom_msgs/msg/detail/torque_input__rosidl_typesupport_fastrtps_c.h
[0.373s] -- Up-to-date symlink: /home/tejas/Desktop/PendulumAss/assWS/install/custom_msgs/include/custom_msgs/msg/rosidl_typesupport_fastrtps_c__visibility_control.h
[0.374s] -- Up-to-date symlink: /home/tejas/Desktop/PendulumAss/assWS/install/custom_msgs/lib/libcustom_msgs__rosidl_typesupport_fastrtps_c.so
[0.375s] -- Up-to-date symlink: /home/tejas/Desktop/PendulumAss/assWS/install/custom_msgs/include/custom_msgs/msg/detail/states__rosidl_typesupport_fastrtps_cpp.hpp
[0.375s] -- Up-to-date symlink: /home/tejas/Desktop/PendulumAss/assWS/install/custom_msgs/include/custom_msgs/msg/detail/torque_input__rosidl_typesupport_fastrtps_cpp.hpp
[0.376s] -- Up-to-date symlink: /home/tejas/Desktop/PendulumAss/assWS/install/custom_msgs/include/custom_msgs/msg/rosidl_typesupport_fastrtps_cpp__visibility_control.h
[0.376s] -- Up-to-date symlink: /home/tejas/Desktop/PendulumAss/assWS/install/custom_msgs/lib/libcustom_msgs__rosidl_typesupport_fastrtps_cpp.so
[0.377s] -- Up-to-date symlink: /home/tejas/Desktop/PendulumAss/assWS/install/custom_msgs/include/custom_msgs/msg/detail/states__rosidl_typesupport_introspection_c.h
[0.378s] -- Up-to-date symlink: /home/tejas/Desktop/PendulumAss/assWS/install/custom_msgs/include/custom_msgs/msg/detail/torque_input__rosidl_typesupport_introspection_c.h
[0.378s] -- Up-to-date symlink: /home/tejas/Desktop/PendulumAss/assWS/install/custom_msgs/include/custom_msgs/msg/rosidl_typesupport_introspection_c__visibility_control.h
[0.379s] -- Up-to-date symlink: /home/tejas/Desktop/PendulumAss/assWS/install/custom_msgs/include/custom_msgs/msg/detail/states__builder.hpp
[0.380s] -- Up-to-date symlink: /home/tejas/Desktop/PendulumAss/assWS/install/custom_msgs/include/custom_msgs/msg/detail/states__struct.hpp
[0.381s] -- Up-to-date symlink: /home/tejas/Desktop/PendulumAss/assWS/install/custom_msgs/include/custom_msgs/msg/detail/states__traits.hpp
[0.381s] -- Up-to-date symlink: /home/tejas/Desktop/PendulumAss/assWS/install/custom_msgs/include/custom_msgs/msg/detail/states__type_support.hpp
[0.382s] -- Up-to-date symlink: /home/tejas/Desktop/PendulumAss/assWS/install/custom_msgs/include/custom_msgs/msg/detail/torque_input__builder.hpp
[0.382s] -- Up-to-date symlink: /home/tejas/Desktop/PendulumAss/assWS/install/custom_msgs/include/custom_msgs/msg/detail/torque_input__struct.hpp
[0.382s] -- Up-to-date symlink: /home/tejas/Desktop/PendulumAss/assWS/install/custom_msgs/include/custom_msgs/msg/detail/torque_input__traits.hpp
[0.383s] -- Up-to-date symlink: /home/tejas/Desktop/PendulumAss/assWS/install/custom_msgs/include/custom_msgs/msg/detail/torque_input__type_support.hpp
[0.383s] -- Up-to-date symlink: /home/tejas/Desktop/PendulumAss/assWS/install/custom_msgs/include/custom_msgs/msg/rosidl_generator_cpp__visibility_control.hpp
[0.383s] -- Up-to-date symlink: /home/tejas/Desktop/PendulumAss/assWS/install/custom_msgs/include/custom_msgs/msg/states.hpp
[0.383s] -- Up-to-date symlink: /home/tejas/Desktop/PendulumAss/assWS/install/custom_msgs/include/custom_msgs/msg/torque_input.hpp
[0.383s] -- Up-to-date symlink: /home/tejas/Desktop/PendulumAss/assWS/install/custom_msgs/include/custom_msgs/msg/detail/states__rosidl_typesupport_introspection_cpp.hpp
[0.383s] -- Up-to-date symlink: /home/tejas/Desktop/PendulumAss/assWS/install/custom_msgs/include/custom_msgs/msg/detail/torque_input__rosidl_typesupport_introspection_cpp.hpp
[0.384s] -- Up-to-date symlink: /home/tejas/Desktop/PendulumAss/assWS/install/custom_msgs/share/custom_msgs/environment/pythonpath.sh
[0.384s] -- Up-to-date symlink: /home/tejas/Desktop/PendulumAss/assWS/install/custom_msgs/share/custom_msgs/environment/pythonpath.dsv
[0.384s] -- Up-to-date symlink: /home/tejas/Desktop/PendulumAss/assWS/install/custom_msgs/lib/python3.8/site-packages/custom_msgs/__init__.py
[0.384s] -- Up-to-date symlink: /home/tejas/Desktop/PendulumAss/assWS/install/custom_msgs/lib/python3.8/site-packages/custom_msgs/msg/__init__.py
[0.384s] -- Up-to-date symlink: /home/tejas/Desktop/PendulumAss/assWS/install/custom_msgs/lib/python3.8/site-packages/custom_msgs/msg/_states.py
[0.386s] -- Up-to-date symlink: /home/tejas/Desktop/PendulumAss/assWS/install/custom_msgs/lib/python3.8/site-packages/custom_msgs/msg/_torque_input.py
[0.386s] -- Up-to-date symlink: /home/tejas/Desktop/PendulumAss/assWS/install/custom_msgs/lib/python3.8/site-packages/custom_msgs/custom_msgs_s__rosidl_typesupport_fastrtps_c.cpython-38-x86_64-linux-gnu.so
[0.386s] -- Up-to-date symlink: /home/tejas/Desktop/PendulumAss/assWS/install/custom_msgs/lib/python3.8/site-packages/custom_msgs/custom_msgs_s__rosidl_typesupport_introspection_c.cpython-38-x86_64-linux-gnu.so
[0.386s] -- Up-to-date symlink: /home/tejas/Desktop/PendulumAss/assWS/install/custom_msgs/lib/python3.8/site-packages/custom_msgs/custom_msgs_s__rosidl_typesupport_c.cpython-38-x86_64-linux-gnu.so
[0.387s] -- Up-to-date symlink: /home/tejas/Desktop/PendulumAss/assWS/install/custom_msgs/lib/libcustom_msgs__python.so
[0.387s] -- Up-to-date symlink: /home/tejas/Desktop/PendulumAss/assWS/install/custom_msgs/share/custom_msgs/msg/TorqueInput.idl
[0.387s] -- Up-to-date symlink: /home/tejas/Desktop/PendulumAss/assWS/install/custom_msgs/share/custom_msgs/msg/States.idl
[0.387s] -- Up-to-date symlink: /home/tejas/Desktop/PendulumAss/assWS/install/custom_msgs/share/custom_msgs/msg/TorqueInput.msg
[0.388s] -- Up-to-date symlink: /home/tejas/Desktop/PendulumAss/assWS/install/custom_msgs/share/custom_msgs/msg/States.msg
[0.388s] -- Up-to-date symlink: /home/tejas/Desktop/PendulumAss/assWS/install/custom_msgs/share/ament_index/resource_index/package_run_dependencies/custom_msgs
[0.389s] -- Up-to-date symlink: /home/tejas/Desktop/PendulumAss/assWS/install/custom_msgs/share/ament_index/resource_index/parent_prefix_path/custom_msgs
[0.389s] -- Up-to-date symlink: /home/tejas/Desktop/PendulumAss/assWS/install/custom_msgs/share/custom_msgs/environment/ament_prefix_path.sh
[0.390s] -- Up-to-date symlink: /home/tejas/Desktop/PendulumAss/assWS/install/custom_msgs/share/custom_msgs/environment/ament_prefix_path.dsv
[0.390s] -- Up-to-date symlink: /home/tejas/Desktop/PendulumAss/assWS/install/custom_msgs/share/custom_msgs/environment/path.sh
[0.390s] -- Up-to-date symlink: /home/tejas/Desktop/PendulumAss/assWS/install/custom_msgs/share/custom_msgs/environment/path.dsv
[0.391s] -- Up-to-date symlink: /home/tejas/Desktop/PendulumAss/assWS/install/custom_msgs/share/custom_msgs/local_setup.bash
[0.391s] -- Up-to-date symlink: /home/tejas/Desktop/PendulumAss/assWS/install/custom_msgs/share/custom_msgs/local_setup.sh
[0.392s] -- Up-to-date symlink: /home/tejas/Desktop/PendulumAss/assWS/install/custom_msgs/share/custom_msgs/local_setup.zsh
[0.392s] -- Up-to-date symlink: /home/tejas/Desktop/PendulumAss/assWS/install/custom_msgs/share/custom_msgs/local_setup.dsv
[0.392s] -- Symlinking: /home/tejas/Desktop/PendulumAss/assWS/install/custom_msgs/share/custom_msgs/package.dsv
[0.400s] -- Up-to-date symlink: /home/tejas/Desktop/PendulumAss/assWS/install/custom_msgs/share/ament_index/resource_index/packages/custom_msgs
[0.400s] -- Up-to-date symlink: /home/tejas/Desktop/PendulumAss/assWS/install/custom_msgs/share/custom_msgs/cmake/rosidl_cmake-extras.cmake
[0.401s] -- Up-to-date symlink: /home/tejas/Desktop/PendulumAss/assWS/install/custom_msgs/share/custom_msgs/cmake/ament_cmake_export_dependencies-extras.cmake
[0.401s] -- Up-to-date symlink: /home/tejas/Desktop/PendulumAss/assWS/install/custom_msgs/share/custom_msgs/cmake/ament_cmake_export_libraries-extras.cmake
[0.401s] -- Up-to-date symlink: /home/tejas/Desktop/PendulumAss/assWS/install/custom_msgs/share/custom_msgs/cmake/ament_cmake_export_targets-extras.cmake
[0.401s] -- Up-to-date symlink: /home/tejas/Desktop/PendulumAss/assWS/install/custom_msgs/share/custom_msgs/cmake/ament_cmake_export_include_directories-extras.cmake
[0.403s] -- Up-to-date symlink: /home/tejas/Desktop/PendulumAss/assWS/install/custom_msgs/share/custom_msgs/cmake/rosidl_cmake_export_typesupport_libraries-extras.cmake
[0.403s] -- Up-to-date symlink: /home/tejas/Desktop/PendulumAss/assWS/install/custom_msgs/share/custom_msgs/cmake/rosidl_cmake_export_typesupport_targets-extras.cmake
[0.403s] -- Up-to-date symlink: /home/tejas/Desktop/PendulumAss/assWS/install/custom_msgs/share/custom_msgs/cmake/custom_msgsConfig.cmake
[0.403s] -- Up-to-date symlink: /home/tejas/Desktop/PendulumAss/assWS/install/custom_msgs/share/custom_msgs/cmake/custom_msgsConfig-version.cmake
[0.404s] -- Up-to-date symlink: /home/tejas/Desktop/PendulumAss/assWS/install/custom_msgs/share/custom_msgs/package.xml
[0.404s] -- Up-to-date: /home/tejas/Desktop/PendulumAss/assWS/install/custom_msgs/lib/libcustom_msgs__rosidl_generator_c.so
[0.405s] -- Up-to-date: /home/tejas/Desktop/PendulumAss/assWS/install/custom_msgs/lib/libcustom_msgs__rosidl_typesupport_introspection_c.so
[0.405s] -- Up-to-date: /home/tejas/Desktop/PendulumAss/assWS/install/custom_msgs/lib/libcustom_msgs__rosidl_typesupport_c.so
[0.406s] -- Up-to-date: /home/tejas/Desktop/PendulumAss/assWS/install/custom_msgs/lib/libcustom_msgs__rosidl_typesupport_introspection_cpp.so
[0.406s] -- Up-to-date: /home/tejas/Desktop/PendulumAss/assWS/install/custom_msgs/lib/libcustom_msgs__rosidl_typesupport_cpp.so
[0.433s] -- Up-to-date: /home/tejas/Desktop/PendulumAss/assWS/install/custom_msgs/share/custom_msgs/cmake/custom_msgs__rosidl_generator_cExport.cmake
[0.433s] -- Up-to-date: /home/tejas/Desktop/PendulumAss/assWS/install/custom_msgs/share/custom_msgs/cmake/custom_msgs__rosidl_generator_cExport-noconfig.cmake
[0.434s] -- Up-to-date: /home/tejas/Desktop/PendulumAss/assWS/install/custom_msgs/share/custom_msgs/cmake/custom_msgs__rosidl_typesupport_introspection_cExport.cmake
[0.434s] -- Up-to-date: /home/tejas/Desktop/PendulumAss/assWS/install/custom_msgs/share/custom_msgs/cmake/custom_msgs__rosidl_typesupport_introspection_cExport-noconfig.cmake
[0.434s] -- Up-to-date: /home/tejas/Desktop/PendulumAss/assWS/install/custom_msgs/share/custom_msgs/cmake/custom_msgs__rosidl_typesupport_cExport.cmake
[0.435s] -- Up-to-date: /home/tejas/Desktop/PendulumAss/assWS/install/custom_msgs/share/custom_msgs/cmake/custom_msgs__rosidl_typesupport_cExport-noconfig.cmake
[0.435s] -- Up-to-date: /home/tejas/Desktop/PendulumAss/assWS/install/custom_msgs/share/custom_msgs/cmake/custom_msgs__rosidl_generator_cppExport.cmake
[0.436s] -- Up-to-date: /home/tejas/Desktop/PendulumAss/assWS/install/custom_msgs/share/custom_msgs/cmake/custom_msgs__rosidl_typesupport_introspection_cppExport.cmake
[0.436s] -- Up-to-date: /home/tejas/Desktop/PendulumAss/assWS/install/custom_msgs/share/custom_msgs/cmake/custom_msgs__rosidl_typesupport_introspection_cppExport-noconfig.cmake
[0.436s] -- Up-to-date: /home/tejas/Desktop/PendulumAss/assWS/install/custom_msgs/share/custom_msgs/cmake/custom_msgs__rosidl_typesupport_cppExport.cmake
[0.436s] -- Up-to-date: /home/tejas/Desktop/PendulumAss/assWS/install/custom_msgs/share/custom_msgs/cmake/custom_msgs__rosidl_typesupport_cppExport-noconfig.cmake
[0.439s] Invoked command in '/home/tejas/Desktop/PendulumAss/assWS/build/custom_msgs' returned '0': CMAKE_PREFIX_PATH=${CMAKE_PREFIX_PATH}:/home/tejas/Desktop/PendulumAss/assWS/install/single_inverted:/opt/ros/foxy /usr/bin/cmake --install /home/tejas/Desktop/PendulumAss/assWS/build/custom_msgs
