[0.442s] Invoking command in '/home/tejas/Desktop/PendulumAss/assWS/src/pendulum-problems-ros2/single_inverted': PYTHONPATH=/home/tejas/Desktop/PendulumAss/assWS/build/single_inverted/prefix_override:/home/tejas/Desktop/PendulumAss/assWS/install/single_inverted/lib/python3.8/site-packages: /usr/bin/python3 -W ignore:setup.py install is deprecated setup.py egg_info --egg-base ../../../build/single_inverted build --build-base /home/tejas/Desktop/PendulumAss/assWS/build/single_inverted/build install --record /home/tejas/Desktop/PendulumAss/assWS/build/single_inverted/install.log --install-scripts $base/lib/single_inverted --single-version-externally-managed install_data
[0.581s] running egg_info
[0.581s] creating ../../../build/single_inverted/single_inverted.egg-info
[0.581s] writing ../../../build/single_inverted/single_inverted.egg-info/PKG-INFO
[0.582s] writing dependency_links to ../../../build/single_inverted/single_inverted.egg-info/dependency_links.txt
[0.582s] writing entry points to ../../../build/single_inverted/single_inverted.egg-info/entry_points.txt
[0.582s] writing requirements to ../../../build/single_inverted/single_inverted.egg-info/requires.txt
[0.582s] writing top-level names to ../../../build/single_inverted/single_inverted.egg-info/top_level.txt
[0.583s] writing manifest file '../../../build/single_inverted/single_inverted.egg-info/SOURCES.txt'
[0.606s] reading manifest file '../../../build/single_inverted/single_inverted.egg-info/SOURCES.txt'
[0.606s] writing manifest file '../../../build/single_inverted/single_inverted.egg-info/SOURCES.txt'
[0.606s] running build
[0.606s] running build_py
[0.606s] creating /home/tejas/Desktop/PendulumAss/assWS/build/single_inverted/build
[0.606s] creating /home/tejas/Desktop/PendulumAss/assWS/build/single_inverted/build/lib
[0.607s] creating /home/tejas/Desktop/PendulumAss/assWS/build/single_inverted/build/lib/single_inverted
[0.607s] copying single_inverted/__init__.py -> /home/tejas/Desktop/PendulumAss/assWS/build/single_inverted/build/lib/single_inverted
[0.607s] copying single_inverted/dynamics_sim.py -> /home/tejas/Desktop/PendulumAss/assWS/build/single_inverted/build/lib/single_inverted
[0.607s] running install
[0.610s] running install_lib
[0.610s] creating /home/tejas/Desktop/PendulumAss/assWS/install/single_inverted/lib/python3.8/site-packages/single_inverted
[0.610s] copying /home/tejas/Desktop/PendulumAss/assWS/build/single_inverted/build/lib/single_inverted/__init__.py -> /home/tejas/Desktop/PendulumAss/assWS/install/single_inverted/lib/python3.8/site-packages/single_inverted
[0.610s] copying /home/tejas/Desktop/PendulumAss/assWS/build/single_inverted/build/lib/single_inverted/dynamics_sim.py -> /home/tejas/Desktop/PendulumAss/assWS/install/single_inverted/lib/python3.8/site-packages/single_inverted
[0.610s] byte-compiling /home/tejas/Desktop/PendulumAss/assWS/install/single_inverted/lib/python3.8/site-packages/single_inverted/__init__.py to __init__.cpython-38.pyc
[0.611s] byte-compiling /home/tejas/Desktop/PendulumAss/assWS/install/single_inverted/lib/python3.8/site-packages/single_inverted/dynamics_sim.py to dynamics_sim.cpython-38.pyc
[0.611s] running install_data
[0.611s] creating /home/tejas/Desktop/PendulumAss/assWS/install/single_inverted/share/ament_index
[0.611s] creating /home/tejas/Desktop/PendulumAss/assWS/install/single_inverted/share/ament_index/resource_index
[0.611s] creating /home/tejas/Desktop/PendulumAss/assWS/install/single_inverted/share/ament_index/resource_index/packages
[0.611s] copying resource/single_inverted -> /home/tejas/Desktop/PendulumAss/assWS/install/single_inverted/share/ament_index/resource_index/packages
[0.611s] copying package.xml -> /home/tejas/Desktop/PendulumAss/assWS/install/single_inverted/share/single_inverted
[0.611s] creating /home/tejas/Desktop/PendulumAss/assWS/install/single_inverted/share/single_inverted/launch
[0.611s] copying launch/single_inverted_pendulum.launch.py -> /home/tejas/Desktop/PendulumAss/assWS/install/single_inverted/share/single_inverted/launch/
[0.611s] creating /home/tejas/Desktop/PendulumAss/assWS/install/single_inverted/share/single_inverted/config
[0.612s] copying config/config.rviz -> /home/tejas/Desktop/PendulumAss/assWS/install/single_inverted/share/single_inverted/config/
[0.612s] running install_egg_info
[0.612s] Copying ../../../build/single_inverted/single_inverted.egg-info to /home/tejas/Desktop/PendulumAss/assWS/install/single_inverted/lib/python3.8/site-packages/single_inverted-0.0.0-py3.8.egg-info
[0.613s] running install_scripts
[0.631s] Installing dynamics_sim script to /home/tejas/Desktop/PendulumAss/assWS/install/single_inverted/lib/single_inverted
[0.631s] writing list of installed files to '/home/tejas/Desktop/PendulumAss/assWS/build/single_inverted/install.log'
