[0.022s] Invoking command in '/home/tejas/Desktop/PendulumAss/assWS/build/custom_msgs': CMAKE_PREFIX_PATH=/opt/ros/foxy /usr/bin/cmake --build /home/tejas/Desktop/PendulumAss/assWS/build/custom_msgs -- -j4 -l4
[0.354s] [  2%] Built target custom_msgs__cpp
[0.354s] [ 12%] Built target custom_msgs__rosidl_generator_c
[0.354s] [ 23%] Built target custom_msgs__rosidl_typesupport_cpp
[0.354s] [ 33%] Built target custom_msgs__rosidl_typesupport_fastrtps_cpp
[0.354s] [ 43%] Built target custom_msgs__rosidl_typesupport_introspection_cpp
[0.354s] [ 53%] Built target custom_msgs__rosidl_typesupport_c
[0.354s] [ 64%] Built target custom_msgs__rosidl_typesupport_introspection_c
[0.354s] [ 74%] Built target custom_msgs__rosidl_typesupport_fastrtps_c
[0.354s] [ 74%] Built target custom_msgs
[0.355s] [ 76%] Built target custom_msgs__py
[0.355s] [ 84%] Built target custom_msgs__python
[0.355s] [ 94%] Built target custom_msgs__rosidl_typesupport_c__pyext
[0.355s] [ 94%] Built target custom_msgs__rosidl_typesupport_introspection_c__pyext
[0.355s] [100%] Built target custom_msgs__rosidl_typesupport_fastrtps_c__pyext
[0.356s] Invoked command in '/home/tejas/Desktop/PendulumAss/assWS/build/custom_msgs' returned '0': CMAKE_PREFIX_PATH=/opt/ros/foxy /usr/bin/cmake --build /home/tejas/Desktop/PendulumAss/assWS/build/custom_msgs -- -j4 -l4
[0.420s] Invoking command in '/home/tejas/Desktop/PendulumAss/assWS/build/custom_msgs': CMAKE_PREFIX_PATH=/opt/ros/foxy /usr/bin/cmake --install /home/tejas/Desktop/PendulumAss/assWS/build/custom_msgs
[0.430s] -- Install configuration: ""
[0.431s] -- Execute custom install script
[0.432s] -- Up-to-date symlink: /home/tejas/Desktop/PendulumAss/assWS/install/custom_msgs/share/ament_index/resource_index/rosidl_interfaces/custom_msgs
[0.433s] -- Up-to-date symlink: /home/tejas/Desktop/PendulumAss/assWS/install/custom_msgs/include/custom_msgs/msg/detail/states__functions.h
[0.433s] -- Up-to-date symlink: /home/tejas/Desktop/PendulumAss/assWS/install/custom_msgs/include/custom_msgs/msg/detail/states__struct.h
[0.434s] -- Up-to-date symlink: /home/tejas/Desktop/PendulumAss/assWS/install/custom_msgs/include/custom_msgs/msg/detail/states__type_support.h
[0.434s] -- Up-to-date symlink: /home/tejas/Desktop/PendulumAss/assWS/install/custom_msgs/include/custom_msgs/msg/detail/torque_input__functions.h
[0.434s] -- Up-to-date symlink: /home/tejas/Desktop/PendulumAss/assWS/install/custom_msgs/include/custom_msgs/msg/detail/torque_input__struct.h
[0.434s] -- Up-to-date symlink: /home/tejas/Desktop/PendulumAss/assWS/install/custom_msgs/include/custom_msgs/msg/detail/torque_input__type_support.h
[0.434s] -- Up-to-date symlink: /home/tejas/Desktop/PendulumAss/assWS/install/custom_msgs/include/custom_msgs/msg/rosidl_generator_c__visibility_control.h
[0.435s] -- Up-to-date symlink: /home/tejas/Desktop/PendulumAss/assWS/install/custom_msgs/include/custom_msgs/msg/states.h
[0.435s] -- Up-to-date symlink: /home/tejas/Desktop/PendulumAss/assWS/install/custom_msgs/include/custom_msgs/msg/torque_input.h
[0.435s] -- Up-to-date symlink: /home/tejas/Desktop/PendulumAss/assWS/install/custom_msgs/share/custom_msgs/environment/library_path.sh
[0.436s] -- Up-to-date symlink: /home/tejas/Desktop/PendulumAss/assWS/install/custom_msgs/share/custom_msgs/environment/library_path.dsv
[0.437s] -- Up-to-date symlink: /home/tejas/Desktop/PendulumAss/assWS/install/custom_msgs/include/custom_msgs/msg/detail/states__rosidl_typesupport_fastrtps_c.h
[0.437s] -- Up-to-date symlink: /home/tejas/Desktop/PendulumAss/assWS/install/custom_msgs/include/custom_msgs/msg/detail/torque_input__rosidl_typesupport_fastrtps_c.h
[0.437s] -- Up-to-date symlink: /home/tejas/Desktop/PendulumAss/assWS/install/custom_msgs/include/custom_msgs/msg/rosidl_typesupport_fastrtps_c__visibility_control.h
[0.438s] -- Up-to-date symlink: /home/tejas/Desktop/PendulumAss/assWS/install/custom_msgs/lib/libcustom_msgs__rosidl_typesupport_fastrtps_c.so
[0.439s] -- Up-to-date symlink: /home/tejas/Desktop/PendulumAss/assWS/install/custom_msgs/include/custom_msgs/msg/detail/states__rosidl_typesupport_fastrtps_cpp.hpp
[0.439s] -- Up-to-date symlink: /home/tejas/Desktop/PendulumAss/assWS/install/custom_msgs/include/custom_msgs/msg/detail/torque_input__rosidl_typesupport_fastrtps_cpp.hpp
[0.439s] -- Up-to-date symlink: /home/tejas/Desktop/PendulumAss/assWS/install/custom_msgs/include/custom_msgs/msg/rosidl_typesupport_fastrtps_cpp__visibility_control.h
[0.440s] -- Up-to-date symlink: /home/tejas/Desktop/PendulumAss/assWS/install/custom_msgs/lib/libcustom_msgs__rosidl_typesupport_fastrtps_cpp.so
[0.440s] -- Up-to-date symlink: /home/tejas/Desktop/PendulumAss/assWS/install/custom_msgs/include/custom_msgs/msg/detail/states__rosidl_typesupport_introspection_c.h
[0.440s] -- Up-to-date symlink: /home/tejas/Desktop/PendulumAss/assWS/install/custom_msgs/include/custom_msgs/msg/detail/torque_input__rosidl_typesupport_introspection_c.h
[0.441s] -- Up-to-date symlink: /home/tejas/Desktop/PendulumAss/assWS/install/custom_msgs/include/custom_msgs/msg/rosidl_typesupport_introspection_c__visibility_control.h
[0.441s] -- Up-to-date symlink: /home/tejas/Desktop/PendulumAss/assWS/install/custom_msgs/include/custom_msgs/msg/detail/states__builder.hpp
[0.442s] -- Up-to-date symlink: /home/tejas/Desktop/PendulumAss/assWS/install/custom_msgs/include/custom_msgs/msg/detail/states__struct.hpp
[0.442s] -- Up-to-date symlink: /home/tejas/Desktop/PendulumAss/assWS/install/custom_msgs/include/custom_msgs/msg/detail/states__traits.hpp
[0.442s] -- Up-to-date symlink: /home/tejas/Desktop/PendulumAss/assWS/install/custom_msgs/include/custom_msgs/msg/detail/states__type_support.hpp
[0.442s] -- Up-to-date symlink: /home/tejas/Desktop/PendulumAss/assWS/install/custom_msgs/include/custom_msgs/msg/detail/torque_input__builder.hpp
[0.442s] -- Up-to-date symlink: /home/tejas/Desktop/PendulumAss/assWS/install/custom_msgs/include/custom_msgs/msg/detail/torque_input__struct.hpp
[0.443s] -- Up-to-date symlink: /home/tejas/Desktop/PendulumAss/assWS/install/custom_msgs/include/custom_msgs/msg/detail/torque_input__traits.hpp
[0.443s] -- Up-to-date symlink: /home/tejas/Desktop/PendulumAss/assWS/install/custom_msgs/include/custom_msgs/msg/detail/torque_input__type_support.hpp
[0.443s] -- Up-to-date symlink: /home/tejas/Desktop/PendulumAss/assWS/install/custom_msgs/include/custom_msgs/msg/rosidl_generator_cpp__visibility_control.hpp
[0.443s] -- Up-to-date symlink: /home/tejas/Desktop/PendulumAss/assWS/install/custom_msgs/include/custom_msgs/msg/states.hpp
[0.443s] -- Up-to-date symlink: /home/tejas/Desktop/PendulumAss/assWS/install/custom_msgs/include/custom_msgs/msg/torque_input.hpp
[0.444s] -- Up-to-date symlink: /home/tejas/Desktop/PendulumAss/assWS/install/custom_msgs/include/custom_msgs/msg/detail/states__rosidl_typesupport_introspection_cpp.hpp
[0.444s] -- Up-to-date symlink: /home/tejas/Desktop/PendulumAss/assWS/install/custom_msgs/include/custom_msgs/msg/detail/torque_input__rosidl_typesupport_introspection_cpp.hpp
[0.444s] -- Up-to-date symlink: /home/tejas/Desktop/PendulumAss/assWS/install/custom_msgs/share/custom_msgs/environment/pythonpath.sh
[0.445s] -- Up-to-date symlink: /home/tejas/Desktop/PendulumAss/assWS/install/custom_msgs/share/custom_msgs/environment/pythonpath.dsv
[0.445s] -- Up-to-date symlink: /home/tejas/Desktop/PendulumAss/assWS/install/custom_msgs/lib/python3.8/site-packages/custom_msgs/__init__.py
[0.446s] -- Up-to-date symlink: /home/tejas/Desktop/PendulumAss/assWS/install/custom_msgs/lib/python3.8/site-packages/custom_msgs/msg/__init__.py
[0.446s] -- Up-to-date symlink: /home/tejas/Desktop/PendulumAss/assWS/install/custom_msgs/lib/python3.8/site-packages/custom_msgs/msg/_states.py
[0.446s] -- Up-to-date symlink: /home/tejas/Desktop/PendulumAss/assWS/install/custom_msgs/lib/python3.8/site-packages/custom_msgs/msg/_torque_input.py
[0.447s] -- Up-to-date symlink: /home/tejas/Desktop/PendulumAss/assWS/install/custom_msgs/lib/python3.8/site-packages/custom_msgs/custom_msgs_s__rosidl_typesupport_fastrtps_c.cpython-38-x86_64-linux-gnu.so
[0.447s] -- Up-to-date symlink: /home/tejas/Desktop/PendulumAss/assWS/install/custom_msgs/lib/python3.8/site-packages/custom_msgs/custom_msgs_s__rosidl_typesupport_introspection_c.cpython-38-x86_64-linux-gnu.so
[0.448s] -- Up-to-date symlink: /home/tejas/Desktop/PendulumAss/assWS/install/custom_msgs/lib/python3.8/site-packages/custom_msgs/custom_msgs_s__rosidl_typesupport_c.cpython-38-x86_64-linux-gnu.so
[0.449s] -- Up-to-date symlink: /home/tejas/Desktop/PendulumAss/assWS/install/custom_msgs/lib/libcustom_msgs__python.so
[0.449s] -- Up-to-date symlink: /home/tejas/Desktop/PendulumAss/assWS/install/custom_msgs/share/custom_msgs/msg/TorqueInput.idl
[0.449s] -- Up-to-date symlink: /home/tejas/Desktop/PendulumAss/assWS/install/custom_msgs/share/custom_msgs/msg/States.idl
[0.450s] -- Up-to-date symlink: /home/tejas/Desktop/PendulumAss/assWS/install/custom_msgs/share/custom_msgs/msg/TorqueInput.msg
[0.450s] -- Up-to-date symlink: /home/tejas/Desktop/PendulumAss/assWS/install/custom_msgs/share/custom_msgs/msg/States.msg
[0.450s] -- Up-to-date symlink: /home/tejas/Desktop/PendulumAss/assWS/install/custom_msgs/share/ament_index/resource_index/package_run_dependencies/custom_msgs
[0.451s] -- Up-to-date symlink: /home/tejas/Desktop/PendulumAss/assWS/install/custom_msgs/share/ament_index/resource_index/parent_prefix_path/custom_msgs
[0.451s] -- Up-to-date symlink: /home/tejas/Desktop/PendulumAss/assWS/install/custom_msgs/share/custom_msgs/environment/ament_prefix_path.sh
[0.451s] -- Up-to-date symlink: /home/tejas/Desktop/PendulumAss/assWS/install/custom_msgs/share/custom_msgs/environment/ament_prefix_path.dsv
[0.451s] -- Up-to-date symlink: /home/tejas/Desktop/PendulumAss/assWS/install/custom_msgs/share/custom_msgs/environment/path.sh
[0.452s] -- Up-to-date symlink: /home/tejas/Desktop/PendulumAss/assWS/install/custom_msgs/share/custom_msgs/environment/path.dsv
[0.452s] -- Up-to-date symlink: /home/tejas/Desktop/PendulumAss/assWS/install/custom_msgs/share/custom_msgs/local_setup.bash
[0.452s] -- Up-to-date symlink: /home/tejas/Desktop/PendulumAss/assWS/install/custom_msgs/share/custom_msgs/local_setup.sh
[0.453s] -- Up-to-date symlink: /home/tejas/Desktop/PendulumAss/assWS/install/custom_msgs/share/custom_msgs/local_setup.zsh
[0.453s] -- Up-to-date symlink: /home/tejas/Desktop/PendulumAss/assWS/install/custom_msgs/share/custom_msgs/local_setup.dsv
[0.453s] -- Symlinking: /home/tejas/Desktop/PendulumAss/assWS/install/custom_msgs/share/custom_msgs/package.dsv
[0.463s] -- Up-to-date symlink: /home/tejas/Desktop/PendulumAss/assWS/install/custom_msgs/share/ament_index/resource_index/packages/custom_msgs
[0.463s] -- Up-to-date symlink: /home/tejas/Desktop/PendulumAss/assWS/install/custom_msgs/share/custom_msgs/cmake/rosidl_cmake-extras.cmake
[0.464s] -- Up-to-date symlink: /home/tejas/Desktop/PendulumAss/assWS/install/custom_msgs/share/custom_msgs/cmake/ament_cmake_export_dependencies-extras.cmake
[0.464s] -- Up-to-date symlink: /home/tejas/Desktop/PendulumAss/assWS/install/custom_msgs/share/custom_msgs/cmake/ament_cmake_export_libraries-extras.cmake
[0.464s] -- Up-to-date symlink: /home/tejas/Desktop/PendulumAss/assWS/install/custom_msgs/share/custom_msgs/cmake/ament_cmake_export_targets-extras.cmake
[0.464s] -- Up-to-date symlink: /home/tejas/Desktop/PendulumAss/assWS/install/custom_msgs/share/custom_msgs/cmake/ament_cmake_export_include_directories-extras.cmake
[0.465s] -- Up-to-date symlink: /home/tejas/Desktop/PendulumAss/assWS/install/custom_msgs/share/custom_msgs/cmake/rosidl_cmake_export_typesupport_libraries-extras.cmake
[0.465s] -- Up-to-date symlink: /home/tejas/Desktop/PendulumAss/assWS/install/custom_msgs/share/custom_msgs/cmake/rosidl_cmake_export_typesupport_targets-extras.cmake
[0.465s] -- Up-to-date symlink: /home/tejas/Desktop/PendulumAss/assWS/install/custom_msgs/share/custom_msgs/cmake/custom_msgsConfig.cmake
[0.466s] -- Up-to-date symlink: /home/tejas/Desktop/PendulumAss/assWS/install/custom_msgs/share/custom_msgs/cmake/custom_msgsConfig-version.cmake
[0.466s] -- Up-to-date symlink: /home/tejas/Desktop/PendulumAss/assWS/install/custom_msgs/share/custom_msgs/package.xml
[0.466s] -- Up-to-date: /home/tejas/Desktop/PendulumAss/assWS/install/custom_msgs/lib/libcustom_msgs__rosidl_generator_c.so
[0.467s] -- Up-to-date: /home/tejas/Desktop/PendulumAss/assWS/install/custom_msgs/lib/libcustom_msgs__rosidl_typesupport_introspection_c.so
[0.467s] -- Up-to-date: /home/tejas/Desktop/PendulumAss/assWS/install/custom_msgs/lib/libcustom_msgs__rosidl_typesupport_c.so
[0.468s] -- Up-to-date: /home/tejas/Desktop/PendulumAss/assWS/install/custom_msgs/lib/libcustom_msgs__rosidl_typesupport_introspection_cpp.so
[0.468s] -- Up-to-date: /home/tejas/Desktop/PendulumAss/assWS/install/custom_msgs/lib/libcustom_msgs__rosidl_typesupport_cpp.so
[0.502s] -- Up-to-date: /home/tejas/Desktop/PendulumAss/assWS/install/custom_msgs/share/custom_msgs/cmake/custom_msgs__rosidl_generator_cExport.cmake
[0.502s] -- Up-to-date: /home/tejas/Desktop/PendulumAss/assWS/install/custom_msgs/share/custom_msgs/cmake/custom_msgs__rosidl_generator_cExport-noconfig.cmake
[0.502s] -- Up-to-date: /home/tejas/Desktop/PendulumAss/assWS/install/custom_msgs/share/custom_msgs/cmake/custom_msgs__rosidl_typesupport_introspection_cExport.cmake
[0.502s] -- Up-to-date: /home/tejas/Desktop/PendulumAss/assWS/install/custom_msgs/share/custom_msgs/cmake/custom_msgs__rosidl_typesupport_introspection_cExport-noconfig.cmake
[0.503s] -- Up-to-date: /home/tejas/Desktop/PendulumAss/assWS/install/custom_msgs/share/custom_msgs/cmake/custom_msgs__rosidl_typesupport_cExport.cmake
[0.503s] -- Up-to-date: /home/tejas/Desktop/PendulumAss/assWS/install/custom_msgs/share/custom_msgs/cmake/custom_msgs__rosidl_typesupport_cExport-noconfig.cmake
[0.503s] -- Up-to-date: /home/tejas/Desktop/PendulumAss/assWS/install/custom_msgs/share/custom_msgs/cmake/custom_msgs__rosidl_generator_cppExport.cmake
[0.503s] -- Up-to-date: /home/tejas/Desktop/PendulumAss/assWS/install/custom_msgs/share/custom_msgs/cmake/custom_msgs__rosidl_typesupport_introspection_cppExport.cmake
[0.503s] -- Up-to-date: /home/tejas/Desktop/PendulumAss/assWS/install/custom_msgs/share/custom_msgs/cmake/custom_msgs__rosidl_typesupport_introspection_cppExport-noconfig.cmake
[0.504s] -- Up-to-date: /home/tejas/Desktop/PendulumAss/assWS/install/custom_msgs/share/custom_msgs/cmake/custom_msgs__rosidl_typesupport_cppExport.cmake
[0.504s] -- Up-to-date: /home/tejas/Desktop/PendulumAss/assWS/install/custom_msgs/share/custom_msgs/cmake/custom_msgs__rosidl_typesupport_cppExport-noconfig.cmake
[0.507s] Invoked command in '/home/tejas/Desktop/PendulumAss/assWS/build/custom_msgs' returned '0': CMAKE_PREFIX_PATH=/opt/ros/foxy /usr/bin/cmake --install /home/tejas/Desktop/PendulumAss/assWS/build/custom_msgs
