[0.017s] Invoking command in '/home/tejas/Desktop/PendulumAss/assWS/build/custom_msg': /usr/bin/cmake /home/tejas/Desktop/PendulumAss/assWS/src/custom_msg -DCMAKE_INSTALL_PREFIX=/home/tejas/Desktop/PendulumAss/assWS/install/custom_msg
[0.174s] -- Found ament_cmake: 0.9.12 (/opt/ros/foxy/share/ament_cmake/cmake)
[0.177s] -- Using PYTHON_EXECUTABLE: /usr/bin/python3
[0.209s] Traceback (most recent call last):
[0.209s]   File "/opt/ros/foxy/share/ament_cmake_core/cmake/package_templates/templates_2_cmake.py", line 21, in <module>
[0.210s]     from ament_package.templates import get_environment_hook_template_path
[0.210s] ModuleNotFoundError: No module named 'ament_package'
[0.245s] CMake Error at /opt/ros/foxy/share/ament_cmake_core/cmake/ament_cmake_package_templates-extras.cmake:41 (message):
[0.245s]   execute_process(/usr/bin/python3
[0.245s]   /opt/ros/foxy/share/ament_cmake_core/cmake/package_templates/templates_2_cmake.py
[0.245s]   /home/tejas/Desktop/PendulumAss/assWS/build/custom_msg/ament_cmake_package_templates/templates.cmake)
[0.246s]   returned error code 1
[0.246s] Call Stack (most recent call first):
[0.246s]   /opt/ros/foxy/share/ament_cmake_core/cmake/ament_cmake_coreConfig.cmake:41 (include)
[0.246s]   /opt/ros/foxy/share/ament_cmake/cmake/ament_cmake_export_dependencies-extras.cmake:15 (find_package)
[0.246s]   /opt/ros/foxy/share/ament_cmake/cmake/ament_cmakeConfig.cmake:41 (include)
[0.246s]   CMakeLists.txt:19 (find_package)
[0.246s] 
[0.246s] 
[0.246s] -- Configuring incomplete, errors occurred!
[0.246s] See also "/home/tejas/Desktop/PendulumAss/assWS/build/custom_msg/CMakeFiles/CMakeOutput.log".
[0.249s] Invoked command in '/home/tejas/Desktop/PendulumAss/assWS/build/custom_msg' returned '1': /usr/bin/cmake /home/tejas/Desktop/PendulumAss/assWS/src/custom_msg -DCMAKE_INSTALL_PREFIX=/home/tejas/Desktop/PendulumAss/assWS/install/custom_msg
