[0.016s] Invoking command in '/home/tejas/Desktop/PendulumAss/assWS/build/custom_msgs': CMAKE_PREFIX_PATH=${CMAKE_PREFIX_PATH}:/home/tejas/Desktop/PendulumAss/assWS/install/single_inverted:/opt/ros/foxy /usr/bin/cmake /home/tejas/Desktop/PendulumAss/assWS/src/pendulum-problems-ros2/custom_msgs -DCMAKE_INSTALL_PREFIX=/home/tejas/Desktop/PendulumAss/assWS/install/custom_msgs
[0.054s] -- Found ament_cmake: 0.9.12 (/opt/ros/foxy/share/ament_cmake/cmake)
[0.077s] -- Found PythonInterp: /usr/bin/python3 (found suitable version "3.8.10", minimum required is "3") 
[0.077s] -- Using PYTHON_EXECUTABLE: /usr/bin/python3
[0.219s] -- Override CMake install command with custom implementation using symlinks instead of copying resources
[0.238s] -- Found rosidl_default_generators: 1.0.1 (/opt/ros/foxy/share/rosidl_default_generators/cmake)
[0.240s] -- Using all available rosidl_typesupport_c: rosidl_typesupport_fastrtps_c;rosidl_typesupport_introspection_c
[0.246s] -- Found rosidl_adapter: 1.3.1 (/opt/ros/foxy/share/rosidl_adapter/cmake)
[0.374s] -- Using all available rosidl_typesupport_cpp: rosidl_typesupport_fastrtps_cpp;rosidl_typesupport_introspection_cpp
[0.437s] -- Found PythonInterp: /usr/bin/python3 (found version "3.8.10") 
[0.557s] -- Found ament_cmake_ros: 0.9.2 (/opt/ros/foxy/share/ament_cmake_ros/cmake)
[0.671s] -- Using all available rosidl_typesupport_c: rosidl_typesupport_fastrtps_c;rosidl_typesupport_introspection_c
[0.692s] -- Using all available rosidl_typesupport_cpp: rosidl_typesupport_fastrtps_cpp;rosidl_typesupport_introspection_cpp
[0.722s] -- Found PythonInterp: /usr/bin/python3 (found suitable version "3.8.10", minimum required is "3.5") 
[0.723s] -- Found python_cmake_module: 0.8.1 (/opt/ros/foxy/share/python_cmake_module/cmake)
[0.758s] -- Using PYTHON_EXECUTABLE: /usr/bin/python3
[0.758s] -- Using PYTHON_INCLUDE_DIRS: /usr/include/python3.8
[0.759s] -- Using PYTHON_LIBRARIES: /usr/lib/x86_64-linux-gnu/libpython3.8.so
[0.770s] -- Found ament_lint_auto: 0.9.8 (/opt/ros/foxy/share/ament_lint_auto/cmake)
[0.802s] -- Added test 'copyright' to check source files copyright and LICENSE
[0.803s] -- Added test 'lint_cmake' to check CMake code style
[0.805s] -- Added test 'xmllint' to check XML markup files
[0.814s] -- Configuring done
[0.923s] -- Generating done
[0.926s] -- Build files have been written to: /home/tejas/Desktop/PendulumAss/assWS/build/custom_msgs
[0.937s] Invoked command in '/home/tejas/Desktop/PendulumAss/assWS/build/custom_msgs' returned '0': CMAKE_PREFIX_PATH=${CMAKE_PREFIX_PATH}:/home/tejas/Desktop/PendulumAss/assWS/install/single_inverted:/opt/ros/foxy /usr/bin/cmake /home/tejas/Desktop/PendulumAss/assWS/src/pendulum-problems-ros2/custom_msgs -DCMAKE_INSTALL_PREFIX=/home/tejas/Desktop/PendulumAss/assWS/install/custom_msgs
[0.940s] Invoking command in '/home/tejas/Desktop/PendulumAss/assWS/build/custom_msgs': CMAKE_PREFIX_PATH=${CMAKE_PREFIX_PATH}:/home/tejas/Desktop/PendulumAss/assWS/install/single_inverted:/opt/ros/foxy /usr/bin/cmake --build /home/tejas/Desktop/PendulumAss/assWS/build/custom_msgs -- -j4 -l4
[1.001s] [ 10%] Built target custom_msgs__rosidl_generator_c
[1.002s] [ 12%] Built target custom_msgs__cpp
[1.038s] [ 23%] Built target custom_msgs__rosidl_typesupport_c
[1.052s] [ 35%] Built target custom_msgs__rosidl_typesupport_introspection_cpp
[1.053s] [ 43%] Built target custom_msgs__rosidl_typesupport_introspection_c
[1.076s] [ 53%] Built target custom_msgs__rosidl_typesupport_cpp
[1.085s] [ 64%] Built target custom_msgs__rosidl_typesupport_fastrtps_cpp
[1.113s] [ 74%] Built target custom_msgs__rosidl_typesupport_fastrtps_c
[1.133s] [ 74%] Built target custom_msgs
[1.156s] [ 76%] Built target custom_msgs__py
[1.177s] [ 84%] Built target custom_msgs__python
[1.207s] [ 89%] Built target custom_msgs__rosidl_typesupport_introspection_c__pyext
[1.214s] [ 94%] Built target custom_msgs__rosidl_typesupport_fastrtps_c__pyext
[1.215s] [100%] Built target custom_msgs__rosidl_typesupport_c__pyext
[1.236s] Invoked command in '/home/tejas/Desktop/PendulumAss/assWS/build/custom_msgs' returned '0': CMAKE_PREFIX_PATH=${CMAKE_PREFIX_PATH}:/home/tejas/Desktop/PendulumAss/assWS/install/single_inverted:/opt/ros/foxy /usr/bin/cmake --build /home/tejas/Desktop/PendulumAss/assWS/build/custom_msgs -- -j4 -l4
[1.321s] Invoking command in '/home/tejas/Desktop/PendulumAss/assWS/build/custom_msgs': CMAKE_PREFIX_PATH=${CMAKE_PREFIX_PATH}:/home/tejas/Desktop/PendulumAss/assWS/install/single_inverted:/opt/ros/foxy /usr/bin/cmake --install /home/tejas/Desktop/PendulumAss/assWS/build/custom_msgs
[1.330s] -- Install configuration: ""
[1.334s] -- Execute custom install script
[1.335s] -- Up-to-date symlink: /home/tejas/Desktop/PendulumAss/assWS/install/custom_msgs/share/ament_index/resource_index/rosidl_interfaces/custom_msgs
[1.335s] -- Up-to-date symlink: /home/tejas/Desktop/PendulumAss/assWS/install/custom_msgs/include/custom_msgs/msg/detail/states__functions.h
[1.336s] -- Up-to-date symlink: /home/tejas/Desktop/PendulumAss/assWS/install/custom_msgs/include/custom_msgs/msg/detail/states__struct.h
[1.338s] -- Up-to-date symlink: /home/tejas/Desktop/PendulumAss/assWS/install/custom_msgs/include/custom_msgs/msg/detail/states__type_support.h
[1.339s] -- Up-to-date symlink: /home/tejas/Desktop/PendulumAss/assWS/install/custom_msgs/include/custom_msgs/msg/detail/torque_input__functions.h
[1.340s] -- Up-to-date symlink: /home/tejas/Desktop/PendulumAss/assWS/install/custom_msgs/include/custom_msgs/msg/detail/torque_input__struct.h
[1.340s] -- Up-to-date symlink: /home/tejas/Desktop/PendulumAss/assWS/install/custom_msgs/include/custom_msgs/msg/detail/torque_input__type_support.h
[1.343s] -- Up-to-date symlink: /home/tejas/Desktop/PendulumAss/assWS/install/custom_msgs/include/custom_msgs/msg/rosidl_generator_c__visibility_control.h
[1.344s] -- Up-to-date symlink: /home/tejas/Desktop/PendulumAss/assWS/install/custom_msgs/include/custom_msgs/msg/states.h
[1.345s] -- Up-to-date symlink: /home/tejas/Desktop/PendulumAss/assWS/install/custom_msgs/include/custom_msgs/msg/torque_input.h
[1.345s] -- Up-to-date symlink: /home/tejas/Desktop/PendulumAss/assWS/install/custom_msgs/share/custom_msgs/environment/library_path.sh
[1.346s] -- Up-to-date symlink: /home/tejas/Desktop/PendulumAss/assWS/install/custom_msgs/share/custom_msgs/environment/library_path.dsv
[1.346s] -- Up-to-date symlink: /home/tejas/Desktop/PendulumAss/assWS/install/custom_msgs/include/custom_msgs/msg/detail/states__rosidl_typesupport_fastrtps_c.h
[1.347s] -- Up-to-date symlink: /home/tejas/Desktop/PendulumAss/assWS/install/custom_msgs/include/custom_msgs/msg/detail/torque_input__rosidl_typesupport_fastrtps_c.h
[1.348s] -- Up-to-date symlink: /home/tejas/Desktop/PendulumAss/assWS/install/custom_msgs/include/custom_msgs/msg/rosidl_typesupport_fastrtps_c__visibility_control.h
[1.348s] -- Up-to-date symlink: /home/tejas/Desktop/PendulumAss/assWS/install/custom_msgs/lib/libcustom_msgs__rosidl_typesupport_fastrtps_c.so
[1.348s] -- Up-to-date symlink: /home/tejas/Desktop/PendulumAss/assWS/install/custom_msgs/include/custom_msgs/msg/detail/states__rosidl_typesupport_fastrtps_cpp.hpp
[1.349s] -- Up-to-date symlink: /home/tejas/Desktop/PendulumAss/assWS/install/custom_msgs/include/custom_msgs/msg/detail/torque_input__rosidl_typesupport_fastrtps_cpp.hpp
[1.349s] -- Up-to-date symlink: /home/tejas/Desktop/PendulumAss/assWS/install/custom_msgs/include/custom_msgs/msg/rosidl_typesupport_fastrtps_cpp__visibility_control.h
[1.350s] -- Up-to-date symlink: /home/tejas/Desktop/PendulumAss/assWS/install/custom_msgs/lib/libcustom_msgs__rosidl_typesupport_fastrtps_cpp.so
[1.350s] -- Up-to-date symlink: /home/tejas/Desktop/PendulumAss/assWS/install/custom_msgs/include/custom_msgs/msg/detail/states__rosidl_typesupport_introspection_c.h
[1.351s] -- Up-to-date symlink: /home/tejas/Desktop/PendulumAss/assWS/install/custom_msgs/include/custom_msgs/msg/detail/torque_input__rosidl_typesupport_introspection_c.h
[1.351s] -- Up-to-date symlink: /home/tejas/Desktop/PendulumAss/assWS/install/custom_msgs/include/custom_msgs/msg/rosidl_typesupport_introspection_c__visibility_control.h
[1.352s] -- Up-to-date symlink: /home/tejas/Desktop/PendulumAss/assWS/install/custom_msgs/include/custom_msgs/msg/detail/states__builder.hpp
[1.352s] -- Up-to-date symlink: /home/tejas/Desktop/PendulumAss/assWS/install/custom_msgs/include/custom_msgs/msg/detail/states__struct.hpp
[1.353s] -- Up-to-date symlink: /home/tejas/Desktop/PendulumAss/assWS/install/custom_msgs/include/custom_msgs/msg/detail/states__traits.hpp
[1.353s] -- Up-to-date symlink: /home/tejas/Desktop/PendulumAss/assWS/install/custom_msgs/include/custom_msgs/msg/detail/states__type_support.hpp
[1.354s] -- Up-to-date symlink: /home/tejas/Desktop/PendulumAss/assWS/install/custom_msgs/include/custom_msgs/msg/detail/torque_input__builder.hpp
[1.355s] -- Up-to-date symlink: /home/tejas/Desktop/PendulumAss/assWS/install/custom_msgs/include/custom_msgs/msg/detail/torque_input__struct.hpp
[1.355s] -- Up-to-date symlink: /home/tejas/Desktop/PendulumAss/assWS/install/custom_msgs/include/custom_msgs/msg/detail/torque_input__traits.hpp
[1.356s] -- Up-to-date symlink: /home/tejas/Desktop/PendulumAss/assWS/install/custom_msgs/include/custom_msgs/msg/detail/torque_input__type_support.hpp
[1.356s] -- Up-to-date symlink: /home/tejas/Desktop/PendulumAss/assWS/install/custom_msgs/include/custom_msgs/msg/rosidl_generator_cpp__visibility_control.hpp
[1.356s] -- Up-to-date symlink: /home/tejas/Desktop/PendulumAss/assWS/install/custom_msgs/include/custom_msgs/msg/states.hpp
[1.357s] -- Up-to-date symlink: /home/tejas/Desktop/PendulumAss/assWS/install/custom_msgs/include/custom_msgs/msg/torque_input.hpp
[1.360s] -- Up-to-date symlink: /home/tejas/Desktop/PendulumAss/assWS/install/custom_msgs/include/custom_msgs/msg/detail/states__rosidl_typesupport_introspection_cpp.hpp
[1.361s] -- Up-to-date symlink: /home/tejas/Desktop/PendulumAss/assWS/install/custom_msgs/include/custom_msgs/msg/detail/torque_input__rosidl_typesupport_introspection_cpp.hpp
[1.361s] -- Up-to-date symlink: /home/tejas/Desktop/PendulumAss/assWS/install/custom_msgs/share/custom_msgs/environment/pythonpath.sh
[1.361s] -- Up-to-date symlink: /home/tejas/Desktop/PendulumAss/assWS/install/custom_msgs/share/custom_msgs/environment/pythonpath.dsv
[1.361s] -- Up-to-date symlink: /home/tejas/Desktop/PendulumAss/assWS/install/custom_msgs/lib/python3.8/site-packages/custom_msgs/__init__.py
[1.361s] -- Up-to-date symlink: /home/tejas/Desktop/PendulumAss/assWS/install/custom_msgs/lib/python3.8/site-packages/custom_msgs/msg/__init__.py
[1.361s] -- Up-to-date symlink: /home/tejas/Desktop/PendulumAss/assWS/install/custom_msgs/lib/python3.8/site-packages/custom_msgs/msg/_states.py
[1.361s] -- Up-to-date symlink: /home/tejas/Desktop/PendulumAss/assWS/install/custom_msgs/lib/python3.8/site-packages/custom_msgs/msg/_torque_input.py
[1.361s] -- Up-to-date symlink: /home/tejas/Desktop/PendulumAss/assWS/install/custom_msgs/lib/python3.8/site-packages/custom_msgs/custom_msgs_s__rosidl_typesupport_fastrtps_c.cpython-38-x86_64-linux-gnu.so
[1.361s] -- Up-to-date symlink: /home/tejas/Desktop/PendulumAss/assWS/install/custom_msgs/lib/python3.8/site-packages/custom_msgs/custom_msgs_s__rosidl_typesupport_introspection_c.cpython-38-x86_64-linux-gnu.so
[1.361s] -- Up-to-date symlink: /home/tejas/Desktop/PendulumAss/assWS/install/custom_msgs/lib/python3.8/site-packages/custom_msgs/custom_msgs_s__rosidl_typesupport_c.cpython-38-x86_64-linux-gnu.so
[1.361s] -- Up-to-date symlink: /home/tejas/Desktop/PendulumAss/assWS/install/custom_msgs/lib/libcustom_msgs__python.so
[1.362s] -- Up-to-date symlink: /home/tejas/Desktop/PendulumAss/assWS/install/custom_msgs/share/custom_msgs/msg/TorqueInput.idl
[1.362s] -- Up-to-date symlink: /home/tejas/Desktop/PendulumAss/assWS/install/custom_msgs/share/custom_msgs/msg/States.idl
[1.362s] -- Up-to-date symlink: /home/tejas/Desktop/PendulumAss/assWS/install/custom_msgs/share/custom_msgs/msg/TorqueInput.msg
[1.362s] -- Up-to-date symlink: /home/tejas/Desktop/PendulumAss/assWS/install/custom_msgs/share/custom_msgs/msg/States.msg
[1.362s] -- Up-to-date symlink: /home/tejas/Desktop/PendulumAss/assWS/install/custom_msgs/share/ament_index/resource_index/package_run_dependencies/custom_msgs
[1.362s] -- Up-to-date symlink: /home/tejas/Desktop/PendulumAss/assWS/install/custom_msgs/share/ament_index/resource_index/parent_prefix_path/custom_msgs
[1.362s] -- Up-to-date symlink: /home/tejas/Desktop/PendulumAss/assWS/install/custom_msgs/share/custom_msgs/environment/ament_prefix_path.sh
[1.362s] -- Up-to-date symlink: /home/tejas/Desktop/PendulumAss/assWS/install/custom_msgs/share/custom_msgs/environment/ament_prefix_path.dsv
[1.362s] -- Up-to-date symlink: /home/tejas/Desktop/PendulumAss/assWS/install/custom_msgs/share/custom_msgs/environment/path.sh
[1.362s] -- Up-to-date symlink: /home/tejas/Desktop/PendulumAss/assWS/install/custom_msgs/share/custom_msgs/environment/path.dsv
[1.362s] -- Up-to-date symlink: /home/tejas/Desktop/PendulumAss/assWS/install/custom_msgs/share/custom_msgs/local_setup.bash
[1.362s] -- Up-to-date symlink: /home/tejas/Desktop/PendulumAss/assWS/install/custom_msgs/share/custom_msgs/local_setup.sh
[1.362s] -- Up-to-date symlink: /home/tejas/Desktop/PendulumAss/assWS/install/custom_msgs/share/custom_msgs/local_setup.zsh
[1.363s] -- Up-to-date symlink: /home/tejas/Desktop/PendulumAss/assWS/install/custom_msgs/share/custom_msgs/local_setup.dsv
[1.363s] -- Symlinking: /home/tejas/Desktop/PendulumAss/assWS/install/custom_msgs/share/custom_msgs/package.dsv
[1.363s] -- Up-to-date symlink: /home/tejas/Desktop/PendulumAss/assWS/install/custom_msgs/share/ament_index/resource_index/packages/custom_msgs
[1.363s] -- Up-to-date symlink: /home/tejas/Desktop/PendulumAss/assWS/install/custom_msgs/share/custom_msgs/cmake/rosidl_cmake-extras.cmake
[1.363s] -- Up-to-date symlink: /home/tejas/Desktop/PendulumAss/assWS/install/custom_msgs/share/custom_msgs/cmake/ament_cmake_export_dependencies-extras.cmake
[1.363s] -- Up-to-date symlink: /home/tejas/Desktop/PendulumAss/assWS/install/custom_msgs/share/custom_msgs/cmake/ament_cmake_export_libraries-extras.cmake
[1.363s] -- Up-to-date symlink: /home/tejas/Desktop/PendulumAss/assWS/install/custom_msgs/share/custom_msgs/cmake/ament_cmake_export_targets-extras.cmake
[1.363s] -- Up-to-date symlink: /home/tejas/Desktop/PendulumAss/assWS/install/custom_msgs/share/custom_msgs/cmake/ament_cmake_export_include_directories-extras.cmake
[1.363s] -- Up-to-date symlink: /home/tejas/Desktop/PendulumAss/assWS/install/custom_msgs/share/custom_msgs/cmake/rosidl_cmake_export_typesupport_libraries-extras.cmake
[1.363s] -- Up-to-date symlink: /home/tejas/Desktop/PendulumAss/assWS/install/custom_msgs/share/custom_msgs/cmake/rosidl_cmake_export_typesupport_targets-extras.cmake
[1.363s] -- Up-to-date symlink: /home/tejas/Desktop/PendulumAss/assWS/install/custom_msgs/share/custom_msgs/cmake/custom_msgsConfig.cmake
[1.363s] -- Up-to-date symlink: /home/tejas/Desktop/PendulumAss/assWS/install/custom_msgs/share/custom_msgs/cmake/custom_msgsConfig-version.cmake
[1.363s] -- Up-to-date symlink: /home/tejas/Desktop/PendulumAss/assWS/install/custom_msgs/share/custom_msgs/package.xml
[1.363s] -- Up-to-date: /home/tejas/Desktop/PendulumAss/assWS/install/custom_msgs/lib/libcustom_msgs__rosidl_generator_c.so
[1.364s] -- Up-to-date: /home/tejas/Desktop/PendulumAss/assWS/install/custom_msgs/lib/libcustom_msgs__rosidl_typesupport_introspection_c.so
[1.364s] -- Up-to-date: /home/tejas/Desktop/PendulumAss/assWS/install/custom_msgs/lib/libcustom_msgs__rosidl_typesupport_c.so
[1.364s] -- Up-to-date: /home/tejas/Desktop/PendulumAss/assWS/install/custom_msgs/lib/libcustom_msgs__rosidl_typesupport_introspection_cpp.so
[1.364s] -- Up-to-date: /home/tejas/Desktop/PendulumAss/assWS/install/custom_msgs/lib/libcustom_msgs__rosidl_typesupport_cpp.so
[1.396s] Compiling '/home/tejas/Desktop/PendulumAss/assWS/install/custom_msgs/lib/python3.8/site-packages/custom_msgs/__init__.py'...
[1.401s] -- Up-to-date: /home/tejas/Desktop/PendulumAss/assWS/install/custom_msgs/share/custom_msgs/cmake/custom_msgs__rosidl_generator_cExport.cmake
[1.401s] -- Installing: /home/tejas/Desktop/PendulumAss/assWS/install/custom_msgs/share/custom_msgs/cmake/custom_msgs__rosidl_generator_cExport-noconfig.cmake
[1.403s] -- Up-to-date: /home/tejas/Desktop/PendulumAss/assWS/install/custom_msgs/share/custom_msgs/cmake/custom_msgs__rosidl_typesupport_introspection_cExport.cmake
[1.403s] -- Installing: /home/tejas/Desktop/PendulumAss/assWS/install/custom_msgs/share/custom_msgs/cmake/custom_msgs__rosidl_typesupport_introspection_cExport-noconfig.cmake
[1.405s] -- Up-to-date: /home/tejas/Desktop/PendulumAss/assWS/install/custom_msgs/share/custom_msgs/cmake/custom_msgs__rosidl_typesupport_cExport.cmake
[1.405s] -- Installing: /home/tejas/Desktop/PendulumAss/assWS/install/custom_msgs/share/custom_msgs/cmake/custom_msgs__rosidl_typesupport_cExport-noconfig.cmake
[1.407s] -- Up-to-date: /home/tejas/Desktop/PendulumAss/assWS/install/custom_msgs/share/custom_msgs/cmake/custom_msgs__rosidl_generator_cppExport.cmake
[1.407s] -- Up-to-date: /home/tejas/Desktop/PendulumAss/assWS/install/custom_msgs/share/custom_msgs/cmake/custom_msgs__rosidl_typesupport_introspection_cppExport.cmake
[1.407s] -- Installing: /home/tejas/Desktop/PendulumAss/assWS/install/custom_msgs/share/custom_msgs/cmake/custom_msgs__rosidl_typesupport_introspection_cppExport-noconfig.cmake
[1.408s] -- Up-to-date: /home/tejas/Desktop/PendulumAss/assWS/install/custom_msgs/share/custom_msgs/cmake/custom_msgs__rosidl_typesupport_cppExport.cmake
[1.408s] -- Installing: /home/tejas/Desktop/PendulumAss/assWS/install/custom_msgs/share/custom_msgs/cmake/custom_msgs__rosidl_typesupport_cppExport-noconfig.cmake
[1.410s] Invoked command in '/home/tejas/Desktop/PendulumAss/assWS/build/custom_msgs' returned '0': CMAKE_PREFIX_PATH=${CMAKE_PREFIX_PATH}:/home/tejas/Desktop/PendulumAss/assWS/install/single_inverted:/opt/ros/foxy /usr/bin/cmake --install /home/tejas/Desktop/PendulumAss/assWS/build/custom_msgs
