[0.016s] Invoking command in '/home/tejas/Desktop/PendulumAss/assWS/build/custom_msg': CMAKE_PREFIX_PATH=/opt/ros/foxy /usr/bin/cmake /home/tejas/Desktop/PendulumAss/assWS/src/custom_msg -DAMENT_CMAKE_SYMLINK_INSTALL=1 -DCMAKE_INSTALL_PREFIX=/home/tejas/Desktop/PendulumAss/assWS/install/custom_msg
[0.148s] -- The C compiler identification is GNU 9.4.0
[0.261s] -- The CXX compiler identification is GNU 9.4.0
[0.268s] -- Check for working C compiler: /usr/bin/cc
[0.341s] -- Check for working C compiler: /usr/bin/cc -- works
[0.343s] -- Detecting C compiler ABI info
[0.407s] -- Detecting C compiler ABI info - done
[0.421s] -- Detecting C compile features
[0.421s] -- Detecting C compile features - done
[0.423s] -- Check for working CXX compiler: /usr/bin/c++
[0.481s] -- Check for working CXX compiler: /usr/bin/c++ -- works
[0.481s] -- Detecting CXX compiler ABI info
[0.542s] -- Detecting CXX compiler ABI info - done
[0.556s] -- Detecting CXX compile features
[0.556s] -- Detecting CXX compile features - done
[0.557s] -- Found ament_cmake: 0.9.12 (/opt/ros/foxy/share/ament_cmake/cmake)
[0.578s] -- Found PythonInterp: /usr/bin/python3 (found suitable version "3.8.10", minimum required is "3") 
[0.578s] -- Using PYTHON_EXECUTABLE: /usr/bin/python3
[0.698s] -- Override CMake install command with custom implementation using symlinks instead of copying resources
[0.726s] -- Found rosidl_default_generators: 1.0.1 (/opt/ros/foxy/share/rosidl_default_generators/cmake)
[0.730s] -- Using all available rosidl_typesupport_c: rosidl_typesupport_fastrtps_c;rosidl_typesupport_introspection_c
[0.738s] -- Found rosidl_adapter: 1.3.1 (/opt/ros/foxy/share/rosidl_adapter/cmake)
[0.812s] -- Found OpenSSL: /usr/lib/x86_64-linux-gnu/libcrypto.so (found version "1.1.1f")  
[0.834s] -- Found FastRTPS: /opt/ros/foxy/include  
[0.911s] -- Using all available rosidl_typesupport_cpp: rosidl_typesupport_fastrtps_cpp;rosidl_typesupport_introspection_cpp
[0.933s] CMake Error at /opt/ros/foxy/share/rosidl_cmake/cmake/rosidl_generate_interfaces.cmake:93 (message):
[0.933s]   rosidl_generate_interfaces() the passed file 'msg/TorqueInput.msg' doesn't
[0.933s]   exist relative to the CMAKE_CURRENT_SOURCE_DIR
[0.933s]   '/home/tejas/Desktop/PendulumAss/assWS/src/custom_msg'
[0.933s] Call Stack (most recent call first):
[0.933s]   CMakeLists.txt:22 (rosidl_generate_interfaces)
[0.933s] 
[0.933s] 
[0.933s] -- Configuring incomplete, errors occurred!
[0.933s] See also "/home/tejas/Desktop/PendulumAss/assWS/build/custom_msg/CMakeFiles/CMakeOutput.log".
[0.939s] Invoked command in '/home/tejas/Desktop/PendulumAss/assWS/build/custom_msg' returned '1': CMAKE_PREFIX_PATH=/opt/ros/foxy /usr/bin/cmake /home/tejas/Desktop/PendulumAss/assWS/src/custom_msg -DAMENT_CMAKE_SYMLINK_INSTALL=1 -DCMAKE_INSTALL_PREFIX=/home/tejas/Desktop/PendulumAss/assWS/install/custom_msg
