[0.017s] Invoking command in '/home/tejas/Desktop/PendulumAss/assWS/build/custom_msgs': CMAKE_PREFIX_PATH=${CMAKE_PREFIX_PATH}:/home/tejas/Desktop/PendulumAss/assWS/install/single_inverted:/opt/ros/foxy /usr/bin/cmake /home/tejas/Desktop/PendulumAss/assWS/src/pendulum-problems-ros2/custom_msgs -DAMENT_CMAKE_SYMLINK_INSTALL=1 -DCMAKE_INSTALL_PREFIX=/home/tejas/Desktop/PendulumAss/assWS/install/custom_msgs
[0.197s] -- Found ament_cmake: 0.9.12 (/opt/ros/foxy/share/ament_cmake/cmake)
[0.197s] -- Found PythonInterp: /usr/bin/python3 (found suitable version "3.8.10", minimum required is "3") 
[0.198s] -- Using PYTHON_EXECUTABLE: /usr/bin/python3
[0.234s] -- Override CMake install command with custom implementation using symlinks instead of copying resources
[0.242s] -- Found rosidl_default_generators: 1.0.1 (/opt/ros/foxy/share/rosidl_default_generators/cmake)
[0.244s] -- Using all available rosidl_typesupport_c: rosidl_typesupport_fastrtps_c;rosidl_typesupport_introspection_c
[0.246s] -- Found rosidl_adapter: 1.3.1 (/opt/ros/foxy/share/rosidl_adapter/cmake)
[0.343s] -- Using all available rosidl_typesupport_cpp: rosidl_typesupport_fastrtps_cpp;rosidl_typesupport_introspection_cpp
[0.379s] -- Found PythonInterp: /usr/bin/python3 (found version "3.8.10") 
[0.498s] -- Found ament_cmake_ros: 0.9.2 (/opt/ros/foxy/share/ament_cmake_ros/cmake)
[0.588s] -- Using all available rosidl_typesupport_c: rosidl_typesupport_fastrtps_c;rosidl_typesupport_introspection_c
[0.595s] -- Using all available rosidl_typesupport_cpp: rosidl_typesupport_fastrtps_cpp;rosidl_typesupport_introspection_cpp
[0.618s] -- Found PythonInterp: /usr/bin/python3 (found suitable version "3.8.10", minimum required is "3.5") 
[0.619s] -- Found python_cmake_module: 0.8.1 (/opt/ros/foxy/share/python_cmake_module/cmake)
[0.640s] -- Using PYTHON_EXECUTABLE: /usr/bin/python3
[0.640s] -- Using PYTHON_INCLUDE_DIRS: /usr/include/python3.8
[0.641s] -- Using PYTHON_LIBRARIES: /usr/lib/x86_64-linux-gnu/libpython3.8.so
[0.654s] -- Found ament_lint_auto: 0.9.8 (/opt/ros/foxy/share/ament_lint_auto/cmake)
[0.666s] -- Added test 'copyright' to check source files copyright and LICENSE
[0.666s] -- Added test 'lint_cmake' to check CMake code style
[0.667s] -- Added test 'xmllint' to check XML markup files
[0.672s] -- Configuring done
[0.720s] -- Generating done
[0.720s] -- Build files have been written to: /home/tejas/Desktop/PendulumAss/assWS/build/custom_msgs
[0.729s] Invoked command in '/home/tejas/Desktop/PendulumAss/assWS/build/custom_msgs' returned '0': CMAKE_PREFIX_PATH=${CMAKE_PREFIX_PATH}:/home/tejas/Desktop/PendulumAss/assWS/install/single_inverted:/opt/ros/foxy /usr/bin/cmake /home/tejas/Desktop/PendulumAss/assWS/src/pendulum-problems-ros2/custom_msgs -DAMENT_CMAKE_SYMLINK_INSTALL=1 -DCMAKE_INSTALL_PREFIX=/home/tejas/Desktop/PendulumAss/assWS/install/custom_msgs
[0.732s] Invoking command in '/home/tejas/Desktop/PendulumAss/assWS/build/custom_msgs': CMAKE_PREFIX_PATH=${CMAKE_PREFIX_PATH}:/home/tejas/Desktop/PendulumAss/assWS/install/single_inverted:/opt/ros/foxy /usr/bin/cmake --build /home/tejas/Desktop/PendulumAss/assWS/build/custom_msgs -- -j4 -l4
[0.789s] [  2%] Built target custom_msgs__cpp
[0.800s] [ 12%] Built target custom_msgs__rosidl_generator_c
[0.837s] [ 23%] Built target custom_msgs__rosidl_typesupport_cpp
[0.861s] [ 33%] Built target custom_msgs__rosidl_typesupport_fastrtps_cpp
[0.875s] [ 43%] Built target custom_msgs__rosidl_typesupport_introspection_cpp
[0.885s] [ 53%] Built target custom_msgs__rosidl_typesupport_c
[0.896s] [ 64%] Built target custom_msgs__rosidl_typesupport_introspection_c
[0.914s] [ 74%] Built target custom_msgs__rosidl_typesupport_fastrtps_c
[0.928s] [ 74%] Built target custom_msgs
[0.944s] [ 76%] Built target custom_msgs__py
[0.966s] [ 84%] Built target custom_msgs__python
[0.995s] [ 89%] Built target custom_msgs__rosidl_typesupport_fastrtps_c__pyext
[1.004s] [ 94%] Built target custom_msgs__rosidl_typesupport_introspection_c__pyext
[1.005s] [100%] Built target custom_msgs__rosidl_typesupport_c__pyext
[1.017s] Invoked command in '/home/tejas/Desktop/PendulumAss/assWS/build/custom_msgs' returned '0': CMAKE_PREFIX_PATH=${CMAKE_PREFIX_PATH}:/home/tejas/Desktop/PendulumAss/assWS/install/single_inverted:/opt/ros/foxy /usr/bin/cmake --build /home/tejas/Desktop/PendulumAss/assWS/build/custom_msgs -- -j4 -l4
[1.091s] Invoking command in '/home/tejas/Desktop/PendulumAss/assWS/build/custom_msgs': CMAKE_PREFIX_PATH=${CMAKE_PREFIX_PATH}:/home/tejas/Desktop/PendulumAss/assWS/install/single_inverted:/opt/ros/foxy /usr/bin/cmake --install /home/tejas/Desktop/PendulumAss/assWS/build/custom_msgs
[1.102s] -- Install configuration: ""
[1.103s] -- Execute custom install script
[1.104s] -- Up-to-date symlink: /home/tejas/Desktop/PendulumAss/assWS/install/custom_msgs/share/ament_index/resource_index/rosidl_interfaces/custom_msgs
[1.105s] -- Up-to-date symlink: /home/tejas/Desktop/PendulumAss/assWS/install/custom_msgs/include/custom_msgs/msg/detail/states__functions.h
[1.105s] -- Up-to-date symlink: /home/tejas/Desktop/PendulumAss/assWS/install/custom_msgs/include/custom_msgs/msg/detail/states__struct.h
[1.106s] -- Up-to-date symlink: /home/tejas/Desktop/PendulumAss/assWS/install/custom_msgs/include/custom_msgs/msg/detail/states__type_support.h
[1.108s] -- Up-to-date symlink: /home/tejas/Desktop/PendulumAss/assWS/install/custom_msgs/include/custom_msgs/msg/detail/torque_input__functions.h
[1.108s] -- Up-to-date symlink: /home/tejas/Desktop/PendulumAss/assWS/install/custom_msgs/include/custom_msgs/msg/detail/torque_input__struct.h
[1.108s] -- Up-to-date symlink: /home/tejas/Desktop/PendulumAss/assWS/install/custom_msgs/include/custom_msgs/msg/detail/torque_input__type_support.h
[1.108s] -- Up-to-date symlink: /home/tejas/Desktop/PendulumAss/assWS/install/custom_msgs/include/custom_msgs/msg/rosidl_generator_c__visibility_control.h
[1.112s] -- Up-to-date symlink: /home/tejas/Desktop/PendulumAss/assWS/install/custom_msgs/include/custom_msgs/msg/states.h
[1.112s] -- Up-to-date symlink: /home/tejas/Desktop/PendulumAss/assWS/install/custom_msgs/include/custom_msgs/msg/torque_input.h
[1.112s] -- Up-to-date symlink: /home/tejas/Desktop/PendulumAss/assWS/install/custom_msgs/share/custom_msgs/environment/library_path.sh
[1.112s] -- Up-to-date symlink: /home/tejas/Desktop/PendulumAss/assWS/install/custom_msgs/share/custom_msgs/environment/library_path.dsv
[1.112s] -- Up-to-date symlink: /home/tejas/Desktop/PendulumAss/assWS/install/custom_msgs/include/custom_msgs/msg/detail/states__rosidl_typesupport_fastrtps_c.h
[1.112s] -- Up-to-date symlink: /home/tejas/Desktop/PendulumAss/assWS/install/custom_msgs/include/custom_msgs/msg/detail/torque_input__rosidl_typesupport_fastrtps_c.h
[1.112s] -- Up-to-date symlink: /home/tejas/Desktop/PendulumAss/assWS/install/custom_msgs/include/custom_msgs/msg/rosidl_typesupport_fastrtps_c__visibility_control.h
[1.114s] -- Up-to-date symlink: /home/tejas/Desktop/PendulumAss/assWS/install/custom_msgs/lib/libcustom_msgs__rosidl_typesupport_fastrtps_c.so
[1.115s] -- Up-to-date symlink: /home/tejas/Desktop/PendulumAss/assWS/install/custom_msgs/include/custom_msgs/msg/detail/states__rosidl_typesupport_fastrtps_cpp.hpp
[1.116s] -- Up-to-date symlink: /home/tejas/Desktop/PendulumAss/assWS/install/custom_msgs/include/custom_msgs/msg/detail/torque_input__rosidl_typesupport_fastrtps_cpp.hpp
[1.117s] -- Up-to-date symlink: /home/tejas/Desktop/PendulumAss/assWS/install/custom_msgs/include/custom_msgs/msg/rosidl_typesupport_fastrtps_cpp__visibility_control.h
[1.118s] -- Up-to-date symlink: /home/tejas/Desktop/PendulumAss/assWS/install/custom_msgs/lib/libcustom_msgs__rosidl_typesupport_fastrtps_cpp.so
[1.119s] -- Up-to-date symlink: /home/tejas/Desktop/PendulumAss/assWS/install/custom_msgs/include/custom_msgs/msg/detail/states__rosidl_typesupport_introspection_c.h
[1.119s] -- Up-to-date symlink: /home/tejas/Desktop/PendulumAss/assWS/install/custom_msgs/include/custom_msgs/msg/detail/torque_input__rosidl_typesupport_introspection_c.h
[1.120s] -- Up-to-date symlink: /home/tejas/Desktop/PendulumAss/assWS/install/custom_msgs/include/custom_msgs/msg/rosidl_typesupport_introspection_c__visibility_control.h
[1.121s] -- Up-to-date symlink: /home/tejas/Desktop/PendulumAss/assWS/install/custom_msgs/include/custom_msgs/msg/detail/states__builder.hpp
[1.121s] -- Up-to-date symlink: /home/tejas/Desktop/PendulumAss/assWS/install/custom_msgs/include/custom_msgs/msg/detail/states__struct.hpp
[1.122s] -- Up-to-date symlink: /home/tejas/Desktop/PendulumAss/assWS/install/custom_msgs/include/custom_msgs/msg/detail/states__traits.hpp
[1.123s] -- Up-to-date symlink: /home/tejas/Desktop/PendulumAss/assWS/install/custom_msgs/include/custom_msgs/msg/detail/states__type_support.hpp
[1.123s] -- Up-to-date symlink: /home/tejas/Desktop/PendulumAss/assWS/install/custom_msgs/include/custom_msgs/msg/detail/torque_input__builder.hpp
[1.124s] -- Up-to-date symlink: /home/tejas/Desktop/PendulumAss/assWS/install/custom_msgs/include/custom_msgs/msg/detail/torque_input__struct.hpp
[1.125s] -- Up-to-date symlink: /home/tejas/Desktop/PendulumAss/assWS/install/custom_msgs/include/custom_msgs/msg/detail/torque_input__traits.hpp
[1.125s] -- Up-to-date symlink: /home/tejas/Desktop/PendulumAss/assWS/install/custom_msgs/include/custom_msgs/msg/detail/torque_input__type_support.hpp
[1.126s] -- Up-to-date symlink: /home/tejas/Desktop/PendulumAss/assWS/install/custom_msgs/include/custom_msgs/msg/rosidl_generator_cpp__visibility_control.hpp
[1.126s] -- Up-to-date symlink: /home/tejas/Desktop/PendulumAss/assWS/install/custom_msgs/include/custom_msgs/msg/states.hpp
[1.127s] -- Up-to-date symlink: /home/tejas/Desktop/PendulumAss/assWS/install/custom_msgs/include/custom_msgs/msg/torque_input.hpp
[1.128s] -- Up-to-date symlink: /home/tejas/Desktop/PendulumAss/assWS/install/custom_msgs/include/custom_msgs/msg/detail/states__rosidl_typesupport_introspection_cpp.hpp
[1.128s] -- Up-to-date symlink: /home/tejas/Desktop/PendulumAss/assWS/install/custom_msgs/include/custom_msgs/msg/detail/torque_input__rosidl_typesupport_introspection_cpp.hpp
[1.128s] -- Up-to-date symlink: /home/tejas/Desktop/PendulumAss/assWS/install/custom_msgs/share/custom_msgs/environment/pythonpath.sh
[1.128s] -- Up-to-date symlink: /home/tejas/Desktop/PendulumAss/assWS/install/custom_msgs/share/custom_msgs/environment/pythonpath.dsv
[1.129s] -- Up-to-date symlink: /home/tejas/Desktop/PendulumAss/assWS/install/custom_msgs/lib/python3.8/site-packages/custom_msgs/__init__.py
[1.129s] -- Up-to-date symlink: /home/tejas/Desktop/PendulumAss/assWS/install/custom_msgs/lib/python3.8/site-packages/custom_msgs/msg/__init__.py
[1.129s] -- Up-to-date symlink: /home/tejas/Desktop/PendulumAss/assWS/install/custom_msgs/lib/python3.8/site-packages/custom_msgs/msg/_states.py
[1.129s] -- Up-to-date symlink: /home/tejas/Desktop/PendulumAss/assWS/install/custom_msgs/lib/python3.8/site-packages/custom_msgs/msg/_torque_input.py
[1.130s] -- Up-to-date symlink: /home/tejas/Desktop/PendulumAss/assWS/install/custom_msgs/lib/python3.8/site-packages/custom_msgs/custom_msgs_s__rosidl_typesupport_fastrtps_c.cpython-38-x86_64-linux-gnu.so
[1.130s] -- Up-to-date symlink: /home/tejas/Desktop/PendulumAss/assWS/install/custom_msgs/lib/python3.8/site-packages/custom_msgs/custom_msgs_s__rosidl_typesupport_introspection_c.cpython-38-x86_64-linux-gnu.so
[1.131s] -- Up-to-date symlink: /home/tejas/Desktop/PendulumAss/assWS/install/custom_msgs/lib/python3.8/site-packages/custom_msgs/custom_msgs_s__rosidl_typesupport_c.cpython-38-x86_64-linux-gnu.so
[1.131s] -- Up-to-date symlink: /home/tejas/Desktop/PendulumAss/assWS/install/custom_msgs/lib/libcustom_msgs__python.so
[1.131s] -- Up-to-date symlink: /home/tejas/Desktop/PendulumAss/assWS/install/custom_msgs/share/custom_msgs/msg/TorqueInput.idl
[1.132s] -- Up-to-date symlink: /home/tejas/Desktop/PendulumAss/assWS/install/custom_msgs/share/custom_msgs/msg/States.idl
[1.132s] -- Up-to-date symlink: /home/tejas/Desktop/PendulumAss/assWS/install/custom_msgs/share/custom_msgs/msg/TorqueInput.msg
[1.132s] -- Up-to-date symlink: /home/tejas/Desktop/PendulumAss/assWS/install/custom_msgs/share/custom_msgs/msg/States.msg
[1.132s] -- Up-to-date symlink: /home/tejas/Desktop/PendulumAss/assWS/install/custom_msgs/share/ament_index/resource_index/package_run_dependencies/custom_msgs
[1.133s] -- Up-to-date symlink: /home/tejas/Desktop/PendulumAss/assWS/install/custom_msgs/share/ament_index/resource_index/parent_prefix_path/custom_msgs
[1.133s] -- Up-to-date symlink: /home/tejas/Desktop/PendulumAss/assWS/install/custom_msgs/share/custom_msgs/environment/ament_prefix_path.sh
[1.133s] -- Up-to-date symlink: /home/tejas/Desktop/PendulumAss/assWS/install/custom_msgs/share/custom_msgs/environment/ament_prefix_path.dsv
[1.133s] -- Up-to-date symlink: /home/tejas/Desktop/PendulumAss/assWS/install/custom_msgs/share/custom_msgs/environment/path.sh
[1.134s] -- Up-to-date symlink: /home/tejas/Desktop/PendulumAss/assWS/install/custom_msgs/share/custom_msgs/environment/path.dsv
[1.134s] -- Up-to-date symlink: /home/tejas/Desktop/PendulumAss/assWS/install/custom_msgs/share/custom_msgs/local_setup.bash
[1.134s] -- Up-to-date symlink: /home/tejas/Desktop/PendulumAss/assWS/install/custom_msgs/share/custom_msgs/local_setup.sh
[1.134s] -- Up-to-date symlink: /home/tejas/Desktop/PendulumAss/assWS/install/custom_msgs/share/custom_msgs/local_setup.zsh
[1.135s] -- Up-to-date symlink: /home/tejas/Desktop/PendulumAss/assWS/install/custom_msgs/share/custom_msgs/local_setup.dsv
[1.135s] -- Symlinking: /home/tejas/Desktop/PendulumAss/assWS/install/custom_msgs/share/custom_msgs/package.dsv
[1.143s] -- Up-to-date symlink: /home/tejas/Desktop/PendulumAss/assWS/install/custom_msgs/share/ament_index/resource_index/packages/custom_msgs
[1.143s] -- Up-to-date symlink: /home/tejas/Desktop/PendulumAss/assWS/install/custom_msgs/share/custom_msgs/cmake/rosidl_cmake-extras.cmake
[1.143s] -- Up-to-date symlink: /home/tejas/Desktop/PendulumAss/assWS/install/custom_msgs/share/custom_msgs/cmake/ament_cmake_export_dependencies-extras.cmake
[1.143s] -- Up-to-date symlink: /home/tejas/Desktop/PendulumAss/assWS/install/custom_msgs/share/custom_msgs/cmake/ament_cmake_export_libraries-extras.cmake
[1.144s] -- Up-to-date symlink: /home/tejas/Desktop/PendulumAss/assWS/install/custom_msgs/share/custom_msgs/cmake/ament_cmake_export_targets-extras.cmake
[1.144s] -- Up-to-date symlink: /home/tejas/Desktop/PendulumAss/assWS/install/custom_msgs/share/custom_msgs/cmake/ament_cmake_export_include_directories-extras.cmake
[1.144s] -- Up-to-date symlink: /home/tejas/Desktop/PendulumAss/assWS/install/custom_msgs/share/custom_msgs/cmake/rosidl_cmake_export_typesupport_libraries-extras.cmake
[1.144s] -- Up-to-date symlink: /home/tejas/Desktop/PendulumAss/assWS/install/custom_msgs/share/custom_msgs/cmake/rosidl_cmake_export_typesupport_targets-extras.cmake
[1.144s] -- Up-to-date symlink: /home/tejas/Desktop/PendulumAss/assWS/install/custom_msgs/share/custom_msgs/cmake/custom_msgsConfig.cmake
[1.145s] -- Up-to-date symlink: /home/tejas/Desktop/PendulumAss/assWS/install/custom_msgs/share/custom_msgs/cmake/custom_msgsConfig-version.cmake
[1.145s] -- Up-to-date symlink: /home/tejas/Desktop/PendulumAss/assWS/install/custom_msgs/share/custom_msgs/package.xml
[1.145s] -- Up-to-date: /home/tejas/Desktop/PendulumAss/assWS/install/custom_msgs/lib/libcustom_msgs__rosidl_generator_c.so
[1.146s] -- Up-to-date: /home/tejas/Desktop/PendulumAss/assWS/install/custom_msgs/lib/libcustom_msgs__rosidl_typesupport_introspection_c.so
[1.146s] -- Up-to-date: /home/tejas/Desktop/PendulumAss/assWS/install/custom_msgs/lib/libcustom_msgs__rosidl_typesupport_c.so
[1.147s] -- Up-to-date: /home/tejas/Desktop/PendulumAss/assWS/install/custom_msgs/lib/libcustom_msgs__rosidl_typesupport_introspection_cpp.so
[1.147s] -- Up-to-date: /home/tejas/Desktop/PendulumAss/assWS/install/custom_msgs/lib/libcustom_msgs__rosidl_typesupport_cpp.so
[1.183s] Compiling '/home/tejas/Desktop/PendulumAss/assWS/install/custom_msgs/lib/python3.8/site-packages/custom_msgs/__init__.py'...
[1.187s] -- Up-to-date: /home/tejas/Desktop/PendulumAss/assWS/install/custom_msgs/share/custom_msgs/cmake/custom_msgs__rosidl_generator_cExport.cmake
[1.187s] -- Installing: /home/tejas/Desktop/PendulumAss/assWS/install/custom_msgs/share/custom_msgs/cmake/custom_msgs__rosidl_generator_cExport-noconfig.cmake
[1.190s] -- Up-to-date: /home/tejas/Desktop/PendulumAss/assWS/install/custom_msgs/share/custom_msgs/cmake/custom_msgs__rosidl_typesupport_introspection_cExport.cmake
[1.190s] -- Installing: /home/tejas/Desktop/PendulumAss/assWS/install/custom_msgs/share/custom_msgs/cmake/custom_msgs__rosidl_typesupport_introspection_cExport-noconfig.cmake
[1.196s] -- Up-to-date: /home/tejas/Desktop/PendulumAss/assWS/install/custom_msgs/share/custom_msgs/cmake/custom_msgs__rosidl_typesupport_cExport.cmake
[1.197s] -- Installing: /home/tejas/Desktop/PendulumAss/assWS/install/custom_msgs/share/custom_msgs/cmake/custom_msgs__rosidl_typesupport_cExport-noconfig.cmake
[1.198s] -- Up-to-date: /home/tejas/Desktop/PendulumAss/assWS/install/custom_msgs/share/custom_msgs/cmake/custom_msgs__rosidl_generator_cppExport.cmake
[1.200s] -- Up-to-date: /home/tejas/Desktop/PendulumAss/assWS/install/custom_msgs/share/custom_msgs/cmake/custom_msgs__rosidl_typesupport_introspection_cppExport.cmake
[1.201s] -- Installing: /home/tejas/Desktop/PendulumAss/assWS/install/custom_msgs/share/custom_msgs/cmake/custom_msgs__rosidl_typesupport_introspection_cppExport-noconfig.cmake
[1.202s] -- Up-to-date: /home/tejas/Desktop/PendulumAss/assWS/install/custom_msgs/share/custom_msgs/cmake/custom_msgs__rosidl_typesupport_cppExport.cmake
[1.202s] -- Installing: /home/tejas/Desktop/PendulumAss/assWS/install/custom_msgs/share/custom_msgs/cmake/custom_msgs__rosidl_typesupport_cppExport-noconfig.cmake
[1.202s] Invoked command in '/home/tejas/Desktop/PendulumAss/assWS/build/custom_msgs' returned '0': CMAKE_PREFIX_PATH=${CMAKE_PREFIX_PATH}:/home/tejas/Desktop/PendulumAss/assWS/install/single_inverted:/opt/ros/foxy /usr/bin/cmake --install /home/tejas/Desktop/PendulumAss/assWS/build/custom_msgs
