[0.484s] Invoking command in '/home/tejas/Desktop/PendulumAss/assWS/src/pendulum-problems-ros2/single_inverted': PYTHONPATH=/home/tejas/Desktop/PendulumAss/assWS/build/single_inverted/prefix_override:/home/tejas/Desktop/PendulumAss/assWS/install/single_inverted/lib/python3.8/site-packages:${PYTHONPATH} /usr/bin/python3 -W ignore:setup.py install is deprecated setup.py egg_info --egg-base ../../../build/single_inverted build --build-base /home/tejas/Desktop/PendulumAss/assWS/build/single_inverted/build install --record /home/tejas/Desktop/PendulumAss/assWS/build/single_inverted/install.log --install-scripts $base/lib/single_inverted --single-version-externally-managed install_data
[0.648s] running egg_info
[0.648s] writing ../../../build/single_inverted/single_inverted.egg-info/PKG-INFO
[0.648s] writing dependency_links to ../../../build/single_inverted/single_inverted.egg-info/dependency_links.txt
[0.649s] writing entry points to ../../../build/single_inverted/single_inverted.egg-info/entry_points.txt
[0.649s] writing requirements to ../../../build/single_inverted/single_inverted.egg-info/requires.txt
[0.649s] writing top-level names to ../../../build/single_inverted/single_inverted.egg-info/top_level.txt
[0.681s] reading manifest file '../../../build/single_inverted/single_inverted.egg-info/SOURCES.txt'
[0.682s] writing manifest file '../../../build/single_inverted/single_inverted.egg-info/SOURCES.txt'
[0.684s] running build
[0.684s] running build_py
[0.684s] running install
[0.684s] running install_lib
[0.685s] running install_data
[0.685s] running install_egg_info
[0.687s] removing '/home/tejas/Desktop/PendulumAss/assWS/install/single_inverted/lib/python3.8/site-packages/single_inverted-0.0.0-py3.8.egg-info' (and everything under it)
[0.687s] Copying ../../../build/single_inverted/single_inverted.egg-info to /home/tejas/Desktop/PendulumAss/assWS/install/single_inverted/lib/python3.8/site-packages/single_inverted-0.0.0-py3.8.egg-info
[0.688s] running install_scripts
[0.699s] Installing dynamics_sim script to /home/tejas/Desktop/PendulumAss/assWS/install/single_inverted/lib/single_inverted
[0.699s] writing list of installed files to '/home/tejas/Desktop/PendulumAss/assWS/build/single_inverted/install.log'
[0.718s] Invoked command in '/home/tejas/Desktop/PendulumAss/assWS/src/pendulum-problems-ros2/single_inverted' returned '0': PYTHONPATH=/home/tejas/Desktop/PendulumAss/assWS/build/single_inverted/prefix_override:/home/tejas/Desktop/PendulumAss/assWS/install/single_inverted/lib/python3.8/site-packages:${PYTHONPATH} /usr/bin/python3 -W ignore:setup.py install is deprecated setup.py egg_info --egg-base ../../../build/single_inverted build --build-base /home/tejas/Desktop/PendulumAss/assWS/build/single_inverted/build install --record /home/tejas/Desktop/PendulumAss/assWS/build/single_inverted/install.log --install-scripts $base/lib/single_inverted --single-version-externally-managed install_data
