[0.122s] DEBUG:colcon:Command line arguments: ['/usr/bin/colcon', 'build']
[0.122s] DEBUG:colcon:Parsed command line arguments: Namespace(allow_overriding=[], ament_cmake_args=None, base_paths=['.'], build_base='build', catkin_cmake_args=None, catkin_skip_building_tests=False, cmake_args=None, cmake_clean_cache=False, cmake_clean_first=False, cmake_force_configure=False, cmake_target=None, cmake_target_skip_unavailable=False, continue_on_error=False, event_handlers=None, executor='parallel', ignore_user_meta=False, install_base='install', log_base=None, log_level=None, main=<bound method BuildVerb.main of <colcon_core.verb.build.BuildVerb object at 0x7f69b439ad90>>, merge_install=False, metas=['./colcon.meta'], mixin=None, mixin_files=None, mixin_verb=('build',), packages_above=None, packages_above_and_dependencies=None, packages_above_depth=None, packages_end=None, packages_ignore=None, packages_ignore_regex=None, packages_select=None, packages_select_build_failed=False, packages_select_by_dep=None, packages_select_regex=None, packages_select_test_failures=False, packages_skip=None, packages_skip_build_finished=False, packages_skip_by_dep=None, packages_skip_regex=None, packages_skip_test_passed=False, packages_skip_up_to=None, packages_start=None, packages_up_to=None, packages_up_to_regex=None, parallel_workers=4, paths=None, symlink_install=False, test_result_base=None, verb_extension=<colcon_core.verb.build.BuildVerb object at 0x7f69b439ad90>, verb_name='build', verb_parser=<colcon_mixin.mixin.mixin_argument.MixinArgumentDecorator object at 0x7f69b4307160>)
[0.247s] Level 1:colcon.colcon_core.package_discovery:discover_packages(colcon_meta) check parameters
[0.247s] Level 1:colcon.colcon_core.package_discovery:discover_packages(recursive) check parameters
[0.247s] Level 1:colcon.colcon_core.package_discovery:discover_packages(ignore) check parameters
[0.247s] Level 1:colcon.colcon_core.package_discovery:discover_packages(path) check parameters
[0.247s] Level 1:colcon.colcon_core.package_discovery:discover_packages(colcon_meta) discover
[0.247s] Level 1:colcon.colcon_core.package_discovery:discover_packages(recursive) discover
[0.247s] INFO:colcon.colcon_core.package_discovery:Crawling recursively for packages in '/home/tejas/Desktop/PendulumAss/assWS'
[0.247s] Level 1:colcon.colcon_core.package_identification:_identify(.) by extensions ['ignore', 'ignore_ament_install']
[0.247s] Level 1:colcon.colcon_core.package_identification:_identify(.) by extension 'ignore'
[0.247s] Level 1:colcon.colcon_core.package_identification:_identify(.) by extension 'ignore_ament_install'
[0.247s] Level 1:colcon.colcon_core.package_identification:_identify(.) by extensions ['colcon_pkg']
[0.247s] Level 1:colcon.colcon_core.package_identification:_identify(.) by extension 'colcon_pkg'
[0.247s] Level 1:colcon.colcon_core.package_identification:_identify(.) by extensions ['colcon_meta']
[0.247s] Level 1:colcon.colcon_core.package_identification:_identify(.) by extension 'colcon_meta'
[0.247s] Level 1:colcon.colcon_core.package_identification:_identify(.) by extensions ['ros']
[0.247s] Level 1:colcon.colcon_core.package_identification:_identify(.) by extension 'ros'
[0.258s] Level 1:colcon.colcon_core.package_identification:_identify(.) by extensions ['cmake', 'python']
[0.258s] Level 1:colcon.colcon_core.package_identification:_identify(.) by extension 'cmake'
[0.258s] Level 1:colcon.colcon_core.package_identification:_identify(.) by extension 'python'
[0.258s] Level 1:colcon.colcon_core.package_identification:_identify(.) by extensions ['python_setup_py']
[0.258s] Level 1:colcon.colcon_core.package_identification:_identify(.) by extension 'python_setup_py'
[0.258s] Level 1:colcon.colcon_core.package_identification:_identify(build) by extensions ['ignore', 'ignore_ament_install']
[0.259s] Level 1:colcon.colcon_core.package_identification:_identify(build) by extension 'ignore'
[0.259s] Level 1:colcon.colcon_core.package_identification:_identify(build) ignored
[0.259s] Level 1:colcon.colcon_core.package_identification:_identify(install) by extensions ['ignore', 'ignore_ament_install']
[0.259s] Level 1:colcon.colcon_core.package_identification:_identify(install) by extension 'ignore'
[0.259s] Level 1:colcon.colcon_core.package_identification:_identify(install) ignored
[0.259s] Level 1:colcon.colcon_core.package_identification:_identify(log) by extensions ['ignore', 'ignore_ament_install']
[0.259s] Level 1:colcon.colcon_core.package_identification:_identify(log) by extension 'ignore'
[0.259s] Level 1:colcon.colcon_core.package_identification:_identify(log) ignored
[0.259s] Level 1:colcon.colcon_core.package_identification:_identify(src) by extensions ['ignore', 'ignore_ament_install']
[0.259s] Level 1:colcon.colcon_core.package_identification:_identify(src) by extension 'ignore'
[0.259s] Level 1:colcon.colcon_core.package_identification:_identify(src) by extension 'ignore_ament_install'
[0.259s] Level 1:colcon.colcon_core.package_identification:_identify(src) by extensions ['colcon_pkg']
[0.259s] Level 1:colcon.colcon_core.package_identification:_identify(src) by extension 'colcon_pkg'
[0.259s] Level 1:colcon.colcon_core.package_identification:_identify(src) by extensions ['colcon_meta']
[0.259s] Level 1:colcon.colcon_core.package_identification:_identify(src) by extension 'colcon_meta'
[0.259s] Level 1:colcon.colcon_core.package_identification:_identify(src) by extensions ['ros']
[0.259s] Level 1:colcon.colcon_core.package_identification:_identify(src) by extension 'ros'
[0.259s] Level 1:colcon.colcon_core.package_identification:_identify(src) by extensions ['cmake', 'python']
[0.259s] Level 1:colcon.colcon_core.package_identification:_identify(src) by extension 'cmake'
[0.259s] Level 1:colcon.colcon_core.package_identification:_identify(src) by extension 'python'
[0.260s] Level 1:colcon.colcon_core.package_identification:_identify(src) by extensions ['python_setup_py']
[0.260s] Level 1:colcon.colcon_core.package_identification:_identify(src) by extension 'python_setup_py'
[0.260s] Level 1:colcon.colcon_core.package_identification:_identify(src/pendulum-problems-ros2) by extensions ['ignore', 'ignore_ament_install']
[0.260s] Level 1:colcon.colcon_core.package_identification:_identify(src/pendulum-problems-ros2) by extension 'ignore'
[0.260s] Level 1:colcon.colcon_core.package_identification:_identify(src/pendulum-problems-ros2) by extension 'ignore_ament_install'
[0.260s] Level 1:colcon.colcon_core.package_identification:_identify(src/pendulum-problems-ros2) by extensions ['colcon_pkg']
[0.260s] Level 1:colcon.colcon_core.package_identification:_identify(src/pendulum-problems-ros2) by extension 'colcon_pkg'
[0.260s] Level 1:colcon.colcon_core.package_identification:_identify(src/pendulum-problems-ros2) by extensions ['colcon_meta']
[0.260s] Level 1:colcon.colcon_core.package_identification:_identify(src/pendulum-problems-ros2) by extension 'colcon_meta'
[0.260s] Level 1:colcon.colcon_core.package_identification:_identify(src/pendulum-problems-ros2) by extensions ['ros']
[0.260s] Level 1:colcon.colcon_core.package_identification:_identify(src/pendulum-problems-ros2) by extension 'ros'
[0.260s] Level 1:colcon.colcon_core.package_identification:_identify(src/pendulum-problems-ros2) by extensions ['cmake', 'python']
[0.260s] Level 1:colcon.colcon_core.package_identification:_identify(src/pendulum-problems-ros2) by extension 'cmake'
[0.260s] Level 1:colcon.colcon_core.package_identification:_identify(src/pendulum-problems-ros2) by extension 'python'
[0.260s] Level 1:colcon.colcon_core.package_identification:_identify(src/pendulum-problems-ros2) by extensions ['python_setup_py']
[0.260s] Level 1:colcon.colcon_core.package_identification:_identify(src/pendulum-problems-ros2) by extension 'python_setup_py'
[0.260s] Level 1:colcon.colcon_core.package_identification:_identify(src/pendulum-problems-ros2/custom_msgs) by extensions ['ignore', 'ignore_ament_install']
[0.260s] Level 1:colcon.colcon_core.package_identification:_identify(src/pendulum-problems-ros2/custom_msgs) by extension 'ignore'
[0.260s] Level 1:colcon.colcon_core.package_identification:_identify(src/pendulum-problems-ros2/custom_msgs) by extension 'ignore_ament_install'
[0.260s] Level 1:colcon.colcon_core.package_identification:_identify(src/pendulum-problems-ros2/custom_msgs) by extensions ['colcon_pkg']
[0.260s] Level 1:colcon.colcon_core.package_identification:_identify(src/pendulum-problems-ros2/custom_msgs) by extension 'colcon_pkg'
[0.260s] Level 1:colcon.colcon_core.package_identification:_identify(src/pendulum-problems-ros2/custom_msgs) by extensions ['colcon_meta']
[0.260s] Level 1:colcon.colcon_core.package_identification:_identify(src/pendulum-problems-ros2/custom_msgs) by extension 'colcon_meta'
[0.261s] Level 1:colcon.colcon_core.package_identification:_identify(src/pendulum-problems-ros2/custom_msgs) by extensions ['ros']
[0.261s] Level 1:colcon.colcon_core.package_identification:_identify(src/pendulum-problems-ros2/custom_msgs) by extension 'ros'
[0.263s] DEBUG:colcon.colcon_core.package_identification:Package 'src/pendulum-problems-ros2/custom_msgs' with type 'ros.ament_cmake' and name 'custom_msgs'
[0.263s] Level 1:colcon.colcon_core.package_identification:_identify(src/pendulum-problems-ros2/single_inverted) by extensions ['ignore', 'ignore_ament_install']
[0.263s] Level 1:colcon.colcon_core.package_identification:_identify(src/pendulum-problems-ros2/single_inverted) by extension 'ignore'
[0.263s] Level 1:colcon.colcon_core.package_identification:_identify(src/pendulum-problems-ros2/single_inverted) by extension 'ignore_ament_install'
[0.263s] Level 1:colcon.colcon_core.package_identification:_identify(src/pendulum-problems-ros2/single_inverted) by extensions ['colcon_pkg']
[0.263s] Level 1:colcon.colcon_core.package_identification:_identify(src/pendulum-problems-ros2/single_inverted) by extension 'colcon_pkg'
[0.263s] Level 1:colcon.colcon_core.package_identification:_identify(src/pendulum-problems-ros2/single_inverted) by extensions ['colcon_meta']
[0.263s] Level 1:colcon.colcon_core.package_identification:_identify(src/pendulum-problems-ros2/single_inverted) by extension 'colcon_meta'
[0.263s] Level 1:colcon.colcon_core.package_identification:_identify(src/pendulum-problems-ros2/single_inverted) by extensions ['ros']
[0.263s] Level 1:colcon.colcon_core.package_identification:_identify(src/pendulum-problems-ros2/single_inverted) by extension 'ros'
[0.264s] DEBUG:colcon.colcon_core.package_identification:Package 'src/pendulum-problems-ros2/single_inverted' with type 'ros.ament_python' and name 'single_inverted'
[0.264s] Level 1:colcon.colcon_core.package_identification:_identify(src/pendulum-problems-ros2/videos) by extensions ['ignore', 'ignore_ament_install']
[0.264s] Level 1:colcon.colcon_core.package_identification:_identify(src/pendulum-problems-ros2/videos) by extension 'ignore'
[0.264s] Level 1:colcon.colcon_core.package_identification:_identify(src/pendulum-problems-ros2/videos) by extension 'ignore_ament_install'
[0.264s] Level 1:colcon.colcon_core.package_identification:_identify(src/pendulum-problems-ros2/videos) by extensions ['colcon_pkg']
[0.264s] Level 1:colcon.colcon_core.package_identification:_identify(src/pendulum-problems-ros2/videos) by extension 'colcon_pkg'
[0.264s] Level 1:colcon.colcon_core.package_identification:_identify(src/pendulum-problems-ros2/videos) by extensions ['colcon_meta']
[0.264s] Level 1:colcon.colcon_core.package_identification:_identify(src/pendulum-problems-ros2/videos) by extension 'colcon_meta'
[0.264s] Level 1:colcon.colcon_core.package_identification:_identify(src/pendulum-problems-ros2/videos) by extensions ['ros']
[0.264s] Level 1:colcon.colcon_core.package_identification:_identify(src/pendulum-problems-ros2/videos) by extension 'ros'
[0.264s] Level 1:colcon.colcon_core.package_identification:_identify(src/pendulum-problems-ros2/videos) by extensions ['cmake', 'python']
[0.264s] Level 1:colcon.colcon_core.package_identification:_identify(src/pendulum-problems-ros2/videos) by extension 'cmake'
[0.264s] Level 1:colcon.colcon_core.package_identification:_identify(src/pendulum-problems-ros2/videos) by extension 'python'
[0.264s] Level 1:colcon.colcon_core.package_identification:_identify(src/pendulum-problems-ros2/videos) by extensions ['python_setup_py']
[0.264s] Level 1:colcon.colcon_core.package_identification:_identify(src/pendulum-problems-ros2/videos) by extension 'python_setup_py'
[0.264s] Level 1:colcon.colcon_core.package_discovery:discover_packages(recursive) using defaults
[0.264s] Level 1:colcon.colcon_core.package_discovery:discover_packages(ignore) discover
[0.264s] Level 1:colcon.colcon_core.package_discovery:discover_packages(ignore) using defaults
[0.264s] Level 1:colcon.colcon_core.package_discovery:discover_packages(path) discover
[0.264s] Level 1:colcon.colcon_core.package_discovery:discover_packages(path) using defaults
[0.276s] Level 1:colcon.colcon_core.package_discovery:discover_packages(prefix_path) check parameters
[0.277s] Level 1:colcon.colcon_core.package_discovery:discover_packages(prefix_path) discover
[0.278s] DEBUG:colcon.colcon_installed_package_information.package_discovery:Found 1 installed packages in /home/tejas/Desktop/PendulumAss/assWS/install
[0.279s] DEBUG:colcon.colcon_installed_package_information.package_discovery:Found 256 installed packages in /opt/ros/foxy
[0.280s] Level 1:colcon.colcon_core.package_discovery:discover_packages(prefix_path) using defaults
[0.324s] Level 5:colcon.colcon_core.verb:set package 'custom_msgs' build argument 'cmake_args' from command line to 'None'
[0.325s] Level 5:colcon.colcon_core.verb:set package 'custom_msgs' build argument 'cmake_target' from command line to 'None'
[0.325s] Level 5:colcon.colcon_core.verb:set package 'custom_msgs' build argument 'cmake_target_skip_unavailable' from command line to 'False'
[0.325s] Level 5:colcon.colcon_core.verb:set package 'custom_msgs' build argument 'cmake_clean_cache' from command line to 'False'
[0.325s] Level 5:colcon.colcon_core.verb:set package 'custom_msgs' build argument 'cmake_clean_first' from command line to 'False'
[0.325s] Level 5:colcon.colcon_core.verb:set package 'custom_msgs' build argument 'cmake_force_configure' from command line to 'False'
[0.325s] Level 5:colcon.colcon_core.verb:set package 'custom_msgs' build argument 'ament_cmake_args' from command line to 'None'
[0.325s] Level 5:colcon.colcon_core.verb:set package 'custom_msgs' build argument 'catkin_cmake_args' from command line to 'None'
[0.325s] Level 5:colcon.colcon_core.verb:set package 'custom_msgs' build argument 'catkin_skip_building_tests' from command line to 'False'
[0.325s] DEBUG:colcon.colcon_core.verb:Building package 'custom_msgs' with the following arguments: {'ament_cmake_args': None, 'build_base': '/home/tejas/Desktop/PendulumAss/assWS/build/custom_msgs', 'catkin_cmake_args': None, 'catkin_skip_building_tests': False, 'cmake_args': None, 'cmake_clean_cache': False, 'cmake_clean_first': False, 'cmake_force_configure': False, 'cmake_target': None, 'cmake_target_skip_unavailable': False, 'install_base': '/home/tejas/Desktop/PendulumAss/assWS/install/custom_msgs', 'merge_install': False, 'path': '/home/tejas/Desktop/PendulumAss/assWS/src/pendulum-problems-ros2/custom_msgs', 'symlink_install': False, 'test_result_base': None}
[0.325s] Level 5:colcon.colcon_core.verb:set package 'single_inverted' build argument 'cmake_args' from command line to 'None'
[0.325s] Level 5:colcon.colcon_core.verb:set package 'single_inverted' build argument 'cmake_target' from command line to 'None'
[0.325s] Level 5:colcon.colcon_core.verb:set package 'single_inverted' build argument 'cmake_target_skip_unavailable' from command line to 'False'
[0.325s] Level 5:colcon.colcon_core.verb:set package 'single_inverted' build argument 'cmake_clean_cache' from command line to 'False'
[0.325s] Level 5:colcon.colcon_core.verb:set package 'single_inverted' build argument 'cmake_clean_first' from command line to 'False'
[0.325s] Level 5:colcon.colcon_core.verb:set package 'single_inverted' build argument 'cmake_force_configure' from command line to 'False'
[0.325s] Level 5:colcon.colcon_core.verb:set package 'single_inverted' build argument 'ament_cmake_args' from command line to 'None'
[0.325s] Level 5:colcon.colcon_core.verb:set package 'single_inverted' build argument 'catkin_cmake_args' from command line to 'None'
[0.325s] Level 5:colcon.colcon_core.verb:set package 'single_inverted' build argument 'catkin_skip_building_tests' from command line to 'False'
[0.325s] DEBUG:colcon.colcon_core.verb:Building package 'single_inverted' with the following arguments: {'ament_cmake_args': None, 'build_base': '/home/tejas/Desktop/PendulumAss/assWS/build/single_inverted', 'catkin_cmake_args': None, 'catkin_skip_building_tests': False, 'cmake_args': None, 'cmake_clean_cache': False, 'cmake_clean_first': False, 'cmake_force_configure': False, 'cmake_target': None, 'cmake_target_skip_unavailable': False, 'install_base': '/home/tejas/Desktop/PendulumAss/assWS/install/single_inverted', 'merge_install': False, 'path': '/home/tejas/Desktop/PendulumAss/assWS/src/pendulum-problems-ros2/single_inverted', 'symlink_install': False, 'test_result_base': None}
[0.325s] INFO:colcon.colcon_core.executor:Executing jobs using 'parallel' executor
[0.326s] DEBUG:colcon.colcon_parallel_executor.executor.parallel:run_until_complete
[0.326s] INFO:colcon.colcon_ros.task.ament_cmake.build:Building ROS package in '/home/tejas/Desktop/PendulumAss/assWS/src/pendulum-problems-ros2/custom_msgs' with build type 'ament_cmake'
[0.326s] INFO:colcon.colcon_cmake.task.cmake.build:Building CMake package in '/home/tejas/Desktop/PendulumAss/assWS/src/pendulum-problems-ros2/custom_msgs'
[0.327s] INFO:colcon.colcon_core.plugin_system:Skipping extension 'colcon_core.shell.bat': Not used on non-Windows systems
[0.328s] INFO:colcon.colcon_core.shell:Skip shell extension 'powershell' for command environment: Not usable outside of PowerShell
[0.328s] DEBUG:colcon.colcon_core.shell:Skip shell extension 'dsv' for command environment
[0.331s] INFO:colcon.colcon_ros.task.ament_python.build:Building ROS package in '/home/tejas/Desktop/PendulumAss/assWS/src/pendulum-problems-ros2/single_inverted' with build type 'ament_python'
[0.331s] Level 1:colcon.colcon_core.shell:create_environment_hook('single_inverted', 'ament_prefix_path')
[0.331s] INFO:colcon.colcon_core.shell:Creating environment hook '/home/tejas/Desktop/PendulumAss/assWS/install/single_inverted/share/single_inverted/hook/ament_prefix_path.ps1'
[0.332s] INFO:colcon.colcon_core.shell:Creating environment descriptor '/home/tejas/Desktop/PendulumAss/assWS/install/single_inverted/share/single_inverted/hook/ament_prefix_path.dsv'
[0.332s] INFO:colcon.colcon_core.shell:Creating environment hook '/home/tejas/Desktop/PendulumAss/assWS/install/single_inverted/share/single_inverted/hook/ament_prefix_path.sh'
[0.333s] INFO:colcon.colcon_core.shell:Skip shell extension 'powershell' for command environment: Not usable outside of PowerShell
[0.333s] DEBUG:colcon.colcon_core.shell:Skip shell extension 'dsv' for command environment
[0.339s] DEBUG:colcon.colcon_core.event_handler.log_command:Invoking command in '/home/tejas/Desktop/PendulumAss/assWS/build/custom_msgs': CMAKE_PREFIX_PATH=/opt/ros/foxy /usr/bin/cmake /home/tejas/Desktop/PendulumAss/assWS/src/pendulum-problems-ros2/custom_msgs -DCMAKE_INSTALL_PREFIX=/home/tejas/Desktop/PendulumAss/assWS/install/custom_msgs
[0.521s] INFO:colcon.colcon_core.task.python.build:Building Python package in '/home/tejas/Desktop/PendulumAss/assWS/src/pendulum-problems-ros2/single_inverted'
[0.522s] INFO:colcon.colcon_core.shell:Skip shell extension 'powershell' for command environment: Not usable outside of PowerShell
[0.522s] DEBUG:colcon.colcon_core.shell:Skip shell extension 'dsv' for command environment
[0.815s] DEBUG:colcon.colcon_core.event_handler.log_command:Invoking command in '/home/tejas/Desktop/PendulumAss/assWS/src/pendulum-problems-ros2/single_inverted': PYTHONPATH=/home/tejas/Desktop/PendulumAss/assWS/build/single_inverted/prefix_override:/home/tejas/Desktop/PendulumAss/assWS/install/single_inverted/lib/python3.8/site-packages:${PYTHONPATH} /usr/bin/python3 -W ignore:setup.py install is deprecated setup.py egg_info --egg-base ../../../build/single_inverted build --build-base /home/tejas/Desktop/PendulumAss/assWS/build/single_inverted/build install --record /home/tejas/Desktop/PendulumAss/assWS/build/single_inverted/install.log --install-scripts $base/lib/single_inverted --single-version-externally-managed install_data
[1.049s] DEBUG:colcon.colcon_core.event_handler.log_command:Invoked command in '/home/tejas/Desktop/PendulumAss/assWS/src/pendulum-problems-ros2/single_inverted' returned '0': PYTHONPATH=/home/tejas/Desktop/PendulumAss/assWS/build/single_inverted/prefix_override:/home/tejas/Desktop/PendulumAss/assWS/install/single_inverted/lib/python3.8/site-packages:${PYTHONPATH} /usr/bin/python3 -W ignore:setup.py install is deprecated setup.py egg_info --egg-base ../../../build/single_inverted build --build-base /home/tejas/Desktop/PendulumAss/assWS/build/single_inverted/build install --record /home/tejas/Desktop/PendulumAss/assWS/build/single_inverted/install.log --install-scripts $base/lib/single_inverted --single-version-externally-managed install_data
[1.051s] Level 1:colcon.colcon_core.environment:checking '/home/tejas/Desktop/PendulumAss/assWS/install/single_inverted' for CMake module files
[1.052s] Level 1:colcon.colcon_core.environment:checking '/home/tejas/Desktop/PendulumAss/assWS/install/single_inverted' for CMake config files
[1.053s] Level 1:colcon.colcon_core.environment:checking '/home/tejas/Desktop/PendulumAss/assWS/install/single_inverted/lib'
[1.053s] Level 1:colcon.colcon_core.environment:checking '/home/tejas/Desktop/PendulumAss/assWS/install/single_inverted/bin'
[1.053s] Level 1:colcon.colcon_core.environment:checking '/home/tejas/Desktop/PendulumAss/assWS/install/single_inverted/lib/pkgconfig/single_inverted.pc'
[1.053s] Level 1:colcon.colcon_core.environment:checking '/home/tejas/Desktop/PendulumAss/assWS/install/single_inverted/lib/python3.8/site-packages'
[1.053s] Level 1:colcon.colcon_core.shell:create_environment_hook('single_inverted', 'pythonpath')
[1.054s] INFO:colcon.colcon_core.shell:Creating environment hook '/home/tejas/Desktop/PendulumAss/assWS/install/single_inverted/share/single_inverted/hook/pythonpath.ps1'
[1.054s] INFO:colcon.colcon_core.shell:Creating environment descriptor '/home/tejas/Desktop/PendulumAss/assWS/install/single_inverted/share/single_inverted/hook/pythonpath.dsv'
[1.054s] INFO:colcon.colcon_core.shell:Creating environment hook '/home/tejas/Desktop/PendulumAss/assWS/install/single_inverted/share/single_inverted/hook/pythonpath.sh'
[1.055s] Level 1:colcon.colcon_core.environment:checking '/home/tejas/Desktop/PendulumAss/assWS/install/single_inverted/bin'
[1.055s] Level 1:colcon.colcon_core.environment:create_environment_scripts_only(single_inverted)
[1.055s] INFO:colcon.colcon_core.shell:Creating package script '/home/tejas/Desktop/PendulumAss/assWS/install/single_inverted/share/single_inverted/package.ps1'
[1.056s] INFO:colcon.colcon_core.shell:Creating package descriptor '/home/tejas/Desktop/PendulumAss/assWS/install/single_inverted/share/single_inverted/package.dsv'
[1.057s] INFO:colcon.colcon_core.shell:Creating package script '/home/tejas/Desktop/PendulumAss/assWS/install/single_inverted/share/single_inverted/package.sh'
[1.057s] INFO:colcon.colcon_core.shell:Creating package script '/home/tejas/Desktop/PendulumAss/assWS/install/single_inverted/share/single_inverted/package.bash'
[1.058s] INFO:colcon.colcon_core.shell:Creating package script '/home/tejas/Desktop/PendulumAss/assWS/install/single_inverted/share/single_inverted/package.zsh'
[1.059s] Level 1:colcon.colcon_core.environment:create_file_with_runtime_dependencies(/home/tejas/Desktop/PendulumAss/assWS/install/single_inverted/share/colcon-core/packages/single_inverted)
[1.074s] DEBUG:colcon.colcon_core.event_handler.log_command:Invoked command in '/home/tejas/Desktop/PendulumAss/assWS/build/custom_msgs' returned '0': CMAKE_PREFIX_PATH=/opt/ros/foxy /usr/bin/cmake /home/tejas/Desktop/PendulumAss/assWS/src/pendulum-problems-ros2/custom_msgs -DCMAKE_INSTALL_PREFIX=/home/tejas/Desktop/PendulumAss/assWS/install/custom_msgs
[1.076s] DEBUG:colcon.colcon_core.event_handler.log_command:Invoking command in '/home/tejas/Desktop/PendulumAss/assWS/build/custom_msgs': CMAKE_PREFIX_PATH=/opt/ros/foxy /usr/bin/cmake --build /home/tejas/Desktop/PendulumAss/assWS/build/custom_msgs -- -j4 -l4
[4.196s] DEBUG:colcon.colcon_core.event_handler.log_command:Invoked command in '/home/tejas/Desktop/PendulumAss/assWS/build/custom_msgs' returned '0': CMAKE_PREFIX_PATH=/opt/ros/foxy /usr/bin/cmake --build /home/tejas/Desktop/PendulumAss/assWS/build/custom_msgs -- -j4 -l4
[4.258s] DEBUG:colcon.colcon_core.event_handler.log_command:Invoking command in '/home/tejas/Desktop/PendulumAss/assWS/build/custom_msgs': CMAKE_PREFIX_PATH=/opt/ros/foxy /usr/bin/cmake --install /home/tejas/Desktop/PendulumAss/assWS/build/custom_msgs
[4.750s] Level 1:colcon.colcon_core.environment:create_environment_scripts_only(custom_msgs)
[4.750s] Level 1:colcon.colcon_core.environment:checking '/home/tejas/Desktop/PendulumAss/assWS/install/custom_msgs' for CMake module files
[4.750s] DEBUG:colcon.colcon_core.event_handler.log_command:Invoked command in '/home/tejas/Desktop/PendulumAss/assWS/build/custom_msgs' returned '0': CMAKE_PREFIX_PATH=/opt/ros/foxy /usr/bin/cmake --install /home/tejas/Desktop/PendulumAss/assWS/build/custom_msgs
[4.751s] Level 1:colcon.colcon_core.environment:checking '/home/tejas/Desktop/PendulumAss/assWS/install/custom_msgs' for CMake config files
[4.751s] Level 1:colcon.colcon_core.shell:create_environment_hook('custom_msgs', 'cmake_prefix_path')
[4.751s] INFO:colcon.colcon_core.shell:Creating environment hook '/home/tejas/Desktop/PendulumAss/assWS/install/custom_msgs/share/custom_msgs/hook/cmake_prefix_path.ps1'
[4.751s] INFO:colcon.colcon_core.shell:Creating environment descriptor '/home/tejas/Desktop/PendulumAss/assWS/install/custom_msgs/share/custom_msgs/hook/cmake_prefix_path.dsv'
[4.752s] INFO:colcon.colcon_core.shell:Creating environment hook '/home/tejas/Desktop/PendulumAss/assWS/install/custom_msgs/share/custom_msgs/hook/cmake_prefix_path.sh'
[4.752s] Level 1:colcon.colcon_core.environment:checking '/home/tejas/Desktop/PendulumAss/assWS/install/custom_msgs/lib'
[4.752s] Level 1:colcon.colcon_core.shell:create_environment_hook('custom_msgs', 'ld_library_path_lib')
[4.752s] INFO:colcon.colcon_core.shell:Creating environment hook '/home/tejas/Desktop/PendulumAss/assWS/install/custom_msgs/share/custom_msgs/hook/ld_library_path_lib.ps1'
[4.752s] INFO:colcon.colcon_core.shell:Creating environment descriptor '/home/tejas/Desktop/PendulumAss/assWS/install/custom_msgs/share/custom_msgs/hook/ld_library_path_lib.dsv'
[4.753s] INFO:colcon.colcon_core.shell:Creating environment hook '/home/tejas/Desktop/PendulumAss/assWS/install/custom_msgs/share/custom_msgs/hook/ld_library_path_lib.sh'
[4.753s] Level 1:colcon.colcon_core.environment:checking '/home/tejas/Desktop/PendulumAss/assWS/install/custom_msgs/bin'
[4.753s] Level 1:colcon.colcon_core.environment:checking '/home/tejas/Desktop/PendulumAss/assWS/install/custom_msgs/lib/pkgconfig/custom_msgs.pc'
[4.753s] Level 1:colcon.colcon_core.environment:checking '/home/tejas/Desktop/PendulumAss/assWS/install/custom_msgs/lib/python3.8/site-packages'
[4.753s] Level 1:colcon.colcon_core.shell:create_environment_hook('custom_msgs', 'pythonpath')
[4.753s] INFO:colcon.colcon_core.shell:Creating environment hook '/home/tejas/Desktop/PendulumAss/assWS/install/custom_msgs/share/custom_msgs/hook/pythonpath.ps1'
[4.753s] INFO:colcon.colcon_core.shell:Creating environment descriptor '/home/tejas/Desktop/PendulumAss/assWS/install/custom_msgs/share/custom_msgs/hook/pythonpath.dsv'
[4.754s] INFO:colcon.colcon_core.shell:Creating environment hook '/home/tejas/Desktop/PendulumAss/assWS/install/custom_msgs/share/custom_msgs/hook/pythonpath.sh'
[4.754s] Level 1:colcon.colcon_core.environment:checking '/home/tejas/Desktop/PendulumAss/assWS/install/custom_msgs/bin'
[4.754s] INFO:colcon.colcon_core.shell:Creating package script '/home/tejas/Desktop/PendulumAss/assWS/install/custom_msgs/share/custom_msgs/package.ps1'
[4.755s] INFO:colcon.colcon_core.shell:Creating package descriptor '/home/tejas/Desktop/PendulumAss/assWS/install/custom_msgs/share/custom_msgs/package.dsv'
[4.755s] INFO:colcon.colcon_core.shell:Creating package script '/home/tejas/Desktop/PendulumAss/assWS/install/custom_msgs/share/custom_msgs/package.sh'
[4.755s] INFO:colcon.colcon_core.shell:Creating package script '/home/tejas/Desktop/PendulumAss/assWS/install/custom_msgs/share/custom_msgs/package.bash'
[4.755s] INFO:colcon.colcon_core.shell:Creating package script '/home/tejas/Desktop/PendulumAss/assWS/install/custom_msgs/share/custom_msgs/package.zsh'
[4.756s] Level 1:colcon.colcon_core.environment:create_file_with_runtime_dependencies(/home/tejas/Desktop/PendulumAss/assWS/install/custom_msgs/share/colcon-core/packages/custom_msgs)
[4.797s] Level 1:colcon.colcon_core.environment:create_environment_scripts_only(custom_msgs)
[4.798s] Level 1:colcon.colcon_core.environment:checking '/home/tejas/Desktop/PendulumAss/assWS/install/custom_msgs' for CMake module files
[4.798s] Level 1:colcon.colcon_core.environment:checking '/home/tejas/Desktop/PendulumAss/assWS/install/custom_msgs' for CMake config files
[4.799s] Level 1:colcon.colcon_core.shell:create_environment_hook('custom_msgs', 'cmake_prefix_path')
[4.799s] INFO:colcon.colcon_core.shell:Creating environment hook '/home/tejas/Desktop/PendulumAss/assWS/install/custom_msgs/share/custom_msgs/hook/cmake_prefix_path.ps1'
[4.800s] INFO:colcon.colcon_core.shell:Creating environment descriptor '/home/tejas/Desktop/PendulumAss/assWS/install/custom_msgs/share/custom_msgs/hook/cmake_prefix_path.dsv'
[4.800s] INFO:colcon.colcon_core.shell:Creating environment hook '/home/tejas/Desktop/PendulumAss/assWS/install/custom_msgs/share/custom_msgs/hook/cmake_prefix_path.sh'
[4.800s] Level 1:colcon.colcon_core.environment:checking '/home/tejas/Desktop/PendulumAss/assWS/install/custom_msgs/lib'
[4.800s] Level 1:colcon.colcon_core.shell:create_environment_hook('custom_msgs', 'ld_library_path_lib')
[4.801s] INFO:colcon.colcon_core.shell:Creating environment hook '/home/tejas/Desktop/PendulumAss/assWS/install/custom_msgs/share/custom_msgs/hook/ld_library_path_lib.ps1'
[4.801s] INFO:colcon.colcon_core.shell:Creating environment descriptor '/home/tejas/Desktop/PendulumAss/assWS/install/custom_msgs/share/custom_msgs/hook/ld_library_path_lib.dsv'
[4.801s] INFO:colcon.colcon_core.shell:Creating environment hook '/home/tejas/Desktop/PendulumAss/assWS/install/custom_msgs/share/custom_msgs/hook/ld_library_path_lib.sh'
[4.801s] Level 1:colcon.colcon_core.environment:checking '/home/tejas/Desktop/PendulumAss/assWS/install/custom_msgs/bin'
[4.801s] Level 1:colcon.colcon_core.environment:checking '/home/tejas/Desktop/PendulumAss/assWS/install/custom_msgs/lib/pkgconfig/custom_msgs.pc'
[4.801s] Level 1:colcon.colcon_core.environment:checking '/home/tejas/Desktop/PendulumAss/assWS/install/custom_msgs/lib/python3.8/site-packages'
[4.801s] Level 1:colcon.colcon_core.shell:create_environment_hook('custom_msgs', 'pythonpath')
[4.802s] INFO:colcon.colcon_core.shell:Creating environment hook '/home/tejas/Desktop/PendulumAss/assWS/install/custom_msgs/share/custom_msgs/hook/pythonpath.ps1'
[4.802s] INFO:colcon.colcon_core.shell:Creating environment descriptor '/home/tejas/Desktop/PendulumAss/assWS/install/custom_msgs/share/custom_msgs/hook/pythonpath.dsv'
[4.802s] INFO:colcon.colcon_core.shell:Creating environment hook '/home/tejas/Desktop/PendulumAss/assWS/install/custom_msgs/share/custom_msgs/hook/pythonpath.sh'
[4.802s] Level 1:colcon.colcon_core.environment:checking '/home/tejas/Desktop/PendulumAss/assWS/install/custom_msgs/bin'
[4.803s] INFO:colcon.colcon_core.shell:Creating package script '/home/tejas/Desktop/PendulumAss/assWS/install/custom_msgs/share/custom_msgs/package.ps1'
[4.803s] INFO:colcon.colcon_core.shell:Creating package descriptor '/home/tejas/Desktop/PendulumAss/assWS/install/custom_msgs/share/custom_msgs/package.dsv'
[4.803s] INFO:colcon.colcon_core.shell:Creating package script '/home/tejas/Desktop/PendulumAss/assWS/install/custom_msgs/share/custom_msgs/package.sh'
[4.804s] INFO:colcon.colcon_core.shell:Creating package script '/home/tejas/Desktop/PendulumAss/assWS/install/custom_msgs/share/custom_msgs/package.bash'
[4.804s] INFO:colcon.colcon_core.shell:Creating package script '/home/tejas/Desktop/PendulumAss/assWS/install/custom_msgs/share/custom_msgs/package.zsh'
[4.804s] Level 1:colcon.colcon_core.environment:create_file_with_runtime_dependencies(/home/tejas/Desktop/PendulumAss/assWS/install/custom_msgs/share/colcon-core/packages/custom_msgs)
[4.804s] DEBUG:colcon.colcon_parallel_executor.executor.parallel:closing loop
[4.805s] DEBUG:colcon.colcon_parallel_executor.executor.parallel:loop closed
[4.805s] DEBUG:colcon.colcon_parallel_executor.executor.parallel:run_until_complete finished with '0'
[4.805s] DEBUG:colcon.colcon_core.event_reactor:joining thread
[4.809s] INFO:colcon.colcon_core.plugin_system:Skipping extension 'colcon_notification.desktop_notification.terminal_notifier': Not used on non-Darwin systems
[4.809s] INFO:colcon.colcon_core.plugin_system:Skipping extension 'colcon_notification.desktop_notification.win32': Not used on non-Windows systems
[4.809s] INFO:colcon.colcon_notification.desktop_notification:Sending desktop notification using 'notify2'
[4.819s] DEBUG:colcon.colcon_core.event_reactor:joined thread
[4.819s] INFO:colcon.colcon_core.shell:Creating prefix script '/home/tejas/Desktop/PendulumAss/assWS/install/local_setup.ps1'
[4.820s] INFO:colcon.colcon_core.shell:Creating prefix util module '/home/tejas/Desktop/PendulumAss/assWS/install/_local_setup_util_ps1.py'
[4.821s] INFO:colcon.colcon_core.shell:Creating prefix chain script '/home/tejas/Desktop/PendulumAss/assWS/install/setup.ps1'
[4.822s] INFO:colcon.colcon_core.shell:Creating prefix script '/home/tejas/Desktop/PendulumAss/assWS/install/local_setup.sh'
[4.822s] INFO:colcon.colcon_core.shell:Creating prefix util module '/home/tejas/Desktop/PendulumAss/assWS/install/_local_setup_util_sh.py'
[4.823s] INFO:colcon.colcon_core.shell:Creating prefix chain script '/home/tejas/Desktop/PendulumAss/assWS/install/setup.sh'
[4.823s] INFO:colcon.colcon_core.shell:Creating prefix script '/home/tejas/Desktop/PendulumAss/assWS/install/local_setup.bash'
[4.824s] INFO:colcon.colcon_core.shell:Creating prefix chain script '/home/tejas/Desktop/PendulumAss/assWS/install/setup.bash'
[4.825s] INFO:colcon.colcon_core.shell:Creating prefix script '/home/tejas/Desktop/PendulumAss/assWS/install/local_setup.zsh'
[4.825s] INFO:colcon.colcon_core.shell:Creating prefix chain script '/home/tejas/Desktop/PendulumAss/assWS/install/setup.zsh'
