[0.154s] DEBUG:colcon:Command line arguments: ['/usr/bin/colcon', 'build', '--symlink-install']
[0.155s] DEBUG:colcon:Parsed command line arguments: Namespace(allow_overriding=[], ament_cmake_args=None, base_paths=['.'], build_base='build', catkin_cmake_args=None, catkin_skip_building_tests=False, cmake_args=None, cmake_clean_cache=False, cmake_clean_first=False, cmake_force_configure=False, cmake_target=None, cmake_target_skip_unavailable=False, continue_on_error=False, event_handlers=None, executor='parallel', ignore_user_meta=False, install_base='install', log_base=None, log_level=None, main=<bound method BuildVerb.main of <colcon_core.verb.build.BuildVerb object at 0x7f6516256520>>, merge_install=False, metas=['./colcon.meta'], mixin=None, mixin_files=None, mixin_verb=('build',), packages_above=None, packages_above_and_dependencies=None, packages_above_depth=None, packages_end=None, packages_ignore=None, packages_ignore_regex=None, packages_select=None, packages_select_build_failed=False, packages_select_by_dep=None, packages_select_regex=None, packages_select_test_failures=False, packages_skip=None, packages_skip_build_finished=False, packages_skip_by_dep=None, packages_skip_regex=None, packages_skip_test_passed=False, packages_skip_up_to=None, packages_start=None, packages_up_to=None, packages_up_to_regex=None, parallel_workers=4, paths=None, symlink_install=True, test_result_base=None, verb_extension=<colcon_core.verb.build.BuildVerb object at 0x7f6516256520>, verb_name='build', verb_parser=<colcon_mixin.mixin.mixin_argument.MixinArgumentDecorator object at 0x7f6516192400>)
[0.271s] Level 1:colcon.colcon_core.package_discovery:discover_packages(colcon_meta) check parameters
[0.271s] Level 1:colcon.colcon_core.package_discovery:discover_packages(recursive) check parameters
[0.271s] Level 1:colcon.colcon_core.package_discovery:discover_packages(ignore) check parameters
[0.271s] Level 1:colcon.colcon_core.package_discovery:discover_packages(path) check parameters
[0.271s] Level 1:colcon.colcon_core.package_discovery:discover_packages(colcon_meta) discover
[0.271s] Level 1:colcon.colcon_core.package_discovery:discover_packages(recursive) discover
[0.271s] INFO:colcon.colcon_core.package_discovery:Crawling recursively for packages in '/home/tejas/Desktop/PendulumAss/assWS'
[0.271s] Level 1:colcon.colcon_core.package_identification:_identify(.) by extensions ['ignore', 'ignore_ament_install']
[0.272s] Level 1:colcon.colcon_core.package_identification:_identify(.) by extension 'ignore'
[0.272s] Level 1:colcon.colcon_core.package_identification:_identify(.) by extension 'ignore_ament_install'
[0.272s] Level 1:colcon.colcon_core.package_identification:_identify(.) by extensions ['colcon_pkg']
[0.272s] Level 1:colcon.colcon_core.package_identification:_identify(.) by extension 'colcon_pkg'
[0.272s] Level 1:colcon.colcon_core.package_identification:_identify(.) by extensions ['colcon_meta']
[0.272s] Level 1:colcon.colcon_core.package_identification:_identify(.) by extension 'colcon_meta'
[0.272s] Level 1:colcon.colcon_core.package_identification:_identify(.) by extensions ['ros']
[0.272s] Level 1:colcon.colcon_core.package_identification:_identify(.) by extension 'ros'
[0.285s] Level 1:colcon.colcon_core.package_identification:_identify(.) by extensions ['cmake', 'python']
[0.285s] Level 1:colcon.colcon_core.package_identification:_identify(.) by extension 'cmake'
[0.285s] Level 1:colcon.colcon_core.package_identification:_identify(.) by extension 'python'
[0.285s] Level 1:colcon.colcon_core.package_identification:_identify(.) by extensions ['python_setup_py']
[0.285s] Level 1:colcon.colcon_core.package_identification:_identify(.) by extension 'python_setup_py'
[0.285s] Level 1:colcon.colcon_core.package_identification:_identify(build) by extensions ['ignore', 'ignore_ament_install']
[0.285s] Level 1:colcon.colcon_core.package_identification:_identify(build) by extension 'ignore'
[0.285s] Level 1:colcon.colcon_core.package_identification:_identify(build) ignored
[0.285s] Level 1:colcon.colcon_core.package_identification:_identify(install) by extensions ['ignore', 'ignore_ament_install']
[0.286s] Level 1:colcon.colcon_core.package_identification:_identify(install) by extension 'ignore'
[0.286s] Level 1:colcon.colcon_core.package_identification:_identify(install) ignored
[0.286s] Level 1:colcon.colcon_core.package_identification:_identify(log) by extensions ['ignore', 'ignore_ament_install']
[0.286s] Level 1:colcon.colcon_core.package_identification:_identify(log) by extension 'ignore'
[0.286s] Level 1:colcon.colcon_core.package_identification:_identify(log) ignored
[0.286s] Level 1:colcon.colcon_core.package_identification:_identify(src) by extensions ['ignore', 'ignore_ament_install']
[0.286s] Level 1:colcon.colcon_core.package_identification:_identify(src) by extension 'ignore'
[0.286s] Level 1:colcon.colcon_core.package_identification:_identify(src) by extension 'ignore_ament_install'
[0.286s] Level 1:colcon.colcon_core.package_identification:_identify(src) by extensions ['colcon_pkg']
[0.286s] Level 1:colcon.colcon_core.package_identification:_identify(src) by extension 'colcon_pkg'
[0.286s] Level 1:colcon.colcon_core.package_identification:_identify(src) by extensions ['colcon_meta']
[0.286s] Level 1:colcon.colcon_core.package_identification:_identify(src) by extension 'colcon_meta'
[0.286s] Level 1:colcon.colcon_core.package_identification:_identify(src) by extensions ['ros']
[0.286s] Level 1:colcon.colcon_core.package_identification:_identify(src) by extension 'ros'
[0.286s] Level 1:colcon.colcon_core.package_identification:_identify(src) by extensions ['cmake', 'python']
[0.286s] Level 1:colcon.colcon_core.package_identification:_identify(src) by extension 'cmake'
[0.286s] Level 1:colcon.colcon_core.package_identification:_identify(src) by extension 'python'
[0.286s] Level 1:colcon.colcon_core.package_identification:_identify(src) by extensions ['python_setup_py']
[0.286s] Level 1:colcon.colcon_core.package_identification:_identify(src) by extension 'python_setup_py'
[0.287s] Level 1:colcon.colcon_core.package_identification:_identify(src/pendulum-problems-ros2) by extensions ['ignore', 'ignore_ament_install']
[0.287s] Level 1:colcon.colcon_core.package_identification:_identify(src/pendulum-problems-ros2) by extension 'ignore'
[0.287s] Level 1:colcon.colcon_core.package_identification:_identify(src/pendulum-problems-ros2) by extension 'ignore_ament_install'
[0.287s] Level 1:colcon.colcon_core.package_identification:_identify(src/pendulum-problems-ros2) by extensions ['colcon_pkg']
[0.287s] Level 1:colcon.colcon_core.package_identification:_identify(src/pendulum-problems-ros2) by extension 'colcon_pkg'
[0.287s] Level 1:colcon.colcon_core.package_identification:_identify(src/pendulum-problems-ros2) by extensions ['colcon_meta']
[0.287s] Level 1:colcon.colcon_core.package_identification:_identify(src/pendulum-problems-ros2) by extension 'colcon_meta'
[0.287s] Level 1:colcon.colcon_core.package_identification:_identify(src/pendulum-problems-ros2) by extensions ['ros']
[0.287s] Level 1:colcon.colcon_core.package_identification:_identify(src/pendulum-problems-ros2) by extension 'ros'
[0.287s] Level 1:colcon.colcon_core.package_identification:_identify(src/pendulum-problems-ros2) by extensions ['cmake', 'python']
[0.287s] Level 1:colcon.colcon_core.package_identification:_identify(src/pendulum-problems-ros2) by extension 'cmake'
[0.287s] Level 1:colcon.colcon_core.package_identification:_identify(src/pendulum-problems-ros2) by extension 'python'
[0.287s] Level 1:colcon.colcon_core.package_identification:_identify(src/pendulum-problems-ros2) by extensions ['python_setup_py']
[0.287s] Level 1:colcon.colcon_core.package_identification:_identify(src/pendulum-problems-ros2) by extension 'python_setup_py'
[0.287s] Level 1:colcon.colcon_core.package_identification:_identify(src/pendulum-problems-ros2/build) by extensions ['ignore', 'ignore_ament_install']
[0.287s] Level 1:colcon.colcon_core.package_identification:_identify(src/pendulum-problems-ros2/build) by extension 'ignore'
[0.287s] Level 1:colcon.colcon_core.package_identification:_identify(src/pendulum-problems-ros2/build) ignored
[0.287s] Level 1:colcon.colcon_core.package_identification:_identify(src/pendulum-problems-ros2/custom_msgs) by extensions ['ignore', 'ignore_ament_install']
[0.287s] Level 1:colcon.colcon_core.package_identification:_identify(src/pendulum-problems-ros2/custom_msgs) by extension 'ignore'
[0.287s] Level 1:colcon.colcon_core.package_identification:_identify(src/pendulum-problems-ros2/custom_msgs) by extension 'ignore_ament_install'
[0.288s] Level 1:colcon.colcon_core.package_identification:_identify(src/pendulum-problems-ros2/custom_msgs) by extensions ['colcon_pkg']
[0.288s] Level 1:colcon.colcon_core.package_identification:_identify(src/pendulum-problems-ros2/custom_msgs) by extension 'colcon_pkg'
[0.288s] Level 1:colcon.colcon_core.package_identification:_identify(src/pendulum-problems-ros2/custom_msgs) by extensions ['colcon_meta']
[0.288s] Level 1:colcon.colcon_core.package_identification:_identify(src/pendulum-problems-ros2/custom_msgs) by extension 'colcon_meta'
[0.288s] Level 1:colcon.colcon_core.package_identification:_identify(src/pendulum-problems-ros2/custom_msgs) by extensions ['ros']
[0.288s] Level 1:colcon.colcon_core.package_identification:_identify(src/pendulum-problems-ros2/custom_msgs) by extension 'ros'
[0.291s] DEBUG:colcon.colcon_core.package_identification:Package 'src/pendulum-problems-ros2/custom_msgs' with type 'ros.ament_cmake' and name 'custom_msgs'
[0.291s] Level 1:colcon.colcon_core.package_identification:_identify(src/pendulum-problems-ros2/install) by extensions ['ignore', 'ignore_ament_install']
[0.291s] Level 1:colcon.colcon_core.package_identification:_identify(src/pendulum-problems-ros2/install) by extension 'ignore'
[0.291s] Level 1:colcon.colcon_core.package_identification:_identify(src/pendulum-problems-ros2/install) ignored
[0.291s] Level 1:colcon.colcon_core.package_identification:_identify(src/pendulum-problems-ros2/log) by extensions ['ignore', 'ignore_ament_install']
[0.291s] Level 1:colcon.colcon_core.package_identification:_identify(src/pendulum-problems-ros2/log) by extension 'ignore'
[0.291s] Level 1:colcon.colcon_core.package_identification:_identify(src/pendulum-problems-ros2/log) ignored
[0.291s] Level 1:colcon.colcon_core.package_identification:_identify(src/pendulum-problems-ros2/single_inverted) by extensions ['ignore', 'ignore_ament_install']
[0.291s] Level 1:colcon.colcon_core.package_identification:_identify(src/pendulum-problems-ros2/single_inverted) by extension 'ignore'
[0.291s] Level 1:colcon.colcon_core.package_identification:_identify(src/pendulum-problems-ros2/single_inverted) by extension 'ignore_ament_install'
[0.291s] Level 1:colcon.colcon_core.package_identification:_identify(src/pendulum-problems-ros2/single_inverted) by extensions ['colcon_pkg']
[0.291s] Level 1:colcon.colcon_core.package_identification:_identify(src/pendulum-problems-ros2/single_inverted) by extension 'colcon_pkg'
[0.291s] Level 1:colcon.colcon_core.package_identification:_identify(src/pendulum-problems-ros2/single_inverted) by extensions ['colcon_meta']
[0.291s] Level 1:colcon.colcon_core.package_identification:_identify(src/pendulum-problems-ros2/single_inverted) by extension 'colcon_meta'
[0.291s] Level 1:colcon.colcon_core.package_identification:_identify(src/pendulum-problems-ros2/single_inverted) by extensions ['ros']
[0.291s] Level 1:colcon.colcon_core.package_identification:_identify(src/pendulum-problems-ros2/single_inverted) by extension 'ros'
[0.292s] DEBUG:colcon.colcon_core.package_identification:Package 'src/pendulum-problems-ros2/single_inverted' with type 'ros.ament_python' and name 'single_inverted'
[0.292s] Level 1:colcon.colcon_core.package_identification:_identify(src/pendulum-problems-ros2/videos) by extensions ['ignore', 'ignore_ament_install']
[0.292s] Level 1:colcon.colcon_core.package_identification:_identify(src/pendulum-problems-ros2/videos) by extension 'ignore'
[0.292s] Level 1:colcon.colcon_core.package_identification:_identify(src/pendulum-problems-ros2/videos) by extension 'ignore_ament_install'
[0.292s] Level 1:colcon.colcon_core.package_identification:_identify(src/pendulum-problems-ros2/videos) by extensions ['colcon_pkg']
[0.292s] Level 1:colcon.colcon_core.package_identification:_identify(src/pendulum-problems-ros2/videos) by extension 'colcon_pkg'
[0.292s] Level 1:colcon.colcon_core.package_identification:_identify(src/pendulum-problems-ros2/videos) by extensions ['colcon_meta']
[0.292s] Level 1:colcon.colcon_core.package_identification:_identify(src/pendulum-problems-ros2/videos) by extension 'colcon_meta'
[0.292s] Level 1:colcon.colcon_core.package_identification:_identify(src/pendulum-problems-ros2/videos) by extensions ['ros']
[0.292s] Level 1:colcon.colcon_core.package_identification:_identify(src/pendulum-problems-ros2/videos) by extension 'ros'
[0.292s] Level 1:colcon.colcon_core.package_identification:_identify(src/pendulum-problems-ros2/videos) by extensions ['cmake', 'python']
[0.293s] Level 1:colcon.colcon_core.package_identification:_identify(src/pendulum-problems-ros2/videos) by extension 'cmake'
[0.293s] Level 1:colcon.colcon_core.package_identification:_identify(src/pendulum-problems-ros2/videos) by extension 'python'
[0.293s] Level 1:colcon.colcon_core.package_identification:_identify(src/pendulum-problems-ros2/videos) by extensions ['python_setup_py']
[0.293s] Level 1:colcon.colcon_core.package_identification:_identify(src/pendulum-problems-ros2/videos) by extension 'python_setup_py'
[0.293s] Level 1:colcon.colcon_core.package_discovery:discover_packages(recursive) using defaults
[0.293s] Level 1:colcon.colcon_core.package_discovery:discover_packages(ignore) discover
[0.293s] Level 1:colcon.colcon_core.package_discovery:discover_packages(ignore) using defaults
[0.293s] Level 1:colcon.colcon_core.package_discovery:discover_packages(path) discover
[0.293s] Level 1:colcon.colcon_core.package_discovery:discover_packages(path) using defaults
[0.309s] Level 1:colcon.colcon_core.package_discovery:discover_packages(prefix_path) check parameters
[0.309s] Level 1:colcon.colcon_core.package_discovery:discover_packages(prefix_path) discover
[0.311s] DEBUG:colcon.colcon_installed_package_information.package_discovery:Found 2 installed packages in /home/tejas/Desktop/PendulumAss/assWS/install
[0.313s] DEBUG:colcon.colcon_installed_package_information.package_discovery:Found 256 installed packages in /opt/ros/foxy
[0.315s] Level 1:colcon.colcon_core.package_discovery:discover_packages(prefix_path) using defaults
[0.407s] Level 5:colcon.colcon_core.verb:set package 'custom_msgs' build argument 'cmake_args' from command line to 'None'
[0.407s] Level 5:colcon.colcon_core.verb:set package 'custom_msgs' build argument 'cmake_target' from command line to 'None'
[0.407s] Level 5:colcon.colcon_core.verb:set package 'custom_msgs' build argument 'cmake_target_skip_unavailable' from command line to 'False'
[0.407s] Level 5:colcon.colcon_core.verb:set package 'custom_msgs' build argument 'cmake_clean_cache' from command line to 'False'
[0.407s] Level 5:colcon.colcon_core.verb:set package 'custom_msgs' build argument 'cmake_clean_first' from command line to 'False'
[0.407s] Level 5:colcon.colcon_core.verb:set package 'custom_msgs' build argument 'cmake_force_configure' from command line to 'False'
[0.407s] Level 5:colcon.colcon_core.verb:set package 'custom_msgs' build argument 'ament_cmake_args' from command line to 'None'
[0.407s] Level 5:colcon.colcon_core.verb:set package 'custom_msgs' build argument 'catkin_cmake_args' from command line to 'None'
[0.407s] Level 5:colcon.colcon_core.verb:set package 'custom_msgs' build argument 'catkin_skip_building_tests' from command line to 'False'
[0.407s] DEBUG:colcon.colcon_core.verb:Building package 'custom_msgs' with the following arguments: {'ament_cmake_args': None, 'build_base': '/home/tejas/Desktop/PendulumAss/assWS/build/custom_msgs', 'catkin_cmake_args': None, 'catkin_skip_building_tests': False, 'cmake_args': None, 'cmake_clean_cache': False, 'cmake_clean_first': False, 'cmake_force_configure': False, 'cmake_target': None, 'cmake_target_skip_unavailable': False, 'install_base': '/home/tejas/Desktop/PendulumAss/assWS/install/custom_msgs', 'merge_install': False, 'path': '/home/tejas/Desktop/PendulumAss/assWS/src/pendulum-problems-ros2/custom_msgs', 'symlink_install': True, 'test_result_base': None}
[0.407s] Level 5:colcon.colcon_core.verb:set package 'single_inverted' build argument 'cmake_args' from command line to 'None'
[0.407s] Level 5:colcon.colcon_core.verb:set package 'single_inverted' build argument 'cmake_target' from command line to 'None'
[0.407s] Level 5:colcon.colcon_core.verb:set package 'single_inverted' build argument 'cmake_target_skip_unavailable' from command line to 'False'
[0.407s] Level 5:colcon.colcon_core.verb:set package 'single_inverted' build argument 'cmake_clean_cache' from command line to 'False'
[0.407s] Level 5:colcon.colcon_core.verb:set package 'single_inverted' build argument 'cmake_clean_first' from command line to 'False'
[0.408s] Level 5:colcon.colcon_core.verb:set package 'single_inverted' build argument 'cmake_force_configure' from command line to 'False'
[0.408s] Level 5:colcon.colcon_core.verb:set package 'single_inverted' build argument 'ament_cmake_args' from command line to 'None'
[0.408s] Level 5:colcon.colcon_core.verb:set package 'single_inverted' build argument 'catkin_cmake_args' from command line to 'None'
[0.408s] Level 5:colcon.colcon_core.verb:set package 'single_inverted' build argument 'catkin_skip_building_tests' from command line to 'False'
[0.408s] DEBUG:colcon.colcon_core.verb:Building package 'single_inverted' with the following arguments: {'ament_cmake_args': None, 'build_base': '/home/tejas/Desktop/PendulumAss/assWS/build/single_inverted', 'catkin_cmake_args': None, 'catkin_skip_building_tests': False, 'cmake_args': None, 'cmake_clean_cache': False, 'cmake_clean_first': False, 'cmake_force_configure': False, 'cmake_target': None, 'cmake_target_skip_unavailable': False, 'install_base': '/home/tejas/Desktop/PendulumAss/assWS/install/single_inverted', 'merge_install': False, 'path': '/home/tejas/Desktop/PendulumAss/assWS/src/pendulum-problems-ros2/single_inverted', 'symlink_install': True, 'test_result_base': None}
[0.408s] INFO:colcon.colcon_core.executor:Executing jobs using 'parallel' executor
[0.408s] DEBUG:colcon.colcon_parallel_executor.executor.parallel:run_until_complete
[0.409s] INFO:colcon.colcon_ros.task.ament_cmake.build:Building ROS package in '/home/tejas/Desktop/PendulumAss/assWS/src/pendulum-problems-ros2/custom_msgs' with build type 'ament_cmake'
[0.409s] INFO:colcon.colcon_cmake.task.cmake.build:Building CMake package in '/home/tejas/Desktop/PendulumAss/assWS/src/pendulum-problems-ros2/custom_msgs'
[0.411s] INFO:colcon.colcon_core.plugin_system:Skipping extension 'colcon_core.shell.bat': Not used on non-Windows systems
[0.412s] INFO:colcon.colcon_core.shell:Skip shell extension 'powershell' for command environment: Not usable outside of PowerShell
[0.412s] DEBUG:colcon.colcon_core.shell:Skip shell extension 'dsv' for command environment
[0.417s] INFO:colcon.colcon_ros.task.ament_python.build:Building ROS package in '/home/tejas/Desktop/PendulumAss/assWS/src/pendulum-problems-ros2/single_inverted' with build type 'ament_python'
[0.417s] Level 1:colcon.colcon_core.shell:create_environment_hook('single_inverted', 'ament_prefix_path')
[0.418s] INFO:colcon.colcon_core.shell:Creating environment hook '/home/tejas/Desktop/PendulumAss/assWS/install/single_inverted/share/single_inverted/hook/ament_prefix_path.ps1'
[0.419s] INFO:colcon.colcon_core.shell:Creating environment descriptor '/home/tejas/Desktop/PendulumAss/assWS/install/single_inverted/share/single_inverted/hook/ament_prefix_path.dsv'
[0.420s] INFO:colcon.colcon_core.shell:Creating environment hook '/home/tejas/Desktop/PendulumAss/assWS/install/single_inverted/share/single_inverted/hook/ament_prefix_path.sh'
[0.421s] INFO:colcon.colcon_core.shell:Skip shell extension 'powershell' for command environment: Not usable outside of PowerShell
[0.421s] DEBUG:colcon.colcon_core.shell:Skip shell extension 'dsv' for command environment
[0.436s] DEBUG:colcon.colcon_core.event_handler.log_command:Invoking command in '/home/tejas/Desktop/PendulumAss/assWS/build/custom_msgs': CMAKE_PREFIX_PATH=${CMAKE_PREFIX_PATH}:/home/tejas/Desktop/PendulumAss/assWS/install/single_inverted:/opt/ros/foxy /usr/bin/cmake --build /home/tejas/Desktop/PendulumAss/assWS/build/custom_msgs -- -j4 -l4
[0.661s] INFO:colcon.colcon_core.task.python.build:Building Python package in '/home/tejas/Desktop/PendulumAss/assWS/src/pendulum-problems-ros2/single_inverted'
[0.662s] INFO:colcon.colcon_core.shell:Skip shell extension 'powershell' for command environment: Not usable outside of PowerShell
[0.662s] DEBUG:colcon.colcon_core.shell:Skip shell extension 'dsv' for command environment
[0.724s] DEBUG:colcon.colcon_core.event_handler.log_command:Invoked command in '/home/tejas/Desktop/PendulumAss/assWS/build/custom_msgs' returned '0': CMAKE_PREFIX_PATH=${CMAKE_PREFIX_PATH}:/home/tejas/Desktop/PendulumAss/assWS/install/single_inverted:/opt/ros/foxy /usr/bin/cmake --build /home/tejas/Desktop/PendulumAss/assWS/build/custom_msgs -- -j4 -l4
[0.802s] DEBUG:colcon.colcon_core.event_handler.log_command:Invoking command in '/home/tejas/Desktop/PendulumAss/assWS/build/custom_msgs': CMAKE_PREFIX_PATH=${CMAKE_PREFIX_PATH}:/home/tejas/Desktop/PendulumAss/assWS/install/single_inverted:/opt/ros/foxy /usr/bin/cmake --install /home/tejas/Desktop/PendulumAss/assWS/build/custom_msgs
[0.898s] Level 1:colcon.colcon_core.environment:create_environment_scripts_only(custom_msgs)
[0.903s] Level 1:colcon.colcon_core.environment:checking '/home/tejas/Desktop/PendulumAss/assWS/install/custom_msgs' for CMake module files
[0.903s] DEBUG:colcon.colcon_core.event_handler.log_command:Invoked command in '/home/tejas/Desktop/PendulumAss/assWS/build/custom_msgs' returned '0': CMAKE_PREFIX_PATH=${CMAKE_PREFIX_PATH}:/home/tejas/Desktop/PendulumAss/assWS/install/single_inverted:/opt/ros/foxy /usr/bin/cmake --install /home/tejas/Desktop/PendulumAss/assWS/build/custom_msgs
[0.904s] Level 1:colcon.colcon_core.environment:checking '/home/tejas/Desktop/PendulumAss/assWS/install/custom_msgs' for CMake config files
[0.904s] Level 1:colcon.colcon_core.shell:create_environment_hook('custom_msgs', 'cmake_prefix_path')
[0.904s] INFO:colcon.colcon_core.shell:Creating environment hook '/home/tejas/Desktop/PendulumAss/assWS/install/custom_msgs/share/custom_msgs/hook/cmake_prefix_path.ps1'
[0.905s] INFO:colcon.colcon_core.shell:Creating environment descriptor '/home/tejas/Desktop/PendulumAss/assWS/install/custom_msgs/share/custom_msgs/hook/cmake_prefix_path.dsv'
[0.905s] INFO:colcon.colcon_core.shell:Creating environment hook '/home/tejas/Desktop/PendulumAss/assWS/install/custom_msgs/share/custom_msgs/hook/cmake_prefix_path.sh'
[0.906s] Level 1:colcon.colcon_core.environment:checking '/home/tejas/Desktop/PendulumAss/assWS/install/custom_msgs/lib'
[0.906s] Level 1:colcon.colcon_core.shell:create_environment_hook('custom_msgs', 'ld_library_path_lib')
[0.906s] INFO:colcon.colcon_core.shell:Creating environment hook '/home/tejas/Desktop/PendulumAss/assWS/install/custom_msgs/share/custom_msgs/hook/ld_library_path_lib.ps1'
[0.907s] INFO:colcon.colcon_core.shell:Creating environment descriptor '/home/tejas/Desktop/PendulumAss/assWS/install/custom_msgs/share/custom_msgs/hook/ld_library_path_lib.dsv'
[0.907s] INFO:colcon.colcon_core.shell:Creating environment hook '/home/tejas/Desktop/PendulumAss/assWS/install/custom_msgs/share/custom_msgs/hook/ld_library_path_lib.sh'
[0.907s] Level 1:colcon.colcon_core.environment:checking '/home/tejas/Desktop/PendulumAss/assWS/install/custom_msgs/bin'
[0.908s] Level 1:colcon.colcon_core.environment:checking '/home/tejas/Desktop/PendulumAss/assWS/install/custom_msgs/lib/pkgconfig/custom_msgs.pc'
[0.908s] Level 1:colcon.colcon_core.environment:checking '/home/tejas/Desktop/PendulumAss/assWS/install/custom_msgs/lib/python3.8/site-packages'
[0.908s] Level 1:colcon.colcon_core.shell:create_environment_hook('custom_msgs', 'pythonpath')
[0.908s] INFO:colcon.colcon_core.shell:Creating environment hook '/home/tejas/Desktop/PendulumAss/assWS/install/custom_msgs/share/custom_msgs/hook/pythonpath.ps1'
[0.908s] INFO:colcon.colcon_core.shell:Creating environment descriptor '/home/tejas/Desktop/PendulumAss/assWS/install/custom_msgs/share/custom_msgs/hook/pythonpath.dsv'
[0.909s] INFO:colcon.colcon_core.shell:Creating environment hook '/home/tejas/Desktop/PendulumAss/assWS/install/custom_msgs/share/custom_msgs/hook/pythonpath.sh'
[0.909s] Level 1:colcon.colcon_core.environment:checking '/home/tejas/Desktop/PendulumAss/assWS/install/custom_msgs/bin'
[0.910s] INFO:colcon.colcon_core.shell:Creating package script '/home/tejas/Desktop/PendulumAss/assWS/install/custom_msgs/share/custom_msgs/package.ps1'
[0.911s] INFO:colcon.colcon_core.shell:Creating package descriptor '/home/tejas/Desktop/PendulumAss/assWS/install/custom_msgs/share/custom_msgs/package.dsv'
[0.912s] INFO:colcon.colcon_core.shell:Creating package script '/home/tejas/Desktop/PendulumAss/assWS/install/custom_msgs/share/custom_msgs/package.sh'
[0.913s] INFO:colcon.colcon_core.shell:Creating package script '/home/tejas/Desktop/PendulumAss/assWS/install/custom_msgs/share/custom_msgs/package.bash'
[0.915s] INFO:colcon.colcon_core.shell:Creating package script '/home/tejas/Desktop/PendulumAss/assWS/install/custom_msgs/share/custom_msgs/package.zsh'
[0.916s] Level 1:colcon.colcon_core.environment:create_file_with_runtime_dependencies(/home/tejas/Desktop/PendulumAss/assWS/install/custom_msgs/share/colcon-core/packages/custom_msgs)
[0.956s] Level 1:colcon.colcon_core.environment:create_environment_scripts_only(custom_msgs)
[0.956s] Level 1:colcon.colcon_core.environment:checking '/home/tejas/Desktop/PendulumAss/assWS/install/custom_msgs' for CMake module files
[0.956s] Level 1:colcon.colcon_core.environment:checking '/home/tejas/Desktop/PendulumAss/assWS/install/custom_msgs' for CMake config files
[0.957s] Level 1:colcon.colcon_core.shell:create_environment_hook('custom_msgs', 'cmake_prefix_path')
[0.957s] INFO:colcon.colcon_core.shell:Creating environment hook '/home/tejas/Desktop/PendulumAss/assWS/install/custom_msgs/share/custom_msgs/hook/cmake_prefix_path.ps1'
[0.957s] INFO:colcon.colcon_core.shell:Creating environment descriptor '/home/tejas/Desktop/PendulumAss/assWS/install/custom_msgs/share/custom_msgs/hook/cmake_prefix_path.dsv'
[0.957s] INFO:colcon.colcon_core.shell:Creating environment hook '/home/tejas/Desktop/PendulumAss/assWS/install/custom_msgs/share/custom_msgs/hook/cmake_prefix_path.sh'
[0.958s] Level 1:colcon.colcon_core.environment:checking '/home/tejas/Desktop/PendulumAss/assWS/install/custom_msgs/lib'
[0.958s] Level 1:colcon.colcon_core.shell:create_environment_hook('custom_msgs', 'ld_library_path_lib')
[0.958s] INFO:colcon.colcon_core.shell:Creating environment hook '/home/tejas/Desktop/PendulumAss/assWS/install/custom_msgs/share/custom_msgs/hook/ld_library_path_lib.ps1'
[0.959s] INFO:colcon.colcon_core.shell:Creating environment descriptor '/home/tejas/Desktop/PendulumAss/assWS/install/custom_msgs/share/custom_msgs/hook/ld_library_path_lib.dsv'
[0.959s] INFO:colcon.colcon_core.shell:Creating environment hook '/home/tejas/Desktop/PendulumAss/assWS/install/custom_msgs/share/custom_msgs/hook/ld_library_path_lib.sh'
[0.959s] Level 1:colcon.colcon_core.environment:checking '/home/tejas/Desktop/PendulumAss/assWS/install/custom_msgs/bin'
[0.959s] Level 1:colcon.colcon_core.environment:checking '/home/tejas/Desktop/PendulumAss/assWS/install/custom_msgs/lib/pkgconfig/custom_msgs.pc'
[0.959s] Level 1:colcon.colcon_core.environment:checking '/home/tejas/Desktop/PendulumAss/assWS/install/custom_msgs/lib/python3.8/site-packages'
[0.959s] Level 1:colcon.colcon_core.shell:create_environment_hook('custom_msgs', 'pythonpath')
[0.960s] INFO:colcon.colcon_core.shell:Creating environment hook '/home/tejas/Desktop/PendulumAss/assWS/install/custom_msgs/share/custom_msgs/hook/pythonpath.ps1'
[0.960s] INFO:colcon.colcon_core.shell:Creating environment descriptor '/home/tejas/Desktop/PendulumAss/assWS/install/custom_msgs/share/custom_msgs/hook/pythonpath.dsv'
[0.960s] INFO:colcon.colcon_core.shell:Creating environment hook '/home/tejas/Desktop/PendulumAss/assWS/install/custom_msgs/share/custom_msgs/hook/pythonpath.sh'
[0.960s] Level 1:colcon.colcon_core.environment:checking '/home/tejas/Desktop/PendulumAss/assWS/install/custom_msgs/bin'
[0.961s] INFO:colcon.colcon_core.shell:Creating package script '/home/tejas/Desktop/PendulumAss/assWS/install/custom_msgs/share/custom_msgs/package.ps1'
[0.961s] INFO:colcon.colcon_core.shell:Creating package descriptor '/home/tejas/Desktop/PendulumAss/assWS/install/custom_msgs/share/custom_msgs/package.dsv'
[0.961s] INFO:colcon.colcon_core.shell:Creating package script '/home/tejas/Desktop/PendulumAss/assWS/install/custom_msgs/share/custom_msgs/package.sh'
[0.962s] INFO:colcon.colcon_core.shell:Creating package script '/home/tejas/Desktop/PendulumAss/assWS/install/custom_msgs/share/custom_msgs/package.bash'
[0.962s] INFO:colcon.colcon_core.shell:Creating package script '/home/tejas/Desktop/PendulumAss/assWS/install/custom_msgs/share/custom_msgs/package.zsh'
[0.962s] Level 1:colcon.colcon_core.environment:create_file_with_runtime_dependencies(/home/tejas/Desktop/PendulumAss/assWS/install/custom_msgs/share/colcon-core/packages/custom_msgs)
[1.059s] DEBUG:colcon.colcon_core.event_handler.log_command:Invoking command in '/home/tejas/Desktop/PendulumAss/assWS/build/single_inverted': PYTHONPATH=/home/tejas/Desktop/PendulumAss/assWS/build/single_inverted/prefix_override:/home/tejas/Desktop/PendulumAss/assWS/install/single_inverted/lib/python3.8/site-packages:${PYTHONPATH} /usr/bin/python3 -W ignore:setup.py install is deprecated setup.py develop --editable --build-directory /home/tejas/Desktop/PendulumAss/assWS/build/single_inverted/build --no-deps symlink_data
[1.394s] Level 1:colcon.colcon_core.shell:create_environment_hook('single_inverted', 'pythonpath_develop')
[1.394s] INFO:colcon.colcon_core.shell:Creating environment hook '/home/tejas/Desktop/PendulumAss/assWS/build/single_inverted/share/single_inverted/hook/pythonpath_develop.ps1'
[1.395s] DEBUG:colcon.colcon_core.event_handler.log_command:Invoked command in '/home/tejas/Desktop/PendulumAss/assWS/build/single_inverted' returned '0': PYTHONPATH=/home/tejas/Desktop/PendulumAss/assWS/build/single_inverted/prefix_override:/home/tejas/Desktop/PendulumAss/assWS/install/single_inverted/lib/python3.8/site-packages:${PYTHONPATH} /usr/bin/python3 -W ignore:setup.py install is deprecated setup.py develop --editable --build-directory /home/tejas/Desktop/PendulumAss/assWS/build/single_inverted/build --no-deps symlink_data
[1.395s] INFO:colcon.colcon_core.shell:Creating environment descriptor '/home/tejas/Desktop/PendulumAss/assWS/build/single_inverted/share/single_inverted/hook/pythonpath_develop.dsv'
[1.395s] INFO:colcon.colcon_core.shell:Creating environment hook '/home/tejas/Desktop/PendulumAss/assWS/build/single_inverted/share/single_inverted/hook/pythonpath_develop.sh'
[1.396s] Level 1:colcon.colcon_core.environment:checking '/home/tejas/Desktop/PendulumAss/assWS/install/single_inverted' for CMake module files
[1.396s] Level 1:colcon.colcon_core.environment:checking '/home/tejas/Desktop/PendulumAss/assWS/install/single_inverted' for CMake config files
[1.397s] Level 1:colcon.colcon_core.environment:checking '/home/tejas/Desktop/PendulumAss/assWS/install/single_inverted/lib'
[1.397s] Level 1:colcon.colcon_core.environment:checking '/home/tejas/Desktop/PendulumAss/assWS/install/single_inverted/bin'
[1.397s] Level 1:colcon.colcon_core.environment:checking '/home/tejas/Desktop/PendulumAss/assWS/install/single_inverted/lib/pkgconfig/single_inverted.pc'
[1.398s] Level 1:colcon.colcon_core.environment:checking '/home/tejas/Desktop/PendulumAss/assWS/install/single_inverted/lib/python3.8/site-packages'
[1.398s] Level 1:colcon.colcon_core.shell:create_environment_hook('single_inverted', 'pythonpath')
[1.398s] INFO:colcon.colcon_core.shell:Creating environment hook '/home/tejas/Desktop/PendulumAss/assWS/install/single_inverted/share/single_inverted/hook/pythonpath.ps1'
[1.398s] INFO:colcon.colcon_core.shell:Creating environment descriptor '/home/tejas/Desktop/PendulumAss/assWS/install/single_inverted/share/single_inverted/hook/pythonpath.dsv'
[1.398s] INFO:colcon.colcon_core.shell:Creating environment hook '/home/tejas/Desktop/PendulumAss/assWS/install/single_inverted/share/single_inverted/hook/pythonpath.sh'
[1.399s] Level 1:colcon.colcon_core.environment:checking '/home/tejas/Desktop/PendulumAss/assWS/install/single_inverted/bin'
[1.399s] Level 1:colcon.colcon_core.environment:create_environment_scripts_only(single_inverted)
[1.399s] INFO:colcon.colcon_core.shell:Creating package script '/home/tejas/Desktop/PendulumAss/assWS/install/single_inverted/share/single_inverted/package.ps1'
[1.399s] INFO:colcon.colcon_core.shell:Creating package descriptor '/home/tejas/Desktop/PendulumAss/assWS/install/single_inverted/share/single_inverted/package.dsv'
[1.400s] INFO:colcon.colcon_core.shell:Creating package script '/home/tejas/Desktop/PendulumAss/assWS/install/single_inverted/share/single_inverted/package.sh'
[1.400s] INFO:colcon.colcon_core.shell:Creating package script '/home/tejas/Desktop/PendulumAss/assWS/install/single_inverted/share/single_inverted/package.bash'
[1.400s] INFO:colcon.colcon_core.shell:Creating package script '/home/tejas/Desktop/PendulumAss/assWS/install/single_inverted/share/single_inverted/package.zsh'
[1.401s] Level 1:colcon.colcon_core.environment:create_file_with_runtime_dependencies(/home/tejas/Desktop/PendulumAss/assWS/install/single_inverted/share/colcon-core/packages/single_inverted)
[1.401s] DEBUG:colcon.colcon_parallel_executor.executor.parallel:closing loop
[1.401s] DEBUG:colcon.colcon_parallel_executor.executor.parallel:loop closed
[1.401s] DEBUG:colcon.colcon_parallel_executor.executor.parallel:run_until_complete finished with '0'
[1.401s] DEBUG:colcon.colcon_core.event_reactor:joining thread
[1.408s] INFO:colcon.colcon_core.plugin_system:Skipping extension 'colcon_notification.desktop_notification.terminal_notifier': Not used on non-Darwin systems
[1.408s] INFO:colcon.colcon_core.plugin_system:Skipping extension 'colcon_notification.desktop_notification.win32': Not used on non-Windows systems
[1.408s] INFO:colcon.colcon_notification.desktop_notification:Sending desktop notification using 'notify2'
[1.423s] DEBUG:colcon.colcon_core.event_reactor:joined thread
[1.423s] INFO:colcon.colcon_core.shell:Creating prefix script '/home/tejas/Desktop/PendulumAss/assWS/install/local_setup.ps1'
[1.425s] INFO:colcon.colcon_core.shell:Creating prefix util module '/home/tejas/Desktop/PendulumAss/assWS/install/_local_setup_util_ps1.py'
[1.426s] INFO:colcon.colcon_core.shell:Creating prefix chain script '/home/tejas/Desktop/PendulumAss/assWS/install/setup.ps1'
[1.429s] INFO:colcon.colcon_core.shell:Creating prefix script '/home/tejas/Desktop/PendulumAss/assWS/install/local_setup.sh'
[1.430s] INFO:colcon.colcon_core.shell:Creating prefix util module '/home/tejas/Desktop/PendulumAss/assWS/install/_local_setup_util_sh.py'
[1.430s] INFO:colcon.colcon_core.shell:Creating prefix chain script '/home/tejas/Desktop/PendulumAss/assWS/install/setup.sh'
[1.432s] INFO:colcon.colcon_core.shell:Creating prefix script '/home/tejas/Desktop/PendulumAss/assWS/install/local_setup.bash'
[1.433s] INFO:colcon.colcon_core.shell:Creating prefix chain script '/home/tejas/Desktop/PendulumAss/assWS/install/setup.bash'
[1.434s] INFO:colcon.colcon_core.shell:Creating prefix script '/home/tejas/Desktop/PendulumAss/assWS/install/local_setup.zsh'
[1.435s] INFO:colcon.colcon_core.shell:Creating prefix chain script '/home/tejas/Desktop/PendulumAss/assWS/install/setup.zsh'
